<?xml version="1.0" encoding="UTF-8"?>
<testsuite xmlns:xsi="http://www.w3.org/2001/XMLSchema-instance" xsi:noNamespaceSchemaLocation="https://maven.apache.org/surefire/maven-surefire-plugin/xsd/surefire-test-report-3.0.xsd" version="3.0" name="TestSuite" time="27.081" tests="21" errors="0" skipped="0" failures="0">
  <properties>
[...]
</properties>
  <testcase name="deleteUser_responseBodyIsEmpty" classname="com.vinoth.api.tests.users.DeleteUserTests" time="5.952">
    <system-out><![CDATA[10:13:04.213 [main] INFO  com.vinoth.api.config.ConfigManager [] - Configuration loaded | env=qa | baseUrl=https://jsonplaceholder.typicode.com
10:13:04.227 [main] INFO  com.vinoth.api.base.BaseTest [] - ═══ Suite starting | env=qa | baseUrl=https://jsonplaceholder.typicode.com | threads=5 ═══
10:13:04.262 [main] DEBUG com.vinoth.api.base.BaseTest [] - Allure environment.properties written to C:\Users\MAHADEV\api-automation-restassured-ci\allure-results\environment.properties
10:13:05.696 [TestNG-test-User API Tests-1] DEBUG com.vinoth.api.utils.TestDataLoader [] - Loaded 3 records from [testdata/users/valid-users.json]
10:13:06.895 [TestNG-PoolService-2] DEBUG com.vinoth.api.client.ApiClient [] - ApiClient initialised | correlationId=d6e83ba1-6808-4051-a03d-8f3c3261ddc5 | baseUrl=https://jsonplaceholder.typicode.com
10:13:06.895 [TestNG-test-User API Tests-2] DEBUG com.vinoth.api.client.ApiClient [] - ApiClient initialised | correlationId=aaa96c0b-9544-4566-83b9-15c24ad0076a | baseUrl=https://jsonplaceholder.typicode.com
10:13:06.896 [TestNG-test-User API Tests-2] INFO  com.vinoth.api.base.BaseTest [] - [START] CreateUserTests.createUser_withFullPayload_returns201AndAssignsId | correlationId=aaa96c0b-9544-4566-83b9-15c24ad0076a
10:13:06.895 [TestNG-PoolService-3] DEBUG com.vinoth.api.client.ApiClient [] - ApiClient initialised | correlationId=4534d7d1-5c65-42c8-aace-8b150d2ab327 | baseUrl=https://jsonplaceholder.typicode.com
10:13:06.897 [TestNG-PoolService-2] INFO  com.vinoth.api.base.BaseTest [] - [START] GetUserTests.createUser_withValidData_returns201 | correlationId=d6e83ba1-6808-4051-a03d-8f3c3261ddc5
10:13:06.896 [TestNG-test-User API Tests-3] DEBUG com.vinoth.api.client.ApiClient [] - ApiClient initialised | correlationId=0eef9d4a-09ae-4522-834c-76a673aee955 | baseUrl=https://jsonplaceholder.typicode.com
10:13:06.896 [TestNG-PoolService-1] DEBUG com.vinoth.api.client.ApiClient [] - ApiClient initialised | correlationId=beb2c4a1-6852-43a1-bfe3-6c2a5db94806 | baseUrl=https://jsonplaceholder.typicode.com
10:13:06.898 [TestNG-PoolService-3] INFO  com.vinoth.api.base.BaseTest [] - [START] GetUserTests.createUser_withValidData_returns201 | correlationId=4534d7d1-5c65-42c8-aace-8b150d2ab327
10:13:06.900 [TestNG-test-User API Tests-3] INFO  com.vinoth.api.base.BaseTest [] - [START] DeleteUserTests.deleteUser_responseBodyIsEmpty | correlationId=0eef9d4a-09ae-4522-834c-76a673aee955
10:13:06.902 [TestNG-PoolService-1] INFO  com.vinoth.api.base.BaseTest [] - [START] GetUserTests.createUser_withValidData_returns201 | correlationId=beb2c4a1-6852-43a1-bfe3-6c2a5db94806
10:13:07.903 [TestNG-PoolService-3] INFO  com.vinoth.api.services.UserService [] - Creating user | name=Carol Davis | email=carol@example.com
10:13:07.903 [TestNG-test-User API Tests-3] INFO  com.vinoth.api.services.UserService [] - Deleting user | id=1
10:13:07.904 [TestNG-PoolService-3] DEBUG com.vinoth.api.client.ApiClient [] - POST /users | correlationId=beb2c4a1-6852-43a1-bfe3-6c2a5db94806
10:13:07.904 [TestNG-test-User API Tests-3] DEBUG com.vinoth.api.client.ApiClient [] - DELETE /users/1 | correlationId=0eef9d4a-09ae-4522-834c-76a673aee955
10:13:07.903 [TestNG-test-User API Tests-2] INFO  com.vinoth.api.services.UserService [] - Creating user | name=Vinoth Murugan | email=vinoth@example.com
10:13:07.903 [TestNG-PoolService-2] INFO  com.vinoth.api.services.UserService [] - Creating user | name=Bob Smith | email=bob@example.com
10:13:07.905 [TestNG-test-User API Tests-2] DEBUG com.vinoth.api.client.ApiClient [] - POST /users | correlationId=aaa96c0b-9544-4566-83b9-15c24ad0076a
10:13:07.903 [TestNG-PoolService-1] INFO  com.vinoth.api.services.UserService [] - Creating user | name=Alice Johnson | email=alice@example.com
10:13:07.905 [TestNG-PoolService-2] DEBUG com.vinoth.api.client.ApiClient [] - POST /users | correlationId=beb2c4a1-6852-43a1-bfe3-6c2a5db94806
10:13:07.905 [TestNG-PoolService-1] DEBUG com.vinoth.api.client.ApiClient [] - POST /users | correlationId=beb2c4a1-6852-43a1-bfe3-6c2a5db94806
Request method:	DELETE
Request URI:	https://jsonplaceholder.typicode.com/users/1
Proxy:			<none>
Request params:	<none>
Query params:	<none>
Form params:	<none>
Path params:	<none>
Headers:		Accept=application/json
				X-Correlation-Id=0eef9d4a-09ae-4522-834c-76a673aee955
				Content-Type=application/json
Cookies:		<none>
Multiparts:		<none>
Body:			<none>
Request method:	POST
Request URI:	https://jsonplaceholder.typicode.com/users
Proxy:			<none>
Request params:	<none>
Query params:	<none>
Form params:	<none>
Path params:	<none>
Headers:		Accept=application/json
				X-Correlation-Id=beb2c4a1-6852-43a1-bfe3-6c2a5db94806
				Content-Type=application/json
Cookies:		<none>
Multiparts:		<none>
Body:
{
    "name": "Carol Davis",
    "username": "cdavis",
    "email": "carol@example.com",
    "phone": "555-0102",
    "website": "carol.dev"
}
Request method:	POST
Request URI:	https://jsonplaceholder.typicode.com/users
Proxy:			<none>
Request params:	<none>
Query params:	<none>
Form params:	<none>
Path params:	<none>
Headers:		Accept=application/json
				X-Correlation-Id=aaa96c0b-9544-4566-83b9-15c24ad0076a
				Content-Type=application/json
Cookies:		<none>
Multiparts:		<none>
Body:
{
    "name": "Vinoth Murugan",
    "username": "vinothm",
    "email": "vinoth@example.com",
    "phone": "555-0199",
    "website": "vinoth.dev"
}
Request method:	POST
Request URI:	https://jsonplaceholder.typicode.com/users
Proxy:			<none>
Request params:	<none>
Query params:	<none>
Form params:	<none>
Path params:	<none>
Headers:		Accept=application/json
				X-Correlation-Id=beb2c4a1-6852-43a1-bfe3-6c2a5db94806
				Content-Type=application/json
Cookies:		<none>
Multiparts:		<none>
Body:
{
    "name": "Alice Johnson",
    "username": "alicej",
    "email": "alice@example.com",
    "phone": "555-0100",
    "website": "alicejohnson.dev"
}
Request method:	POST
Request URI:	https://jsonplaceholder.typicode.com/users
Proxy:			<none>
Request params:	<none>
Query params:	<none>
Form params:	<none>
Path params:	<none>
Headers:		Accept=application/json
				X-Correlation-Id=beb2c4a1-6852-43a1-bfe3-6c2a5db94806
				Content-Type=application/json
Cookies:		<none>
Multiparts:		<none>
Body:
{
    "name": "Bob Smith",
    "username": "bsmith",
    "email": "bob@example.com",
    "phone": "555-0101",
    "website": "bobsmith.io"
}
HTTP/1.1 200 OK
Date: Thu, 12 Mar 2026 04:43:13 GMT
Content-Type: application/json; charset=utf-8
Content-Length: 2
Connection: keep-alive
access-control-allow-credentials: true
Cache-Control: no-cache
etag: W/"2-vyGp6PvFo4RvsFtPoIWeCReyIC8"
expires: -1
nel: {"report_to":"heroku-nel","response_headers":["Via"],"max_age":3600,"success_fraction":0.01,"failure_fraction":0.1}
pragma: no-cache
report-to: {"group":"heroku-nel","endpoints":[{"url":"https://nel.heroku.com/reports?s=clA7syJaYA9Y4%2FM7CCzYI5eMfL2Z78p219acCoaxkXI%3D\u0026sid=e11707d5-02a7-43ef-b45e-2cf4d2036f7d\u0026ts=1773290593"}],"max_age":3600}
reporting-endpoints: heroku-nel="https://nel.heroku.com/reports?s=clA7syJaYA9Y4%2FM7CCzYI5eMfL2Z78p219acCoaxkXI%3D&sid=e11707d5-02a7-43ef-b45e-2cf4d2036f7d&ts=1773290593"
Server: cloudflare
vary: Origin, Accept-Encoding
via: 2.0 heroku-router
x-content-type-options: nosniff
x-powered-by: Express
x-ratelimit-limit: 1000
x-ratelimit-remaining: 997
x-ratelimit-reset: 1773290635
cf-cache-status: DYNAMIC
CF-RAY: 9db022fc79f7179b-MAA
alt-svc: h3=":443"; ma=86400

{
    
}
HTTP/1.1 201 Created
Date: Thu, 12 Mar 2026 04:43:13 GMT
Content-Type: application/json; charset=utf-8
Content-Length: 142
Connection: keep-alive
access-control-allow-credentials: true
access-control-expose-headers: Location
Cache-Control: no-cache
etag: W/"8e-pmdW/cmc4MlpI5W0K5jmD5SH02o"
expires: -1
location: https://jsonplaceholder.typicode.com/users/11
nel: {"report_to":"heroku-nel","response_headers":["Via"],"max_age":3600,"success_fraction":0.01,"failure_fraction":0.1}
pragma: no-cache
report-to: {"group":"heroku-nel","endpoints":[{"url":"https://nel.heroku.com/reports?s=clA7syJaYA9Y4%2FM7CCzYI5eMfL2Z78p219acCoaxkXI%3D\u0026sid=e11707d5-02a7-43ef-b45e-2cf4d2036f7d\u0026ts=1773290593"}],"max_age":3600}
reporting-endpoints: heroku-nel="https://nel.heroku.com/reports?s=clA7syJaYA9Y4%2FM7CCzYI5eMfL2Z78p219acCoaxkXI%3D&sid=e11707d5-02a7-43ef-b45e-2cf4d2036f7d&ts=1773290593"
Server: cloudflare
vary: Origin, X-HTTP-Method-Override, Accept-Encoding
via: 2.0 heroku-router
x-content-type-options: nosniff
x-powered-by: Express
x-ratelimit-limit: 1000
x-ratelimit-remaining: 999
x-ratelimit-reset: 1773290635
cf-cache-status: DYNAMIC
CF-RAY: 9db022fc7a197f37-MAA
alt-svc: h3=":443"; ma=86400

{
    "name": "Bob Smith",
    "username": "bsmith",
    "email": "bob@example.com",
    "phone": "555-0101",
    "website": "bobsmith.io",
    "id": 11
}
HTTP/1.1 201 Created
Date: Thu, 12 Mar 2026 04:43:13 GMT
Content-Type: application/json; charset=utf-8
Content-Length: 144
Connection: keep-alive
access-control-allow-credentials: true
access-control-expose-headers: Location
Cache-Control: no-cache
etag: W/"90-ycaQ/o2WE0a4sX9XahTMdd+NOWo"
expires: -1
location: https://jsonplaceholder.typicode.com/users/11
nel: {"report_to":"heroku-nel","response_headers":["Via"],"max_age":3600,"success_fraction":0.01,"failure_fraction":0.1}
pragma: no-cache
report-to: {"group":"heroku-nel","endpoints":[{"url":"https://nel.heroku.com/reports?s=clA7syJaYA9Y4%2FM7CCzYI5eMfL2Z78p219acCoaxkXI%3D\u0026sid=e11707d5-02a7-43ef-b45e-2cf4d2036f7d\u0026ts=1773290593"}],"max_age":3600}
reporting-endpoints: heroku-nel="https://nel.heroku.com/reports?s=clA7syJaYA9Y4%2FM7CCzYI5eMfL2Z78p219acCoaxkXI%3D&sid=e11707d5-02a7-43ef-b45e-2cf4d2036f7d&ts=1773290593"
Server: cloudflare
vary: Origin, X-HTTP-Method-Override, Accept-Encoding
via: 2.0 heroku-router
x-content-type-options: nosniff
x-powered-by: Express
x-ratelimit-limit: 1000
x-ratelimit-remaining: 995
x-ratelimit-reset: 1773290635
cf-cache-status: DYNAMIC
CF-RAY: 9db022fc8a749f61-MAA
alt-svc: h3=":443"; ma=86400

{
    "name": "Carol Davis",
    "username": "cdavis",
    "email": "carol@example.com",
    "phone": "555-0102",
    "website": "carol.dev",
    "id": 11
}
HTTP/1.1 201 Created
Date: Thu, 12 Mar 2026 04:43:13 GMT
Content-Type: application/json; charset=utf-8
Content-Length: 153
Connection: keep-alive
access-control-allow-credentials: true
access-control-expose-headers: Location
Cache-Control: no-cache
etag: W/"99-AN9lgH0Sz1IBep2/D0DAPc2uMME"
expires: -1
location: https://jsonplaceholder.typicode.com/users/11
nel: {"report_to":"heroku-nel","response_headers":["Via"],"max_age":3600,"success_fraction":0.01,"failure_fraction":0.1}
pragma: no-cache
report-to: {"group":"heroku-nel","endpoints":[{"url":"https://nel.heroku.com/reports?s=clA7syJaYA9Y4%2FM7CCzYI5eMfL2Z78p219acCoaxkXI%3D\u0026sid=e11707d5-02a7-43ef-b45e-2cf4d2036f7d\u0026ts=1773290593"}],"max_age":3600}
reporting-endpoints: heroku-nel="https://nel.heroku.com/reports?s=clA7syJaYA9Y4%2FM7CCzYI5eMfL2Z78p219acCoaxkXI%3D&sid=e11707d5-02a7-43ef-b45e-2cf4d2036f7d&ts=1773290593"
Server: cloudflare
vary: Origin, X-HTTP-Method-Override, Accept-Encoding
via: 2.0 heroku-router
x-content-type-options: nosniff
x-powered-by: Express
x-ratelimit-limit: 1000
x-ratelimit-remaining: 996
x-ratelimit-reset: 1773290635
cf-cache-status: DYNAMIC
CF-RAY: 9db022fc8c297ec1-MAA
alt-svc: h3=":443"; ma=86400

{
    "name": "Alice Johnson",
    "username": "alicej",
    "email": "alice@example.com",
    "phone": "555-0100",
    "website": "alicejohnson.dev",
    "id": 11
}
HTTP/1.1 201 Created
Date: Thu, 12 Mar 2026 04:43:13 GMT
Content-Type: application/json; charset=utf-8
Content-Length: 150
Connection: keep-alive
access-control-allow-credentials: true
access-control-expose-headers: Location
Cache-Control: no-cache
etag: W/"96-LWj9n8IIJvQrjdm+dORh+tbLd2A"
expires: -1
location: https://jsonplaceholder.typicode.com/users/11
nel: {"report_to":"heroku-nel","response_headers":["Via"],"max_age":3600,"success_fraction":0.01,"failure_fraction":0.1}
pragma: no-cache
report-to: {"group":"heroku-nel","endpoints":[{"url":"https://nel.heroku.com/reports?s=clA7syJaYA9Y4%2FM7CCzYI5eMfL2Z78p219acCoaxkXI%3D\u0026sid=e11707d5-02a7-43ef-b45e-2cf4d2036f7d\u0026ts=1773290593"}],"max_age":3600}
reporting-endpoints: heroku-nel="https://nel.heroku.com/reports?s=clA7syJaYA9Y4%2FM7CCzYI5eMfL2Z78p219acCoaxkXI%3D&sid=e11707d5-02a7-43ef-b45e-2cf4d2036f7d&ts=1773290593"
Server: cloudflare
vary: Origin, X-HTTP-Method-Override, Accept-Encoding
via: 2.0 heroku-router
x-content-type-options: nosniff
x-powered-by: Express
x-ratelimit-limit: 1000
x-ratelimit-remaining: 998
x-ratelimit-reset: 1773290635
cf-cache-status: DYNAMIC
CF-RAY: 9db022fc7ef27e81-MAA
alt-svc: h3=":443"; ma=86400

{
    "name": "Vinoth Murugan",
    "username": "vinothm",
    "email": "vinoth@example.com",
    "phone": "555-0199",
    "website": "vinoth.dev",
    "id": 11
}
]]></system-out>
    <system-err><![CDATA[SLF4J: Failed to load class "org.slf4j.impl.StaticLoggerBinder".
SLF4J: Defaulting to no-operation (NOP) logger implementation
SLF4J: See http://www.slf4j.org/codes.html#StaticLoggerBinder for further details.
]]></system-err>
  </testcase>
  <testcase name="deleteUser_withValidId_returns200" classname="com.vinoth.api.tests.users.DeleteUserTests" time="0.345">
    <system-out><![CDATA[10:13:13.826 [TestNG-test-User API Tests-3] INFO  com.vinoth.api.base.BaseTest [] - [PASS] DeleteUserTests.deleteUser_responseBodyIsEmpty | 6106ms | correlationId=0eef9d4a-09ae-4522-834c-76a673aee955
10:13:13.836 [TestNG-test-User API Tests-3] DEBUG com.vinoth.api.client.ApiClient [] - ApiClient initialised | correlationId=77e4f718-c64c-4167-a18d-883fb0c77e9f | baseUrl=https://jsonplaceholder.typicode.com
10:13:13.837 [TestNG-test-User API Tests-3] INFO  com.vinoth.api.base.BaseTest [] - [START] DeleteUserTests.deleteUser_withValidId_returns200 | correlationId=77e4f718-c64c-4167-a18d-883fb0c77e9f
10:13:13.851 [TestNG-test-User API Tests-3] INFO  com.vinoth.api.services.UserService [] - Deleting user | id=1
10:13:13.851 [TestNG-test-User API Tests-3] DEBUG com.vinoth.api.client.ApiClient [] - DELETE /users/1 | correlationId=77e4f718-c64c-4167-a18d-883fb0c77e9f
Request method:	DELETE
Request URI:	https://jsonplaceholder.typicode.com/users/1
Proxy:			<none>
Request params:	<none>
Query params:	<none>
Form params:	<none>
Path params:	<none>
Headers:		Accept=application/json
				X-Correlation-Id=77e4f718-c64c-4167-a18d-883fb0c77e9f
				Content-Type=application/json
Cookies:		<none>
Multiparts:		<none>
Body:			<none>
HTTP/1.1 200 OK
Date: Thu, 12 Mar 2026 04:43:14 GMT
Content-Type: application/json; charset=utf-8
Content-Length: 2
Connection: keep-alive
access-control-allow-credentials: true
Cache-Control: no-cache
etag: W/"2-vyGp6PvFo4RvsFtPoIWeCReyIC8"
expires: -1
nel: {"report_to":"heroku-nel","response_headers":["Via"],"max_age":3600,"success_fraction":0.01,"failure_fraction":0.1}
pragma: no-cache
report-to: {"group":"heroku-nel","endpoints":[{"url":"https://nel.heroku.com/reports?s=clA7syJaYA9Y4%2FM7CCzYI5eMfL2Z78p219acCoaxkXI%3D\u0026sid=e11707d5-02a7-43ef-b45e-2cf4d2036f7d\u0026ts=1773290593"}],"max_age":3600}
reporting-endpoints: heroku-nel="https://nel.heroku.com/reports?s=clA7syJaYA9Y4%2FM7CCzYI5eMfL2Z78p219acCoaxkXI%3D&sid=e11707d5-02a7-43ef-b45e-2cf4d2036f7d&ts=1773290593"
Server: cloudflare
vary: Origin, Accept-Encoding
via: 2.0 heroku-router
x-content-type-options: nosniff
x-powered-by: Express
x-ratelimit-limit: 1000
x-ratelimit-remaining: 994
x-ratelimit-reset: 1773290635
cf-cache-status: DYNAMIC
CF-RAY: 9db02303bfb99a16-MAA
alt-svc: h3=":443"; ma=86400

{
    
}
]]></system-out>
  </testcase>
  <testcase name="createUser_withValidData_returns201[UserRequest(name=Carol Davis, username=cdavis, email=carol@example.com, phone=555-0102, website=carol.dev, address=null, company=null)](1)" classname="com.vinoth.api.tests.users.GetUserTests" time="2.201">
    <system-out><![CDATA[10:13:14.196 [TestNG-test-User API Tests-3] INFO  com.vinoth.api.base.BaseTest [] - [PASS] DeleteUserTests.deleteUser_withValidId_returns200 | 347ms | correlationId=77e4f718-c64c-4167-a18d-883fb0c77e9f
]]></system-out>
  </testcase>
  <testcase name="createUser_withValidData_returns201[UserRequest(name=Bob Smith, username=bsmith, email=bob@example.com, phone=555-0101, website=bobsmith.io, address=null, company=null)](2)" classname="com.vinoth.api.tests.users.GetUserTests" time="0.128">
    <system-out><![CDATA[10:13:16.082 [TestNG-test-User API Tests-2] INFO  com.vinoth.api.base.BaseTest [] - [PASS] CreateUserTests.createUser_withFullPayload_returns201AndAssignsId | 8390ms | correlationId=aaa96c0b-9544-4566-83b9-15c24ad0076a
10:13:16.094 [TestNG-test-User API Tests-2] DEBUG com.vinoth.api.client.ApiClient [] - ApiClient initialised | correlationId=a597e009-2209-4dd2-aa0a-e3ac9796538d | baseUrl=https://jsonplaceholder.typicode.com
10:13:16.095 [TestNG-test-User API Tests-2] INFO  com.vinoth.api.base.BaseTest [] - [START] CreateUserTests.createUser_withMinimalPayload_returns201 | correlationId=a597e009-2209-4dd2-aa0a-e3ac9796538d
10:13:16.109 [TestNG-test-User API Tests-2] INFO  com.vinoth.api.services.UserService [] - Creating user | name=Minimal User | email=null
10:13:16.109 [TestNG-test-User API Tests-2] DEBUG com.vinoth.api.client.ApiClient [] - POST /users | correlationId=a597e009-2209-4dd2-aa0a-e3ac9796538d
Request method:	POST
Request URI:	https://jsonplaceholder.typicode.com/users
Proxy:			<none>
Request params:	<none>
Query params:	<none>
Form params:	<none>
Path params:	<none>
Headers:		Accept=application/json
				X-Correlation-Id=a597e009-2209-4dd2-aa0a-e3ac9796538d
				Content-Type=application/json
Cookies:		<none>
Multiparts:		<none>
Body:
{
    "name": "Minimal User"
}
]]></system-out>
  </testcase>
  <testcase name="createUser_withValidData_returns201[UserRequest(name=Alice Johnson, username=alicej, email=alice@example.com, phone=555-0100, website=alicejohnson.dev, address=null, company=null)](3)" classname="com.vinoth.api.tests.users.GetUserTests" time="0.193">
    <system-out><![CDATA[10:13:16.293 [TestNG-PoolService-2] INFO  com.vinoth.api.base.BaseTest [] - [PASS] GetUserTests.createUser_withValidData_returns201 | 8595ms | correlationId=d6e83ba1-6808-4051-a03d-8f3c3261ddc5
]]></system-out>
  </testcase>
  <testcase name="getAllUsers_eachUserHasRequiredFields" classname="com.vinoth.api.tests.users.GetUserTests" time="0.656">
    <system-out><![CDATA[10:13:16.542 [TestNG-test-User API Tests-2] INFO  com.vinoth.api.base.BaseTest [] - [PASS] CreateUserTests.createUser_withMinimalPayload_returns201 | 430ms | correlationId=a597e009-2209-4dd2-aa0a-e3ac9796538d
10:13:16.550 [TestNG-test-User API Tests-2] DEBUG com.vinoth.api.client.ApiClient [] - ApiClient initialised | correlationId=b3b5862a-9ce5-4f3d-bef1-abb9e57874bb | baseUrl=https://jsonplaceholder.typicode.com
10:13:16.550 [TestNG-test-User API Tests-2] INFO  com.vinoth.api.base.BaseTest [] - [START] CreateUserTests.updateUser_withValidPayload_returns200 | correlationId=b3b5862a-9ce5-4f3d-bef1-abb9e57874bb
10:13:16.563 [TestNG-test-User API Tests-2] INFO  com.vinoth.api.services.UserService [] - Updating user | id=1
10:13:16.564 [TestNG-test-User API Tests-2] DEBUG com.vinoth.api.client.ApiClient [] - PUT /users/1 | correlationId=b3b5862a-9ce5-4f3d-bef1-abb9e57874bb
Request method:	PUT
Request URI:	https://jsonplaceholder.typicode.com/users/1
Proxy:			<none>
Request params:	<none>
Query params:	<none>
Form params:	<none>
Path params:	<none>
Headers:		Accept=application/json
				X-Correlation-Id=b3b5862a-9ce5-4f3d-bef1-abb9e57874bb
				Content-Type=application/json
Cookies:		<none>
Multiparts:		<none>
Body:
{
    "name": "Updated Name",
    "email": "updated@example.com"
}
HTTP/1.1 200 OK
Date: Thu, 12 Mar 2026 04:43:16 GMT
Content-Type: application/json; charset=utf-8
Content-Length: 1847
Connection: keep-alive
access-control-allow-credentials: true
Cache-Control: max-age=43200
Content-Encoding: gzip
etag: W/"160d-1eMSsxeJRfnVLRBmYJSbCiJZ1qQ"
expires: -1
nel: {"report_to":"heroku-nel","response_headers":["Via"],"max_age":3600,"success_fraction":0.01,"failure_fraction":0.1}
pragma: no-cache
report-to: {"group":"heroku-nel","endpoints":[{"url":"https://nel.heroku.com/reports?s=R3pyhRp9j3Vu5Gu970clF3DUpmNrKTHEmCAIe68wq1A%3D\u0026sid=e11707d5-02a7-43ef-b45e-2cf4d2036f7d\u0026ts=1770626717"}],"max_age":3600}
reporting-endpoints: heroku-nel="https://nel.heroku.com/reports?s=R3pyhRp9j3Vu5Gu970clF3DUpmNrKTHEmCAIe68wq1A%3D&sid=e11707d5-02a7-43ef-b45e-2cf4d2036f7d&ts=1770626717"
Server: cloudflare
vary: Origin, Accept-Encoding
via: 2.0 heroku-router
x-content-type-options: nosniff
x-powered-by: Express
x-ratelimit-limit: 1000
x-ratelimit-remaining: 999
x-ratelimit-reset: 1770626752
Age: 12495
Accept-Ranges: bytes
cf-cache-status: HIT
CF-RAY: 9db023143ef038e6-MAA
alt-svc: h3=":443"; ma=86400

[
    {
        "id": 1,
        "name": "Leanne Graham",
        "username": "Bret",
        "email": "Sincere@april.biz",
        "address": {
            "street": "Kulas Light",
            "suite": "Apt. 556",
            "city": "Gwenborough",
            "zipcode": "92998-3874",
            "geo": {
                "lat": "-37.3159",
                "lng": "81.1496"
            }
        },
        "phone": "1-770-736-8031 x56442",
        "website": "hildegard.org",
        "company": {
            "name": "Romaguera-Crona",
            "catchPhrase": "Multi-layered client-server neural-net",
            "bs": "harness real-time e-markets"
        }
    },
    {
        "id": 2,
        "name": "Ervin Howell",
        "username": "Antonette",
        "email": "Shanna@melissa.tv",
        "address": {
            "street": "Victor Plains",
            "suite": "Suite 879",
            "city": "Wisokyburgh",
            "zipcode": "90566-7771",
            "geo": {
                "lat": "-43.9509",
                "lng": "-34.4618"
            }
        },
        "phone": "010-692-6593 x09125",
        "website": "anastasia.net",
        "company": {
            "name": "Deckow-Crist",
            "catchPhrase": "Proactive didactic contingency",
            "bs": "synergize scalable supply-chains"
        }
    },
    {
        "id": 3,
        "name": "Clementine Bauch",
        "username": "Samantha",
        "email": "Nathan@yesenia.net",
        "address": {
            "street": "Douglas Extension",
            "suite": "Suite 847",
            "city": "McKenziehaven",
            "zipcode": "59590-4157",
            "geo": {
                "lat": "-68.6102",
                "lng": "-47.0653"
            }
        },
        "phone": "1-463-123-4447",
        "website": "ramiro.info",
        "company": {
            "name": "Romaguera-Jacobson",
            "catchPhrase": "Face to face bifurcated interface",
            "bs": "e-enable strategic applications"
        }
    },
    {
        "id": 4,
        "name": "Patricia Lebsack",
        "username": "Karianne",
        "email": "Julianne.OConner@kory.org",
        "address": {
            "street": "Hoeger Mall",
            "suite": "Apt. 692",
            "city": "South Elvis",
            "zipcode": "53919-4257",
            "geo": {
                "lat": "29.4572",
                "lng": "-164.2990"
            }
        },
        "phone": "493-170-9623 x156",
        "website": "kale.biz",
        "company": {
            "name": "Robel-Corkery",
            "catchPhrase": "Multi-tiered zero tolerance productivity",
            "bs": "transition cutting-edge web services"
        }
    },
    {
        "id": 5,
        "name": "Chelsey Dietrich",
        "username": "Kamren",
        "email": "Lucio_Hettinger@annie.ca",
        "address": {
            "street": "Skiles Walks",
            "suite": "Suite 351",
            "city": "Roscoeview",
            "zipcode": "33263",
            "geo": {
                "lat": "-31.8129",
                "lng": "62.5342"
            }
        },
        "phone": "(254)954-1289",
        "website": "demarco.info",
        "company": {
            "name": "Keebler LLC",
            "catchPhrase": "User-centric fault-tolerant solution",
            "bs": "revolutionize end-to-end systems"
        }
    },
    {
        "id": 6,
        "name": "Mrs. Dennis Schulist",
        "username": "Leopoldo_Corkery",
        "email": "Karley_Dach@jasper.info",
        "address": {
            "street": "Norberto Crossing",
            "suite": "Apt. 950",
            "city": "South Christy",
            "zipcode": "23505-1337",
            "geo": {
                "lat": "-71.4197",
                "lng": "71.7478"
            }
        },
        "phone": "1-477-935-8478 x6430",
        "website": "ola.org",
        "company": {
            "name": "Considine-Lockman",
            "catchPhrase": "Synchronised bottom-line interface",
            "bs": "e-enable innovative applications"
        }
    },
    {
        "id": 7,
        "name": "Kurtis Weissnat",
        "username": "Elwyn.Skiles",
        "email": "Telly.Hoeger@billy.biz",
        "address": {
            "street": "Rex Trail",
            "suite": "Suite 280",
            "city": "Howemouth",
            "zipcode": "58804-1099",
            "geo": {
                "lat": "24.8918",
                "lng": "21.8984"
            }
        },
        "phone": "210.067.6132",
        "website": "elvis.io",
        "company": {
            "name": "Johns Group",
            "catchPhrase": "Configurable multimedia task-force",
            "bs": "generate enterprise e-tailers"
        }
    },
    {
        "id": 8,
        "name": "Nicholas Runolfsdottir V",
        "username": "Maxime_Nienow",
        "email": "Sherwood@rosamond.me",
        "address": {
            "street": "Ellsworth Summit",
            "suite": "Suite 729",
            "city": "Aliyaview",
            "zipcode": "45169",
            "geo": {
                "lat": "-14.3990",
                "lng": "-120.7677"
            }
        },
        "phone": "586.493.6943 x140",
        "website": "jacynthe.com",
        "company": {
            "name": "Abernathy Group",
            "catchPhrase": "Implemented secondary concept",
            "bs": "e-enable extensible e-tailers"
        }
    },
    {
        "id": 9,
        "name": "Glenna Reichert",
        "username": "Delphine",
        "email": "Chaim_McDermott@dana.io",
        "address": {
            "street": "Dayna Park",
            "suite": "Suite 449",
            "city": "Bartholomebury",
            "zipcode": "76495-3109",
            "geo": {
                "lat": "24.6463",
                "lng": "-168.8889"
            }
        },
        "phone": "(775)976-6794 x41206",
        "website": "conrad.com",
        "company": {
            "name": "Yost and Sons",
            "catchPhrase": "Switchable contextually-based project",
            "bs": "aggregate real-time technologies"
        }
    },
    {
        "id": 10,
        "name": "Clementina DuBuque",
        "username": "Moriah.Stanton",
        "email": "Rey.Padberg@karina.biz",
        "address": {
            "street": "Kattie Turnpike",
            "suite": "Suite 198",
            "city": "Lebsackbury",
            "zipcode": "31428-2261",
            "geo": {
                "lat": "-38.2386",
                "lng": "57.2232"
            }
        },
        "phone": "024-648-3804",
        "website": "ambrose.net",
        "company": {
            "name": "Hoeger LLC",
            "catchPhrase": "Centralized empowering task-force",
            "bs": "target end-to-end models"
        }
    }
]
]]></system-out>
  </testcase>
  <testcase name="getAllUsers_returns200WithNonEmptyList" classname="com.vinoth.api.tests.users.GetUserTests" time="1.567">
    <system-out><![CDATA[10:13:17.384 [TestNG-test-User API Tests-2] INFO  com.vinoth.api.base.BaseTest [] - [PASS] CreateUserTests.updateUser_withValidPayload_returns200 | 823ms | correlationId=b3b5862a-9ce5-4f3d-bef1-abb9e57874bb
HTTP/1.1 200 OK
Date: Thu, 12 Mar 2026 04:43:17 GMT
Content-Type: application/json; charset=utf-8
Content-Length: 1847
Connection: keep-alive
access-control-allow-credentials: true
Cache-Control: max-age=43200
Content-Encoding: gzip
etag: W/"160d-1eMSsxeJRfnVLRBmYJSbCiJZ1qQ"
expires: -1
nel: {"report_to":"heroku-nel","response_headers":["Via"],"max_age":3600,"success_fraction":0.01,"failure_fraction":0.1}
pragma: no-cache
report-to: {"group":"heroku-nel","endpoints":[{"url":"https://nel.heroku.com/reports?s=R3pyhRp9j3Vu5Gu970clF3DUpmNrKTHEmCAIe68wq1A%3D\u0026sid=e11707d5-02a7-43ef-b45e-2cf4d2036f7d\u0026ts=1770626717"}],"max_age":3600}
reporting-endpoints: heroku-nel="https://nel.heroku.com/reports?s=R3pyhRp9j3Vu5Gu970clF3DUpmNrKTHEmCAIe68wq1A%3D&sid=e11707d5-02a7-43ef-b45e-2cf4d2036f7d&ts=1770626717"
Server: cloudflare
vary: Origin, Accept-Encoding
via: 2.0 heroku-router
x-content-type-options: nosniff
x-powered-by: Express
x-ratelimit-limit: 1000
x-ratelimit-remaining: 999
x-ratelimit-reset: 1770626752
Age: 12496
Accept-Ranges: bytes
cf-cache-status: HIT
CF-RAY: 9db02319493d7ece-MAA
alt-svc: h3=":443"; ma=86400

[
    {
        "id": 1,
        "name": "Leanne Graham",
        "username": "Bret",
        "email": "Sincere@april.biz",
        "address": {
            "street": "Kulas Light",
            "suite": "Apt. 556",
            "city": "Gwenborough",
            "zipcode": "92998-3874",
            "geo": {
                "lat": "-37.3159",
                "lng": "81.1496"
            }
        },
        "phone": "1-770-736-8031 x56442",
        "website": "hildegard.org",
        "company": {
            "name": "Romaguera-Crona",
            "catchPhrase": "Multi-layered client-server neural-net",
            "bs": "harness real-time e-markets"
        }
    },
    {
        "id": 2,
        "name": "Ervin Howell",
        "username": "Antonette",
        "email": "Shanna@melissa.tv",
        "address": {
            "street": "Victor Plains",
            "suite": "Suite 879",
            "city": "Wisokyburgh",
            "zipcode": "90566-7771",
            "geo": {
                "lat": "-43.9509",
                "lng": "-34.4618"
            }
        },
        "phone": "010-692-6593 x09125",
        "website": "anastasia.net",
        "company": {
            "name": "Deckow-Crist",
            "catchPhrase": "Proactive didactic contingency",
            "bs": "synergize scalable supply-chains"
        }
    },
    {
        "id": 3,
        "name": "Clementine Bauch",
        "username": "Samantha",
        "email": "Nathan@yesenia.net",
        "address": {
            "street": "Douglas Extension",
            "suite": "Suite 847",
            "city": "McKenziehaven",
            "zipcode": "59590-4157",
            "geo": {
                "lat": "-68.6102",
                "lng": "-47.0653"
            }
        },
        "phone": "1-463-123-4447",
        "website": "ramiro.info",
        "company": {
            "name": "Romaguera-Jacobson",
            "catchPhrase": "Face to face bifurcated interface",
            "bs": "e-enable strategic applications"
        }
    },
    {
        "id": 4,
        "name": "Patricia Lebsack",
        "username": "Karianne",
        "email": "Julianne.OConner@kory.org",
        "address": {
            "street": "Hoeger Mall",
            "suite": "Apt. 692",
            "city": "South Elvis",
            "zipcode": "53919-4257",
            "geo": {
                "lat": "29.4572",
                "lng": "-164.2990"
            }
        },
        "phone": "493-170-9623 x156",
        "website": "kale.biz",
        "company": {
            "name": "Robel-Corkery",
            "catchPhrase": "Multi-tiered zero tolerance productivity",
            "bs": "transition cutting-edge web services"
        }
    },
    {
        "id": 5,
        "name": "Chelsey Dietrich",
        "username": "Kamren",
        "email": "Lucio_Hettinger@annie.ca",
        "address": {
            "street": "Skiles Walks",
            "suite": "Suite 351",
            "city": "Roscoeview",
            "zipcode": "33263",
            "geo": {
                "lat": "-31.8129",
                "lng": "62.5342"
            }
        },
        "phone": "(254)954-1289",
        "website": "demarco.info",
        "company": {
            "name": "Keebler LLC",
            "catchPhrase": "User-centric fault-tolerant solution",
            "bs": "revolutionize end-to-end systems"
        }
    },
    {
        "id": 6,
        "name": "Mrs. Dennis Schulist",
        "username": "Leopoldo_Corkery",
        "email": "Karley_Dach@jasper.info",
        "address": {
            "street": "Norberto Crossing",
            "suite": "Apt. 950",
            "city": "South Christy",
            "zipcode": "23505-1337",
            "geo": {
                "lat": "-71.4197",
                "lng": "71.7478"
            }
        },
        "phone": "1-477-935-8478 x6430",
        "website": "ola.org",
        "company": {
            "name": "Considine-Lockman",
            "catchPhrase": "Synchronised bottom-line interface",
            "bs": "e-enable innovative applications"
        }
    },
    {
        "id": 7,
        "name": "Kurtis Weissnat",
        "username": "Elwyn.Skiles",
        "email": "Telly.Hoeger@billy.biz",
        "address": {
            "street": "Rex Trail",
            "suite": "Suite 280",
            "city": "Howemouth",
            "zipcode": "58804-1099",
            "geo": {
                "lat": "24.8918",
                "lng": "21.8984"
            }
        },
        "phone": "210.067.6132",
        "website": "elvis.io",
        "company": {
            "name": "Johns Group",
            "catchPhrase": "Configurable multimedia task-force",
            "bs": "generate enterprise e-tailers"
        }
    },
    {
        "id": 8,
        "name": "Nicholas Runolfsdottir V",
        "username": "Maxime_Nienow",
        "email": "Sherwood@rosamond.me",
        "address": {
            "street": "Ellsworth Summit",
            "suite": "Suite 729",
            "city": "Aliyaview",
            "zipcode": "45169",
            "geo": {
                "lat": "-14.3990",
                "lng": "-120.7677"
            }
        },
        "phone": "586.493.6943 x140",
        "website": "jacynthe.com",
        "company": {
            "name": "Abernathy Group",
            "catchPhrase": "Implemented secondary concept",
            "bs": "e-enable extensible e-tailers"
        }
    },
    {
        "id": 9,
        "name": "Glenna Reichert",
        "username": "Delphine",
        "email": "Chaim_McDermott@dana.io",
        "address": {
            "street": "Dayna Park",
            "suite": "Suite 449",
            "city": "Bartholomebury",
            "zipcode": "76495-3109",
            "geo": {
                "lat": "24.6463",
                "lng": "-168.8889"
            }
        },
        "phone": "(775)976-6794 x41206",
        "website": "conrad.com",
        "company": {
            "name": "Yost and Sons",
            "catchPhrase": "Switchable contextually-based project",
            "bs": "aggregate real-time technologies"
        }
    },
    {
        "id": 10,
        "name": "Clementina DuBuque",
        "username": "Moriah.Stanton",
        "email": "Rey.Padberg@karina.biz",
        "address": {
            "street": "Kattie Turnpike",
            "suite": "Suite 198",
            "city": "Lebsackbury",
            "zipcode": "31428-2261",
            "geo": {
                "lat": "-38.2386",
                "lng": "57.2232"
            }
        },
        "phone": "024-648-3804",
        "website": "ambrose.net",
        "company": {
            "name": "Hoeger LLC",
            "catchPhrase": "Centralized empowering task-force",
            "bs": "target end-to-end models"
        }
    }
]
10:13:17.659 [TestNG-test-User API Tests-1] DEBUG com.vinoth.api.utils.SchemaValidator [] - Loading schema from classpath: schemas/user-list-schema.json
]]></system-out>
  </testcase>
  <testcase name="getUserById_deserialisesToPojo" classname="com.vinoth.api.tests.users.GetUserTests" time="1.497">
    <system-out><![CDATA[10:13:18.871 [TestNG-test-User API Tests-1] INFO  com.vinoth.api.base.BaseTest [] - [PASS] GetUserTests.getAllUsers_returns200WithNonEmptyList | 1574ms | correlationId=cd3a7ab8-4387-459c-80a2-bc7b992f3524
10:13:18.877 [TestNG-test-User API Tests-1] DEBUG com.vinoth.api.client.ApiClient [] - ApiClient initialised | correlationId=d75f57d4-4a0d-4642-a3dc-6b3aecd7d2a8 | baseUrl=https://jsonplaceholder.typicode.com
10:13:18.878 [TestNG-test-User API Tests-1] INFO  com.vinoth.api.base.BaseTest [] - [START] GetUserTests.getUserById_deserialisesToPojo | correlationId=d75f57d4-4a0d-4642-a3dc-6b3aecd7d2a8
10:13:18.898 [TestNG-test-User API Tests-1] INFO  com.vinoth.api.services.UserService [] - Retrieving user | id=1
10:13:18.900 [TestNG-test-User API Tests-1] DEBUG com.vinoth.api.client.ApiClient [] - GET /users/{id} | pathParams={id=1} | correlationId=d75f57d4-4a0d-4642-a3dc-6b3aecd7d2a8
Request method:	GET
Request URI:	https://jsonplaceholder.typicode.com/users/1
Proxy:			<none>
Request params:	<none>
Query params:	<none>
Form params:	<none>
Path params:	id=1
Headers:		Accept=application/json
				X-Correlation-Id=d75f57d4-4a0d-4642-a3dc-6b3aecd7d2a8
				Content-Type=application/json
Cookies:		<none>
Multiparts:		<none>
Body:			<none>
HTTP/1.1 200 OK
Date: Thu, 12 Mar 2026 04:43:20 GMT
Content-Type: application/json; charset=utf-8
Transfer-Encoding: chunked
Connection: keep-alive
access-control-allow-credentials: true
Cache-Control: max-age=43200
etag: W/"1fd-+2Y3G3w049iSZtw5t1mzSnunngE"
expires: -1
nel: {"report_to":"heroku-nel","response_headers":["Via"],"max_age":3600,"success_fraction":0.01,"failure_fraction":0.1}
pragma: no-cache
report-to: {"group":"heroku-nel","endpoints":[{"url":"https://nel.heroku.com/reports?s=T86qyvzvV9yBipHDKxRHNI7rrhPbyEO7ztdBV%2B7IH%2Bw%3D\u0026sid=e11707d5-02a7-43ef-b45e-2cf4d2036f7d\u0026ts=1773122776"}],"max_age":3600}
reporting-endpoints: heroku-nel="https://nel.heroku.com/reports?s=T86qyvzvV9yBipHDKxRHNI7rrhPbyEO7ztdBV%2B7IH%2Bw%3D&sid=e11707d5-02a7-43ef-b45e-2cf4d2036f7d&ts=1773122776"
Server: cloudflare
vary: Origin, Accept-Encoding
via: 2.0 heroku-router
x-content-type-options: nosniff
x-powered-by: Express
x-ratelimit-limit: 1000
x-ratelimit-remaining: 962
x-ratelimit-reset: 1773122832
Age: 23637
cf-cache-status: HIT
Content-Encoding: gzip
CF-RAY: 9db02329f8bf7e93-MAA
alt-svc: h3=":443"; ma=86400

{
    "id": 1,
    "name": "Leanne Graham",
    "username": "Bret",
    "email": "Sincere@april.biz",
    "address": {
        "street": "Kulas Light",
        "suite": "Apt. 556",
        "city": "Gwenborough",
        "zipcode": "92998-3874",
        "geo": {
            "lat": "-37.3159",
            "lng": "81.1496"
        }
    },
    "phone": "1-770-736-8031 x56442",
    "website": "hildegard.org",
    "company": {
        "name": "Romaguera-Crona",
        "catchPhrase": "Multi-layered client-server neural-net",
        "bs": "harness real-time e-markets"
    }
}
]]></system-out>
  </testcase>
  <testcase name="getUserById_returnsExpectedUser" classname="com.vinoth.api.tests.users.GetUserTests" time="0.203">
    <system-out><![CDATA[10:13:20.398 [TestNG-test-User API Tests-1] INFO  com.vinoth.api.base.BaseTest [] - [PASS] GetUserTests.getUserById_deserialisesToPojo | 1507ms | correlationId=d75f57d4-4a0d-4642-a3dc-6b3aecd7d2a8
10:13:20.403 [TestNG-test-User API Tests-1] DEBUG com.vinoth.api.client.ApiClient [] - ApiClient initialised | correlationId=5a66254c-3804-4424-8a83-15831e491c34 | baseUrl=https://jsonplaceholder.typicode.com
10:13:20.403 [TestNG-test-User API Tests-1] INFO  com.vinoth.api.base.BaseTest [] - [START] GetUserTests.getUserById_returnsExpectedUser | correlationId=5a66254c-3804-4424-8a83-15831e491c34
10:13:20.412 [TestNG-test-User API Tests-1] INFO  com.vinoth.api.services.UserService [] - Retrieving user | id=1
10:13:20.412 [TestNG-test-User API Tests-1] DEBUG com.vinoth.api.client.ApiClient [] - GET /users/{id} | pathParams={id=1} | correlationId=5a66254c-3804-4424-8a83-15831e491c34
Request method:	GET
Request URI:	https://jsonplaceholder.typicode.com/users/1
Proxy:			<none>
Request params:	<none>
Query params:	<none>
Form params:	<none>
Path params:	id=1
Headers:		Accept=application/json
				X-Correlation-Id=5a66254c-3804-4424-8a83-15831e491c34
				Content-Type=application/json
Cookies:		<none>
Multiparts:		<none>
Body:			<none>
HTTP/1.1 200 OK
Date: Thu, 12 Mar 2026 04:43:20 GMT
Content-Type: application/json; charset=utf-8
Transfer-Encoding: chunked
Connection: keep-alive
access-control-allow-credentials: true
Cache-Control: max-age=43200
etag: W/"1fd-+2Y3G3w049iSZtw5t1mzSnunngE"
expires: -1
nel: {"report_to":"heroku-nel","response_headers":["Via"],"max_age":3600,"success_fraction":0.01,"failure_fraction":0.1}
pragma: no-cache
report-to: {"group":"heroku-nel","endpoints":[{"url":"https://nel.heroku.com/reports?s=T86qyvzvV9yBipHDKxRHNI7rrhPbyEO7ztdBV%2B7IH%2Bw%3D\u0026sid=e11707d5-02a7-43ef-b45e-2cf4d2036f7d\u0026ts=1773122776"}],"max_age":3600}
reporting-endpoints: heroku-nel="https://nel.heroku.com/reports?s=T86qyvzvV9yBipHDKxRHNI7rrhPbyEO7ztdBV%2B7IH%2Bw%3D&sid=e11707d5-02a7-43ef-b45e-2cf4d2036f7d&ts=1773122776"
Server: cloudflare
vary: Origin, Accept-Encoding
via: 2.0 heroku-router
x-content-type-options: nosniff
x-powered-by: Express
x-ratelimit-limit: 1000
x-ratelimit-remaining: 962
x-ratelimit-reset: 1773122832
Age: 23637
cf-cache-status: HIT
Content-Encoding: gzip
CF-RAY: 9db0232c9f607f4a-MAA
alt-svc: h3=":443"; ma=86400

{
    "id": 1,
    "name": "Leanne Graham",
    "username": "Bret",
    "email": "Sincere@april.biz",
    "address": {
        "street": "Kulas Light",
        "suite": "Apt. 556",
        "city": "Gwenborough",
        "zipcode": "92998-3874",
        "geo": {
            "lat": "-37.3159",
            "lng": "81.1496"
        }
    },
    "phone": "1-770-736-8031 x56442",
    "website": "hildegard.org",
    "company": {
        "name": "Romaguera-Crona",
        "catchPhrase": "Multi-layered client-server neural-net",
        "bs": "harness real-time e-markets"
    }
}
10:13:20.596 [TestNG-test-User API Tests-1] DEBUG com.vinoth.api.utils.SchemaValidator [] - Loading schema from classpath: schemas/user-response-schema.json
]]></system-out>
  </testcase>
  <testcase name="getUserById_withNonExistentId_returns404" classname="com.vinoth.api.tests.users.GetUserTests" time="0.097">
    <system-out><![CDATA[10:13:20.618 [TestNG-test-User API Tests-1] INFO  com.vinoth.api.base.BaseTest [] - [PASS] GetUserTests.getUserById_returnsExpectedUser | 206ms | correlationId=5a66254c-3804-4424-8a83-15831e491c34
10:13:20.625 [TestNG-test-User API Tests-1] DEBUG com.vinoth.api.client.ApiClient [] - ApiClient initialised | correlationId=2f1afaf9-5b4d-4c13-8986-9399f83b625c | baseUrl=https://jsonplaceholder.typicode.com
10:13:20.626 [TestNG-test-User API Tests-1] INFO  com.vinoth.api.base.BaseTest [] - [START] GetUserTests.getUserById_withNonExistentId_returns404 | correlationId=2f1afaf9-5b4d-4c13-8986-9399f83b625c
10:13:20.640 [TestNG-test-User API Tests-1] INFO  com.vinoth.api.services.UserService [] - Retrieving user | id=99999
10:13:20.640 [TestNG-test-User API Tests-1] DEBUG com.vinoth.api.client.ApiClient [] - GET /users/{id} | pathParams={id=99999} | correlationId=2f1afaf9-5b4d-4c13-8986-9399f83b625c
Request method:	GET
Request URI:	https://jsonplaceholder.typicode.com/users/99999
Proxy:			<none>
Request params:	<none>
Query params:	<none>
Form params:	<none>
Path params:	id=99999
Headers:		Accept=application/json
				X-Correlation-Id=2f1afaf9-5b4d-4c13-8986-9399f83b625c
				Content-Type=application/json
Cookies:		<none>
Multiparts:		<none>
Body:			<none>
HTTP/1.1 404 Not Found
Date: Thu, 12 Mar 2026 04:43:20 GMT
Content-Type: application/json; charset=utf-8
Content-Length: 2
Connection: keep-alive
access-control-allow-credentials: true
Cache-Control: max-age=43200
etag: W/"2-vyGp6PvFo4RvsFtPoIWeCReyIC8"
expires: -1
nel: {"report_to":"heroku-nel","response_headers":["Via"],"max_age":3600,"success_fraction":0.01,"failure_fraction":0.1}
pragma: no-cache
report-to: {"group":"heroku-nel","endpoints":[{"url":"https://nel.heroku.com/reports?s=6hUpX4OpSfqouu4PVpAvff5B8YWd0Ol4x0L4NNQkXIY%3D\u0026sid=e11707d5-02a7-43ef-b45e-2cf4d2036f7d\u0026ts=1773289761"}],"max_age":3600}
reporting-endpoints: heroku-nel="https://nel.heroku.com/reports?s=6hUpX4OpSfqouu4PVpAvff5B8YWd0Ol4x0L4NNQkXIY%3D&sid=e11707d5-02a7-43ef-b45e-2cf4d2036f7d&ts=1773289761"
Server: cloudflare
vary: Origin, Accept-Encoding
via: 2.0 heroku-router
x-content-type-options: nosniff
x-powered-by: Express
x-ratelimit-limit: 1000
x-ratelimit-remaining: 991
x-ratelimit-reset: 1773289795
Age: 839
cf-cache-status: HIT
CF-RAY: 9db0232dfbc0f399-MAA
alt-svc: h3=":443"; ma=86400

{
    
}
]]></system-out>
  </testcase>
  <testcase name="createUser_withFullPayload_returns201AndAssignsId" classname="com.vinoth.api.tests.users.CreateUserTests" time="2.24">
    <system-out><![CDATA[10:13:16.064 [TestNG-PoolService-3] INFO  com.vinoth.api.base.BaseTest [] - [PASS] GetUserTests.createUser_withValidData_returns201 | 8369ms | correlationId=4534d7d1-5c65-42c8-aace-8b150d2ab327
]]></system-out>
  </testcase>
  <testcase name="createUser_withMinimalPayload_returns201" classname="com.vinoth.api.tests.users.CreateUserTests" time="0.105">
    <system-out><![CDATA[10:13:16.358 [TestNG-PoolService-1] INFO  com.vinoth.api.base.BaseTest [] - [PASS] GetUserTests.createUser_withValidData_returns201 | 8659ms | correlationId=beb2c4a1-6852-43a1-bfe3-6c2a5db94806
10:13:16.403 [TestNG-test-User API Tests-1] DEBUG com.vinoth.api.client.ApiClient [] - ApiClient initialised | correlationId=c7395715-b48f-4b63-8c1d-5300e7462066 | baseUrl=https://jsonplaceholder.typicode.com
10:13:16.404 [TestNG-test-User API Tests-1] INFO  com.vinoth.api.base.BaseTest [] - [START] GetUserTests.getAllUsers_eachUserHasRequiredFields | correlationId=c7395715-b48f-4b63-8c1d-5300e7462066
10:13:16.430 [TestNG-test-User API Tests-1] INFO  com.vinoth.api.services.UserService [] - Retrieving all users
10:13:16.432 [TestNG-test-User API Tests-1] DEBUG com.vinoth.api.client.ApiClient [] - GET /users | correlationId=c7395715-b48f-4b63-8c1d-5300e7462066
Request method:	GET
Request URI:	https://jsonplaceholder.typicode.com/users
Proxy:			<none>
Request params:	<none>
Query params:	<none>
Form params:	<none>
Path params:	<none>
Headers:		Accept=application/json
				X-Correlation-Id=c7395715-b48f-4b63-8c1d-5300e7462066
				Content-Type=application/json
Cookies:		<none>
Multiparts:		<none>
Body:			<none>
HTTP/1.1 201 Created
Date: Thu, 12 Mar 2026 04:43:16 GMT
Content-Type: application/json; charset=utf-8
Content-Length: 40
Connection: keep-alive
access-control-allow-credentials: true
access-control-expose-headers: Location
Cache-Control: no-cache
etag: W/"28-baQ5TESmMFgX5pvgHCcqZtx8VCo"
expires: -1
location: https://jsonplaceholder.typicode.com/users/11
nel: {"report_to":"heroku-nel","response_headers":["Via"],"max_age":3600,"success_fraction":0.01,"failure_fraction":0.1}
pragma: no-cache
report-to: {"group":"heroku-nel","endpoints":[{"url":"https://nel.heroku.com/reports?s=vhP19vbSgvPHikdDLKJ0lw0SBVpQnqqY9GlmUEnHMRE%3D\u0026sid=e11707d5-02a7-43ef-b45e-2cf4d2036f7d\u0026ts=1773290596"}],"max_age":3600}
reporting-endpoints: heroku-nel="https://nel.heroku.com/reports?s=vhP19vbSgvPHikdDLKJ0lw0SBVpQnqqY9GlmUEnHMRE%3D&sid=e11707d5-02a7-43ef-b45e-2cf4d2036f7d&ts=1773290596"
Server: cloudflare
vary: Origin, X-HTTP-Method-Override, Accept-Encoding
via: 2.0 heroku-router
x-content-type-options: nosniff
x-powered-by: Express
x-ratelimit-limit: 1000
x-ratelimit-remaining: 993
x-ratelimit-reset: 1773290635
cf-cache-status: DYNAMIC
CF-RAY: 9db023120acaf599-MAA
alt-svc: h3=":443"; ma=86400

{
    "name": "Minimal User",
    "id": 11
}
]]></system-out>
  </testcase>
  <testcase name="updateUser_withValidPayload_returns200" classname="com.vinoth.api.tests.users.CreateUserTests" time="0.089">
    <system-out><![CDATA[10:13:17.263 [TestNG-test-User API Tests-1] INFO  com.vinoth.api.base.BaseTest [] - [PASS] GetUserTests.getAllUsers_eachUserHasRequiredFields | 836ms | correlationId=c7395715-b48f-4b63-8c1d-5300e7462066
10:13:17.272 [TestNG-test-User API Tests-1] DEBUG com.vinoth.api.client.ApiClient [] - ApiClient initialised | correlationId=cd3a7ab8-4387-459c-80a2-bc7b992f3524 | baseUrl=https://jsonplaceholder.typicode.com
10:13:17.273 [TestNG-test-User API Tests-1] INFO  com.vinoth.api.base.BaseTest [] - [START] GetUserTests.getAllUsers_returns200WithNonEmptyList | correlationId=cd3a7ab8-4387-459c-80a2-bc7b992f3524
10:13:17.288 [TestNG-test-User API Tests-1] INFO  com.vinoth.api.services.UserService [] - Retrieving all users
10:13:17.290 [TestNG-test-User API Tests-1] DEBUG com.vinoth.api.client.ApiClient [] - GET /users | correlationId=cd3a7ab8-4387-459c-80a2-bc7b992f3524
Request method:	GET
Request URI:	https://jsonplaceholder.typicode.com/users
Proxy:			<none>
Request params:	<none>
Query params:	<none>
Form params:	<none>
Path params:	<none>
Headers:		Accept=application/json
				X-Correlation-Id=cd3a7ab8-4387-459c-80a2-bc7b992f3524
				Content-Type=application/json
Cookies:		<none>
Multiparts:		<none>
Body:			<none>
HTTP/1.1 200 OK
Date: Thu, 12 Mar 2026 04:43:17 GMT
Content-Type: application/json; charset=utf-8
Transfer-Encoding: chunked
Connection: keep-alive
access-control-allow-credentials: true
Cache-Control: no-cache
etag: W/"49-vu97UR71QR/ViChj20FKvTuARyo"
expires: -1
nel: {"report_to":"heroku-nel","response_headers":["Via"],"max_age":3600,"success_fraction":0.01,"failure_fraction":0.1}
pragma: no-cache
report-to: {"group":"heroku-nel","endpoints":[{"url":"https://nel.heroku.com/reports?s=cRsYG%2FJU%2BVWrfRLCnYCc3Jo71OUYqdWfJt3i%2F%2Bi3YLE%3D\u0026sid=e11707d5-02a7-43ef-b45e-2cf4d2036f7d\u0026ts=1773290597"}],"max_age":3600}
reporting-endpoints: heroku-nel="https://nel.heroku.com/reports?s=cRsYG%2FJU%2BVWrfRLCnYCc3Jo71OUYqdWfJt3i%2F%2Bi3YLE%3D&sid=e11707d5-02a7-43ef-b45e-2cf4d2036f7d&ts=1773290597"
Server: cloudflare
vary: Origin, Accept-Encoding
via: 2.0 heroku-router
x-content-type-options: nosniff
x-powered-by: Express
x-ratelimit-limit: 1000
x-ratelimit-remaining: 992
x-ratelimit-reset: 1773290635
cf-cache-status: DYNAMIC
Content-Encoding: gzip
CF-RAY: 9db02314c8aeac6d-MAA
alt-svc: h3=":443"; ma=86400

{
    "name": "Updated Name",
    "email": "updated@example.com",
    "id": 1
}
]]></system-out>
  </testcase>
  <testcase name="createPost_withValidData_returns201[PostRequest(userId=1, title=Understanding REST API Testing, body=REST APIs are the backbone of modern software. This post covers best practices for testing them systematically.)](1)" classname="com.vinoth.api.tests.posts.PostCrudTests" time="0.42">
    <system-out><![CDATA[10:13:20.744 [TestNG-test-User API Tests-1] INFO  com.vinoth.api.base.BaseTest [] - [PASS] GetUserTests.getUserById_withNonExistentId_returns404 | 102ms | correlationId=2f1afaf9-5b4d-4c13-8986-9399f83b625c
10:13:20.801 [TestNG-test-Post API Tests-1] DEBUG com.vinoth.api.utils.TestDataLoader [] - Loaded 3 records from [testdata/posts/valid-posts.json]
10:13:20.806 [TestNG-PoolService-3] DEBUG com.vinoth.api.client.ApiClient [] - ApiClient initialised | correlationId=b18f7396-d755-4858-a8a0-83c780397528 | baseUrl=https://jsonplaceholder.typicode.com
10:13:20.807 [TestNG-PoolService-2] DEBUG com.vinoth.api.client.ApiClient [] - ApiClient initialised | correlationId=c330c1aa-de4d-4204-b437-a9dfd7c2dc60 | baseUrl=https://jsonplaceholder.typicode.com
10:13:20.807 [TestNG-PoolService-1] DEBUG com.vinoth.api.client.ApiClient [] - ApiClient initialised | correlationId=dd96f3af-9b9f-4bf6-9ffc-28b4a18ba1de | baseUrl=https://jsonplaceholder.typicode.com
10:13:20.807 [TestNG-PoolService-3] INFO  com.vinoth.api.base.BaseTest [] - [START] PostCrudTests.createPost_withValidData_returns201 | correlationId=b18f7396-d755-4858-a8a0-83c780397528
10:13:20.807 [TestNG-PoolService-2] INFO  com.vinoth.api.base.BaseTest [] - [START] PostCrudTests.createPost_withValidData_returns201 | correlationId=c330c1aa-de4d-4204-b437-a9dfd7c2dc60
10:13:20.807 [TestNG-PoolService-1] INFO  com.vinoth.api.base.BaseTest [] - [START] PostCrudTests.createPost_withValidData_returns201 | correlationId=dd96f3af-9b9f-4bf6-9ffc-28b4a18ba1de
10:13:20.844 [TestNG-PoolService-1] INFO  com.vinoth.api.services.PostService [] - Creating post | title=Understanding REST API Testing | userId=1
10:13:20.844 [TestNG-PoolService-2] INFO  com.vinoth.api.services.PostService [] - Creating post | title=Enterprise Test Automation Patterns | userId=1
10:13:20.844 [TestNG-PoolService-1] DEBUG com.vinoth.api.client.ApiClient [] - POST /posts | correlationId=b18f7396-d755-4858-a8a0-83c780397528
10:13:20.844 [TestNG-PoolService-2] DEBUG com.vinoth.api.client.ApiClient [] - POST /posts | correlationId=b18f7396-d755-4858-a8a0-83c780397528
10:13:20.853 [TestNG-PoolService-3] INFO  com.vinoth.api.services.PostService [] - Creating post | title=Why JSON Schema Validation Matters | userId=2
10:13:20.854 [TestNG-PoolService-3] DEBUG com.vinoth.api.client.ApiClient [] - POST /posts | correlationId=b18f7396-d755-4858-a8a0-83c780397528
Request method:	POST
Request URI:	https://jsonplaceholder.typicode.com/posts
Proxy:			<none>
Request params:	<none>
Query params:	<none>
Form params:	<none>
Path params:	<none>
Headers:		Accept=application/json
				X-Correlation-Id=b18f7396-d755-4858-a8a0-83c780397528
				Content-Type=application/json
Cookies:		<none>
Multiparts:		<none>
Body:
{
    "userId": 1,
    "title": "Understanding REST API Testing",
    "body": "REST APIs are the backbone of modern software. This post covers best practices for testing them systematically."
}
Request method:	POST
Request URI:	https://jsonplaceholder.typicode.com/posts
Proxy:			<none>
Request params:	<none>
Query params:	<none>
Form params:	<none>
Path params:	<none>
Headers:		Accept=application/json
				X-Correlation-Id=b18f7396-d755-4858-a8a0-83c780397528
				Content-Type=application/json
Cookies:		<none>
Multiparts:		<none>
Body:
{
    "userId": 1,
    "title": "Enterprise Test Automation Patterns",
    "body": "Layered test frameworks with service abstractions make automation maintainable at scale."
}
Request method:	POST
Request URI:	https://jsonplaceholder.typicode.com/posts
Proxy:			<none>
Request params:	<none>
Query params:	<none>
Form params:	<none>
Path params:	<none>
Headers:		Accept=application/json
				X-Correlation-Id=b18f7396-d755-4858-a8a0-83c780397528
				Content-Type=application/json
Cookies:		<none>
Multiparts:		<none>
Body:
{
    "userId": 2,
    "title": "Why JSON Schema Validation Matters",
    "body": "Contract testing catches API drift early, reducing production incidents and saving debugging time."
}
HTTP/1.1 201 Created
Date: Thu, 12 Mar 2026 04:43:21 GMT
Content-Type: application/json; charset=utf-8
Content-Length: 200
Connection: keep-alive
access-control-allow-credentials: true
access-control-expose-headers: Location
Cache-Control: no-cache
etag: W/"c8-Igeql/A7JJfKwX09iP1JVm7VXFw"
expires: -1
location: https://jsonplaceholder.typicode.com/posts/101
nel: {"report_to":"heroku-nel","response_headers":["Via"],"max_age":3600,"success_fraction":0.01,"failure_fraction":0.1}
pragma: no-cache
report-to: {"group":"heroku-nel","endpoints":[{"url":"https://nel.heroku.com/reports?s=LSjXa186hLRnLlG6o3l4%2FGoTTwSuMS2qFeJSXiLD6G0%3D\u0026sid=e11707d5-02a7-43ef-b45e-2cf4d2036f7d\u0026ts=1773290601"}],"max_age":3600}
reporting-endpoints: heroku-nel="https://nel.heroku.com/reports?s=LSjXa186hLRnLlG6o3l4%2FGoTTwSuMS2qFeJSXiLD6G0%3D&sid=e11707d5-02a7-43ef-b45e-2cf4d2036f7d&ts=1773290601"
Server: cloudflare
vary: Origin, X-HTTP-Method-Override, Accept-Encoding
via: 2.0 heroku-router
x-content-type-options: nosniff
x-powered-by: Express
x-ratelimit-limit: 1000
x-ratelimit-remaining: 991
x-ratelimit-reset: 1773290635
cf-cache-status: DYNAMIC
CF-RAY: 9db0232f8bfaac6d-MAA
alt-svc: h3=":443"; ma=86400

{
    "userId": 1,
    "title": "Understanding REST API Testing",
    "body": "REST APIs are the backbone of modern software. This post covers best practices for testing them systematically.",
    "id": 101
}
HTTP/1.1 201 Created
Date: Thu, 12 Mar 2026 04:43:21 GMT
Content-Type: application/json; charset=utf-8
Content-Length: 182
Connection: keep-alive
access-control-allow-credentials: true
access-control-expose-headers: Location
Cache-Control: no-cache
etag: W/"b6-rLRXzszXVHLm1ZYgyp4IIfFGObU"
expires: -1
location: https://jsonplaceholder.typicode.com/posts/101
nel: {"report_to":"heroku-nel","response_headers":["Via"],"max_age":3600,"success_fraction":0.01,"failure_fraction":0.1}
pragma: no-cache
report-to: {"group":"heroku-nel","endpoints":[{"url":"https://nel.heroku.com/reports?s=LSjXa186hLRnLlG6o3l4%2FGoTTwSuMS2qFeJSXiLD6G0%3D\u0026sid=e11707d5-02a7-43ef-b45e-2cf4d2036f7d\u0026ts=1773290601"}],"max_age":3600}
reporting-endpoints: heroku-nel="https://nel.heroku.com/reports?s=LSjXa186hLRnLlG6o3l4%2FGoTTwSuMS2qFeJSXiLD6G0%3D&sid=e11707d5-02a7-43ef-b45e-2cf4d2036f7d&ts=1773290601"
Server: cloudflare
vary: Origin, X-HTTP-Method-Override, Accept-Encoding
via: 2.0 heroku-router
x-content-type-options: nosniff
x-powered-by: Express
x-ratelimit-limit: 1000
x-ratelimit-remaining: 990
x-ratelimit-reset: 1773290635
cf-cache-status: DYNAMIC
CF-RAY: 9db0232f9e1c396c-MAA
alt-svc: h3=":443"; ma=86400

{
    "userId": 1,
    "title": "Enterprise Test Automation Patterns",
    "body": "Layered test frameworks with service abstractions make automation maintainable at scale.",
    "id": 101
}
HTTP/1.1 201 Created
Date: Thu, 12 Mar 2026 04:43:21 GMT
Content-Type: application/json; charset=utf-8
Content-Length: 191
Connection: keep-alive
access-control-allow-credentials: true
access-control-expose-headers: Location
Cache-Control: no-cache
etag: W/"bf-ZnheuqEmxqYrlUz4AiojuZJ00x8"
expires: -1
location: https://jsonplaceholder.typicode.com/posts/101
nel: {"report_to":"heroku-nel","response_headers":["Via"],"max_age":3600,"success_fraction":0.01,"failure_fraction":0.1}
pragma: no-cache
report-to: {"group":"heroku-nel","endpoints":[{"url":"https://nel.heroku.com/reports?s=LSjXa186hLRnLlG6o3l4%2FGoTTwSuMS2qFeJSXiLD6G0%3D\u0026sid=e11707d5-02a7-43ef-b45e-2cf4d2036f7d\u0026ts=1773290601"}],"max_age":3600}
reporting-endpoints: heroku-nel="https://nel.heroku.com/reports?s=LSjXa186hLRnLlG6o3l4%2FGoTTwSuMS2qFeJSXiLD6G0%3D&sid=e11707d5-02a7-43ef-b45e-2cf4d2036f7d&ts=1773290601"
Server: cloudflare
vary: Origin, X-HTTP-Method-Override, Accept-Encoding
via: 2.0 heroku-router
x-content-type-options: nosniff
x-powered-by: Express
x-ratelimit-limit: 1000
x-ratelimit-remaining: 989
x-ratelimit-reset: 1773290635
cf-cache-status: DYNAMIC
CF-RAY: 9db0232fdd481996-MAA
alt-svc: h3=":443"; ma=86400

{
    "userId": 2,
    "title": "Why JSON Schema Validation Matters",
    "body": "Contract testing catches API drift early, reducing production incidents and saving debugging time.",
    "id": 101
}
]]></system-out>
  </testcase>
  <testcase name="createPost_withValidData_returns201[PostRequest(userId=1, title=Enterprise Test Automation Patterns, body=Layered test frameworks with service abstractions make automation maintainable at scale.)](2)" classname="com.vinoth.api.tests.posts.PostCrudTests" time="0.435">
    <system-out><![CDATA[10:13:21.288 [TestNG-PoolService-1] INFO  com.vinoth.api.base.BaseTest [] - [PASS] PostCrudTests.createPost_withValidData_returns201 | 445ms | correlationId=dd96f3af-9b9f-4bf6-9ffc-28b4a18ba1de
]]></system-out>
  </testcase>
  <testcase name="createPost_withValidData_returns201[PostRequest(userId=2, title=Why JSON Schema Validation Matters, body=Contract testing catches API drift early, reducing production incidents and saving debugging time.)](3)" classname="com.vinoth.api.tests.posts.PostCrudTests" time="0.468">
    <system-out><![CDATA[10:13:21.304 [TestNG-PoolService-2] INFO  com.vinoth.api.base.BaseTest [] - [PASS] PostCrudTests.createPost_withValidData_returns201 | 446ms | correlationId=c330c1aa-de4d-4204-b437-a9dfd7c2dc60
]]></system-out>
  </testcase>
  <testcase name="deletePost_returns200" classname="com.vinoth.api.tests.posts.PostCrudTests" time="0.309">
    <system-out><![CDATA[10:13:21.335 [TestNG-PoolService-3] INFO  com.vinoth.api.base.BaseTest [] - [PASS] PostCrudTests.createPost_withValidData_returns201 | 490ms | correlationId=b18f7396-d755-4858-a8a0-83c780397528
10:13:21.340 [TestNG-test-Post API Tests-1] DEBUG com.vinoth.api.client.ApiClient [] - ApiClient initialised | correlationId=3f01162d-4d1c-4972-b9ef-a7ed7011b5f7 | baseUrl=https://jsonplaceholder.typicode.com
10:13:21.341 [TestNG-test-Post API Tests-1] INFO  com.vinoth.api.base.BaseTest [] - [START] PostCrudTests.deletePost_returns200 | correlationId=3f01162d-4d1c-4972-b9ef-a7ed7011b5f7
10:13:21.351 [TestNG-test-Post API Tests-1] INFO  com.vinoth.api.services.PostService [] - Deleting post | id=1
10:13:21.352 [TestNG-test-Post API Tests-1] DEBUG com.vinoth.api.client.ApiClient [] - DELETE /posts/1 | correlationId=3f01162d-4d1c-4972-b9ef-a7ed7011b5f7
Request method:	DELETE
Request URI:	https://jsonplaceholder.typicode.com/posts/1
Proxy:			<none>
Request params:	<none>
Query params:	<none>
Form params:	<none>
Path params:	<none>
Headers:		Accept=application/json
				X-Correlation-Id=3f01162d-4d1c-4972-b9ef-a7ed7011b5f7
				Content-Type=application/json
Cookies:		<none>
Multiparts:		<none>
Body:			<none>
HTTP/1.1 200 OK
Date: Thu, 12 Mar 2026 04:43:21 GMT
Content-Type: application/json; charset=utf-8
Content-Length: 2
Connection: keep-alive
access-control-allow-credentials: true
Cache-Control: no-cache
etag: W/"2-vyGp6PvFo4RvsFtPoIWeCReyIC8"
expires: -1
nel: {"report_to":"heroku-nel","response_headers":["Via"],"max_age":3600,"success_fraction":0.01,"failure_fraction":0.1}
pragma: no-cache
report-to: {"group":"heroku-nel","endpoints":[{"url":"https://nel.heroku.com/reports?s=LSjXa186hLRnLlG6o3l4%2FGoTTwSuMS2qFeJSXiLD6G0%3D\u0026sid=e11707d5-02a7-43ef-b45e-2cf4d2036f7d\u0026ts=1773290601"}],"max_age":3600}
reporting-endpoints: heroku-nel="https://nel.heroku.com/reports?s=LSjXa186hLRnLlG6o3l4%2FGoTTwSuMS2qFeJSXiLD6G0%3D&sid=e11707d5-02a7-43ef-b45e-2cf4d2036f7d&ts=1773290601"
Server: cloudflare
vary: Origin, Accept-Encoding
via: 2.0 heroku-router
x-content-type-options: nosniff
x-powered-by: Express
x-ratelimit-limit: 1000
x-ratelimit-remaining: 988
x-ratelimit-reset: 1773290635
cf-cache-status: DYNAMIC
CF-RAY: 9db0233268666e76-MAA
alt-svc: h3=":443"; ma=86400

{
    
}
]]></system-out>
  </testcase>
  <testcase name="getAllPosts_returns200" classname="com.vinoth.api.tests.posts.PostCrudTests" time="0.337">
    <system-out><![CDATA[10:13:21.666 [TestNG-test-Post API Tests-1] INFO  com.vinoth.api.base.BaseTest [] - [PASS] PostCrudTests.deletePost_returns200 | 313ms | correlationId=3f01162d-4d1c-4972-b9ef-a7ed7011b5f7
10:13:21.673 [TestNG-test-Post API Tests-1] DEBUG com.vinoth.api.client.ApiClient [] - ApiClient initialised | correlationId=23172ac5-0ae8-4e26-8030-47d42a4d0828 | baseUrl=https://jsonplaceholder.typicode.com
10:13:21.674 [TestNG-test-Post API Tests-1] INFO  com.vinoth.api.base.BaseTest [] - [START] PostCrudTests.getAllPosts_returns200 | correlationId=23172ac5-0ae8-4e26-8030-47d42a4d0828
10:13:21.685 [TestNG-test-Post API Tests-1] INFO  com.vinoth.api.services.PostService [] - Retrieving all posts
10:13:21.685 [TestNG-test-Post API Tests-1] DEBUG com.vinoth.api.client.ApiClient [] - GET /posts | correlationId=23172ac5-0ae8-4e26-8030-47d42a4d0828
Request method:	GET
Request URI:	https://jsonplaceholder.typicode.com/posts
Proxy:			<none>
Request params:	<none>
Query params:	<none>
Form params:	<none>
Path params:	<none>
Headers:		Accept=application/json
				X-Correlation-Id=23172ac5-0ae8-4e26-8030-47d42a4d0828
				Content-Type=application/json
Cookies:		<none>
Multiparts:		<none>
Body:			<none>
HTTP/1.1 200 OK
Date: Thu, 12 Mar 2026 04:43:21 GMT
Content-Type: application/json; charset=utf-8
Transfer-Encoding: chunked
Connection: keep-alive
access-control-allow-credentials: true
Cache-Control: max-age=43200
Content-Encoding: gzip
etag: W/"6b80-Ybsq/K6GwwqrYkAsFxqDXGC7DoM"
expires: -1
nel: {"report_to":"heroku-nel","response_headers":["Via"],"max_age":3600,"success_fraction":0.01,"failure_fraction":0.1}
pragma: no-cache
report-to: {"group":"heroku-nel","endpoints":[{"url":"https://nel.heroku.com/reports?s=n1awZgGRrK8B%2BkZAB9gPeCW7tnb2JYfBfVWxO57B8QY%3D\u0026sid=e11707d5-02a7-43ef-b45e-2cf4d2036f7d\u0026ts=1769174083"}],"max_age":3600}
reporting-endpoints: heroku-nel="https://nel.heroku.com/reports?s=n1awZgGRrK8B%2BkZAB9gPeCW7tnb2JYfBfVWxO57B8QY%3D&sid=e11707d5-02a7-43ef-b45e-2cf4d2036f7d&ts=1769174083"
Server: cloudflare
vary: Origin, Accept-Encoding
via: 2.0 heroku-router
x-content-type-options: nosniff
x-powered-by: Express
x-ratelimit-limit: 1000
x-ratelimit-remaining: 999
x-ratelimit-reset: 1769174130
Age: 7014
cf-cache-status: HIT
CF-RAY: 9db02334cfe2178e-MAA
alt-svc: h3=":443"; ma=86400

[
    {
        "userId": 1,
        "id": 1,
        "title": "sunt aut facere repellat provident occaecati excepturi optio reprehenderit",
        "body": "quia et suscipit\nsuscipit recusandae consequuntur expedita et cum\nreprehenderit molestiae ut ut quas totam\nnostrum rerum est autem sunt rem eveniet architecto"
    },
    {
        "userId": 1,
        "id": 2,
        "title": "qui est esse",
        "body": "est rerum tempore vitae\nsequi sint nihil reprehenderit dolor beatae ea dolores neque\nfugiat blanditiis voluptate porro vel nihil molestiae ut reiciendis\nqui aperiam non debitis possimus qui neque nisi nulla"
    },
    {
        "userId": 1,
        "id": 3,
        "title": "ea molestias quasi exercitationem repellat qui ipsa sit aut",
        "body": "et iusto sed quo iure\nvoluptatem occaecati omnis eligendi aut ad\nvoluptatem doloribus vel accusantium quis pariatur\nmolestiae porro eius odio et labore et velit aut"
    },
    {
        "userId": 1,
        "id": 4,
        "title": "eum et est occaecati",
        "body": "ullam et saepe reiciendis voluptatem adipisci\nsit amet autem assumenda provident rerum culpa\nquis hic commodi nesciunt rem tenetur doloremque ipsam iure\nquis sunt voluptatem rerum illo velit"
    },
    {
        "userId": 1,
        "id": 5,
        "title": "nesciunt quas odio",
        "body": "repudiandae veniam quaerat sunt sed\nalias aut fugiat sit autem sed est\nvoluptatem omnis possimus esse voluptatibus quis\nest aut tenetur dolor neque"
    },
    {
        "userId": 1,
        "id": 6,
        "title": "dolorem eum magni eos aperiam quia",
        "body": "ut aspernatur corporis harum nihil quis provident sequi\nmollitia nobis aliquid molestiae\nperspiciatis et ea nemo ab reprehenderit accusantium quas\nvoluptate dolores velit et doloremque molestiae"
    },
    {
        "userId": 1,
        "id": 7,
        "title": "magnam facilis autem",
        "body": "dolore placeat quibusdam ea quo vitae\nmagni quis enim qui quis quo nemo aut saepe\nquidem repellat excepturi ut quia\nsunt ut sequi eos ea sed quas"
    },
    {
        "userId": 1,
        "id": 8,
        "title": "dolorem dolore est ipsam",
        "body": "dignissimos aperiam dolorem qui eum\nfacilis quibusdam animi sint suscipit qui sint possimus cum\nquaerat magni maiores excepturi\nipsam ut commodi dolor voluptatum modi aut vitae"
    },
    {
        "userId": 1,
        "id": 9,
        "title": "nesciunt iure omnis dolorem tempora et accusantium",
        "body": "consectetur animi nesciunt iure dolore\nenim quia ad\nveniam autem ut quam aut nobis\net est aut quod aut provident voluptas autem voluptas"
    },
    {
        "userId": 1,
        "id": 10,
        "title": "optio molestias id quia eum",
        "body": "quo et expedita modi cum officia vel magni\ndoloribus qui repudiandae\nvero nisi sit\nquos veniam quod sed accusamus veritatis error"
    },
    {
        "userId": 2,
        "id": 11,
        "title": "et ea vero quia laudantium autem",
        "body": "delectus reiciendis molestiae occaecati non minima eveniet qui voluptatibus\naccusamus in eum beatae sit\nvel qui neque voluptates ut commodi qui incidunt\nut animi commodi"
    },
    {
        "userId": 2,
        "id": 12,
        "title": "in quibusdam tempore odit est dolorem",
        "body": "itaque id aut magnam\npraesentium quia et ea odit et ea voluptas et\nsapiente quia nihil amet occaecati quia id voluptatem\nincidunt ea est distinctio odio"
    },
    {
        "userId": 2,
        "id": 13,
        "title": "dolorum ut in voluptas mollitia et saepe quo animi",
        "body": "aut dicta possimus sint mollitia voluptas commodi quo doloremque\niste corrupti reiciendis voluptatem eius rerum\nsit cumque quod eligendi laborum minima\nperferendis recusandae assumenda consectetur porro architecto ipsum ipsam"
    },
    {
        "userId": 2,
        "id": 14,
        "title": "voluptatem eligendi optio",
        "body": "fuga et accusamus dolorum perferendis illo voluptas\nnon doloremque neque facere\nad qui dolorum molestiae beatae\nsed aut voluptas totam sit illum"
    },
    {
        "userId": 2,
        "id": 15,
        "title": "eveniet quod temporibus",
        "body": "reprehenderit quos placeat\nvelit minima officia dolores impedit repudiandae molestiae nam\nvoluptas recusandae quis delectus\nofficiis harum fugiat vitae"
    },
    {
        "userId": 2,
        "id": 16,
        "title": "sint suscipit perspiciatis velit dolorum rerum ipsa laboriosam odio",
        "body": "suscipit nam nisi quo aperiam aut\nasperiores eos fugit maiores voluptatibus quia\nvoluptatem quis ullam qui in alias quia est\nconsequatur magni mollitia accusamus ea nisi voluptate dicta"
    },
    {
        "userId": 2,
        "id": 17,
        "title": "fugit voluptas sed molestias voluptatem provident",
        "body": "eos voluptas et aut odit natus earum\naspernatur fuga molestiae ullam\ndeserunt ratione qui eos\nqui nihil ratione nemo velit ut aut id quo"
    },
    {
        "userId": 2,
        "id": 18,
        "title": "voluptate et itaque vero tempora molestiae",
        "body": "eveniet quo quis\nlaborum totam consequatur non dolor\nut et est repudiandae\nest voluptatem vel debitis et magnam"
    },
    {
        "userId": 2,
        "id": 19,
        "title": "adipisci placeat illum aut reiciendis qui",
        "body": "illum quis cupiditate provident sit magnam\nea sed aut omnis\nveniam maiores ullam consequatur atque\nadipisci quo iste expedita sit quos voluptas"
    },
    {
        "userId": 2,
        "id": 20,
        "title": "doloribus ad provident suscipit at",
        "body": "qui consequuntur ducimus possimus quisquam amet similique\nsuscipit porro ipsam amet\neos veritatis officiis exercitationem vel fugit aut necessitatibus totam\nomnis rerum consequatur expedita quidem cumque explicabo"
    },
    {
        "userId": 3,
        "id": 21,
        "title": "asperiores ea ipsam voluptatibus modi minima quia sint",
        "body": "repellat aliquid praesentium dolorem quo\nsed totam minus non itaque\nnihil labore molestiae sunt dolor eveniet hic recusandae veniam\ntempora et tenetur expedita sunt"
    },
    {
        "userId": 3,
        "id": 22,
        "title": "dolor sint quo a velit explicabo quia nam",
        "body": "eos qui et ipsum ipsam suscipit aut\nsed omnis non odio\nexpedita earum mollitia molestiae aut atque rem suscipit\nnam impedit esse"
    },
    {
        "userId": 3,
        "id": 23,
        "title": "maxime id vitae nihil numquam",
        "body": "veritatis unde neque eligendi\nquae quod architecto quo neque vitae\nest illo sit tempora doloremque fugit quod\net et vel beatae sequi ullam sed tenetur perspiciatis"
    },
    {
        "userId": 3,
        "id": 24,
        "title": "autem hic labore sunt dolores incidunt",
        "body": "enim et ex nulla\nomnis voluptas quia qui\nvoluptatem consequatur numquam aliquam sunt\ntotam recusandae id dignissimos aut sed asperiores deserunt"
    },
    {
        "userId": 3,
        "id": 25,
        "title": "rem alias distinctio quo quis",
        "body": "ullam consequatur ut\nomnis quis sit vel consequuntur\nipsa eligendi ipsum molestiae et omnis error nostrum\nmolestiae illo tempore quia et distinctio"
    },
    {
        "userId": 3,
        "id": 26,
        "title": "est et quae odit qui non",
        "body": "similique esse doloribus nihil accusamus\nomnis dolorem fuga consequuntur reprehenderit fugit recusandae temporibus\nperspiciatis cum ut laudantium\nomnis aut molestiae vel vero"
    },
    {
        "userId": 3,
        "id": 27,
        "title": "quasi id et eos tenetur aut quo autem",
        "body": "eum sed dolores ipsam sint possimus debitis occaecati\ndebitis qui qui et\nut placeat enim earum aut odit facilis\nconsequatur suscipit necessitatibus rerum sed inventore temporibus consequatur"
    },
    {
        "userId": 3,
        "id": 28,
        "title": "delectus ullam et corporis nulla voluptas sequi",
        "body": "non et quaerat ex quae ad maiores\nmaiores recusandae totam aut blanditiis mollitia quas illo\nut voluptatibus voluptatem\nsimilique nostrum eum"
    },
    {
        "userId": 3,
        "id": 29,
        "title": "iusto eius quod necessitatibus culpa ea",
        "body": "odit magnam ut saepe sed non qui\ntempora atque nihil\naccusamus illum doloribus illo dolor\neligendi repudiandae odit magni similique sed cum maiores"
    },
    {
        "userId": 3,
        "id": 30,
        "title": "a quo magni similique perferendis",
        "body": "alias dolor cumque\nimpedit blanditiis non eveniet odio maxime\nblanditiis amet eius quis tempora quia autem rem\na provident perspiciatis quia"
    },
    {
        "userId": 4,
        "id": 31,
        "title": "ullam ut quidem id aut vel consequuntur",
        "body": "debitis eius sed quibusdam non quis consectetur vitae\nimpedit ut qui consequatur sed aut in\nquidem sit nostrum et maiores adipisci atque\nquaerat voluptatem adipisci repudiandae"
    },
    {
        "userId": 4,
        "id": 32,
        "title": "doloremque illum aliquid sunt",
        "body": "deserunt eos nobis asperiores et hic\nest debitis repellat molestiae optio\nnihil ratione ut eos beatae quibusdam distinctio maiores\nearum voluptates et aut adipisci ea maiores voluptas maxime"
    },
    {
        "userId": 4,
        "id": 33,
        "title": "qui explicabo molestiae dolorem",
        "body": "rerum ut et numquam laborum odit est sit\nid qui sint in\nquasi tenetur tempore aperiam et quaerat qui in\nrerum officiis sequi cumque quod"
    },
    {
        "userId": 4,
        "id": 34,
        "title": "magnam ut rerum iure",
        "body": "ea velit perferendis earum ut voluptatem voluptate itaque iusto\ntotam pariatur in\nnemo voluptatem voluptatem autem magni tempora minima in\nest distinctio qui assumenda accusamus dignissimos officia nesciunt nobis"
    },
    {
        "userId": 4,
        "id": 35,
        "title": "id nihil consequatur molestias animi provident",
        "body": "nisi error delectus possimus ut eligendi vitae\nplaceat eos harum cupiditate facilis reprehenderit voluptatem beatae\nmodi ducimus quo illum voluptas eligendi\net nobis quia fugit"
    },
    {
        "userId": 4,
        "id": 36,
        "title": "fuga nam accusamus voluptas reiciendis itaque",
        "body": "ad mollitia et omnis minus architecto odit\nvoluptas doloremque maxime aut non ipsa qui alias veniam\nblanditiis culpa aut quia nihil cumque facere et occaecati\nqui aspernatur quia eaque ut aperiam inventore"
    },
    {
        "userId": 4,
        "id": 37,
        "title": "provident vel ut sit ratione est",
        "body": "debitis et eaque non officia sed nesciunt pariatur vel\nvoluptatem iste vero et ea\nnumquam aut expedita ipsum nulla in\nvoluptates omnis consequatur aut enim officiis in quam qui"
    },
    {
        "userId": 4,
        "id": 38,
        "title": "explicabo et eos deleniti nostrum ab id repellendus",
        "body": "animi esse sit aut sit nesciunt assumenda eum voluptas\nquia voluptatibus provident quia necessitatibus ea\nrerum repudiandae quia voluptatem delectus fugit aut id quia\nratione optio eos iusto veniam iure"
    },
    {
        "userId": 4,
        "id": 39,
        "title": "eos dolorem iste accusantium est eaque quam",
        "body": "corporis rerum ducimus vel eum accusantium\nmaxime aspernatur a porro possimus iste omnis\nest in deleniti asperiores fuga aut\nvoluptas sapiente vel dolore minus voluptatem incidunt ex"
    },
    {
        "userId": 4,
        "id": 40,
        "title": "enim quo cumque",
        "body": "ut voluptatum aliquid illo tenetur nemo sequi quo facilis\nipsum rem optio mollitia quas\nvoluptatem eum voluptas qui\nunde omnis voluptatem iure quasi maxime voluptas nam"
    },
    {
        "userId": 5,
        "id": 41,
        "title": "non est facere",
        "body": "molestias id nostrum\nexcepturi molestiae dolore omnis repellendus quaerat saepe\nconsectetur iste quaerat tenetur asperiores accusamus ex ut\nnam quidem est ducimus sunt debitis saepe"
    },
    {
        "userId": 5,
        "id": 42,
        "title": "commodi ullam sint et excepturi error explicabo praesentium voluptas",
        "body": "odio fugit voluptatum ducimus earum autem est incidunt voluptatem\nodit reiciendis aliquam sunt sequi nulla dolorem\nnon facere repellendus voluptates quia\nratione harum vitae ut"
    },
    {
        "userId": 5,
        "id": 43,
        "title": "eligendi iste nostrum consequuntur adipisci praesentium sit beatae perferendis",
        "body": "similique fugit est\nillum et dolorum harum et voluptate eaque quidem\nexercitationem quos nam commodi possimus cum odio nihil nulla\ndolorum exercitationem magnam ex et a et distinctio debitis"
    },
    {
        "userId": 5,
        "id": 44,
        "title": "optio dolor molestias sit",
        "body": "temporibus est consectetur dolore\net libero debitis vel velit laboriosam quia\nipsum quibusdam qui itaque fuga rem aut\nea et iure quam sed maxime ut distinctio quae"
    },
    {
        "userId": 5,
        "id": 45,
        "title": "ut numquam possimus omnis eius suscipit laudantium iure",
[...]
        "title": "sint hic doloribus consequatur eos non id",
        "body": "quam occaecati qui deleniti consectetur\nconsequatur aut facere quas exercitationem aliquam hic voluptas\nneque id sunt ut aut accusamus\nsunt consectetur expedita inventore velit"
    },
    {
        "userId": 8,
        "id": 73,
        "title": "consequuntur deleniti eos quia temporibus ab aliquid at",
        "body": "voluptatem cumque tenetur consequatur expedita ipsum nemo quia explicabo\naut eum minima consequatur\ntempore cumque quae est et\net in consequuntur voluptatem voluptates aut"
    },
    {
        "userId": 8,
        "id": 74,
        "title": "enim unde ratione doloribus quas enim ut sit sapiente",
        "body": "odit qui et et necessitatibus sint veniam\nmollitia amet doloremque molestiae commodi similique magnam et quam\nblanditiis est itaque\nquo et tenetur ratione occaecati molestiae tempora"
    },
    {
        "userId": 8,
        "id": 75,
        "title": "dignissimos eum dolor ut enim et delectus in",
        "body": "commodi non non omnis et voluptas sit\nautem aut nobis magnam et sapiente voluptatem\net laborum repellat qui delectus facilis temporibus\nrerum amet et nemo voluptate expedita adipisci error dolorem"
    },
    {
        "userId": 8,
        "id": 76,
        "title": "doloremque officiis ad et non perferendis",
        "body": "ut animi facere\ntotam iusto tempore\nmolestiae eum aut et dolorem aperiam\nquaerat recusandae totam odio"
    },
    {
        "userId": 8,
        "id": 77,
        "title": "necessitatibus quasi exercitationem odio",
        "body": "modi ut in nulla repudiandae dolorum nostrum eos\naut consequatur omnis\nut incidunt est omnis iste et quam\nvoluptates sapiente aliquam asperiores nobis amet corrupti repudiandae provident"
    },
    {
        "userId": 8,
        "id": 78,
        "title": "quam voluptatibus rerum veritatis",
        "body": "nobis facilis odit tempore cupiditate quia\nassumenda doloribus rerum qui ea\nillum et qui totam\naut veniam repellendus"
    },
    {
        "userId": 8,
        "id": 79,
        "title": "pariatur consequatur quia magnam autem omnis non amet",
        "body": "libero accusantium et et facere incidunt sit dolorem\nnon excepturi qui quia sed laudantium\nquisquam molestiae ducimus est\nofficiis esse molestiae iste et quos"
    },
    {
        "userId": 8,
        "id": 80,
        "title": "labore in ex et explicabo corporis aut quas",
        "body": "ex quod dolorem ea eum iure qui provident amet\nquia qui facere excepturi et repudiandae\nasperiores molestias provident\nminus incidunt vero fugit rerum sint sunt excepturi provident"
    },
    {
        "userId": 9,
        "id": 81,
        "title": "tempora rem veritatis voluptas quo dolores vero",
        "body": "facere qui nesciunt est voluptatum voluptatem nisi\nsequi eligendi necessitatibus ea at rerum itaque\nharum non ratione velit laboriosam quis consequuntur\nex officiis minima doloremque voluptas ut aut"
    },
    {
        "userId": 9,
        "id": 82,
        "title": "laudantium voluptate suscipit sunt enim enim",
        "body": "ut libero sit aut totam inventore sunt\nporro sint qui sunt molestiae\nconsequatur cupiditate qui iste ducimus adipisci\ndolor enim assumenda soluta laboriosam amet iste delectus hic"
    },
    {
        "userId": 9,
        "id": 83,
        "title": "odit et voluptates doloribus alias odio et",
        "body": "est molestiae facilis quis tempora numquam nihil qui\nvoluptate sapiente consequatur est qui\nnecessitatibus autem aut ipsa aperiam modi dolore numquam\nreprehenderit eius rem quibusdam"
    },
    {
        "userId": 9,
        "id": 84,
        "title": "optio ipsam molestias necessitatibus occaecati facilis veritatis dolores aut",
        "body": "sint molestiae magni a et quos\neaque et quasi\nut rerum debitis similique veniam\nrecusandae dignissimos dolor incidunt consequatur odio"
    },
    {
        "userId": 9,
        "id": 85,
        "title": "dolore veritatis porro provident adipisci blanditiis et sunt",
        "body": "similique sed nisi voluptas iusto omnis\nmollitia et quo\nassumenda suscipit officia magnam sint sed tempora\nenim provident pariatur praesentium atque animi amet ratione"
    },
    {
        "userId": 9,
        "id": 86,
        "title": "placeat quia et porro iste",
        "body": "quasi excepturi consequatur iste autem temporibus sed molestiae beatae\net quaerat et esse ut\nvoluptatem occaecati et vel explicabo autem\nasperiores pariatur deserunt optio"
    },
    {
        "userId": 9,
        "id": 87,
        "title": "nostrum quis quasi placeat",
        "body": "eos et molestiae\nnesciunt ut a\ndolores perspiciatis repellendus repellat aliquid\nmagnam sint rem ipsum est"
    },
    {
        "userId": 9,
        "id": 88,
        "title": "sapiente omnis fugit eos",
        "body": "consequatur omnis est praesentium\nducimus non iste\nneque hic deserunt\nvoluptatibus veniam cum et rerum sed"
    },
    {
        "userId": 9,
        "id": 89,
        "title": "sint soluta et vel magnam aut ut sed qui",
        "body": "repellat aut aperiam totam temporibus autem et\narchitecto magnam ut\nconsequatur qui cupiditate rerum quia soluta dignissimos nihil iure\ntempore quas est"
    },
    {
        "userId": 9,
        "id": 90,
        "title": "ad iusto omnis odit dolor voluptatibus",
        "body": "minus omnis soluta quia\nqui sed adipisci voluptates illum ipsam voluptatem\neligendi officia ut in\neos soluta similique molestias praesentium blanditiis"
    },
    {
        "userId": 10,
        "id": 91,
        "title": "aut amet sed",
        "body": "libero voluptate eveniet aperiam sed\nsunt placeat suscipit molestias\nsimilique fugit nam natus\nexpedita consequatur consequatur dolores quia eos et placeat"
    },
    {
        "userId": 10,
        "id": 92,
        "title": "ratione ex tenetur perferendis",
        "body": "aut et excepturi dicta laudantium sint rerum nihil\nlaudantium et at\na neque minima officia et similique libero et\ncommodi voluptate qui"
    },
    {
        "userId": 10,
        "id": 93,
        "title": "beatae soluta recusandae",
        "body": "dolorem quibusdam ducimus consequuntur dicta aut quo laboriosam\nvoluptatem quis enim recusandae ut sed sunt\nnostrum est odit totam\nsit error sed sunt eveniet provident qui nulla"
    },
    {
        "userId": 10,
        "id": 94,
        "title": "qui qui voluptates illo iste minima",
        "body": "aspernatur expedita soluta quo ab ut similique\nexpedita dolores amet\nsed temporibus distinctio magnam saepe deleniti\nomnis facilis nam ipsum natus sint similique omnis"
    },
    {
        "userId": 10,
        "id": 95,
        "title": "id minus libero illum nam ad officiis",
        "body": "earum voluptatem facere provident blanditiis velit laboriosam\npariatur accusamus odio saepe\ncumque dolor qui a dicta ab doloribus consequatur omnis\ncorporis cupiditate eaque assumenda ad nesciunt"
    },
    {
        "userId": 10,
        "id": 96,
        "title": "quaerat velit veniam amet cupiditate aut numquam ut sequi",
        "body": "in non odio excepturi sint eum\nlabore voluptates vitae quia qui et\ninventore itaque rerum\nveniam non exercitationem delectus aut"
    },
    {
        "userId": 10,
        "id": 97,
        "title": "quas fugiat ut perspiciatis vero provident",
        "body": "eum non blanditiis soluta porro quibusdam voluptas\nvel voluptatem qui placeat dolores qui velit aut\nvel inventore aut cumque culpa explicabo aliquid at\nperspiciatis est et voluptatem dignissimos dolor itaque sit nam"
    },
    {
        "userId": 10,
        "id": 98,
        "title": "laboriosam dolor voluptates",
        "body": "doloremque ex facilis sit sint culpa\nsoluta assumenda eligendi non ut eius\nsequi ducimus vel quasi\nveritatis est dolores"
    },
    {
        "userId": 10,
        "id": 99,
        "title": "temporibus sit alias delectus eligendi possimus magni",
        "body": "quo deleniti praesentium dicta non quod\naut est molestias\nmolestias et officia quis nihil\nitaque dolorem quia"
    },
    {
        "userId": 10,
        "id": 100,
        "title": "at nam consequatur ea labore ea harum",
        "body": "cupiditate quo est a modi nesciunt soluta\nipsa voluptas error itaque dicta in\nautem qui minus magnam et distinctio eum\naccusamus ratione error aut"
    }
]
10:13:21.919 [TestNG-test-Post API Tests-1] DEBUG com.vinoth.api.utils.SchemaValidator [] - Loading schema from classpath: schemas/post-list-schema.json
]]></system-out>
  </testcase>
  <testcase name="getPostById_returnsExpectedPost" classname="com.vinoth.api.tests.posts.PostCrudTests" time="0.204">
    <system-out><![CDATA[10:13:22.027 [TestNG-test-Post API Tests-1] INFO  com.vinoth.api.base.BaseTest [] - [PASS] PostCrudTests.getAllPosts_returns200 | 343ms | correlationId=23172ac5-0ae8-4e26-8030-47d42a4d0828
10:13:22.031 [TestNG-test-Post API Tests-1] DEBUG com.vinoth.api.client.ApiClient [] - ApiClient initialised | correlationId=0baaad94-0840-491c-aaef-bb8ffd2ceee5 | baseUrl=https://jsonplaceholder.typicode.com
10:13:22.032 [TestNG-test-Post API Tests-1] INFO  com.vinoth.api.base.BaseTest [] - [START] PostCrudTests.getPostById_returnsExpectedPost | correlationId=0baaad94-0840-491c-aaef-bb8ffd2ceee5
10:13:22.039 [TestNG-test-Post API Tests-1] INFO  com.vinoth.api.services.PostService [] - Retrieving post | id=1
10:13:22.039 [TestNG-test-Post API Tests-1] DEBUG com.vinoth.api.client.ApiClient [] - GET /posts/{id} | pathParams={id=1} | correlationId=0baaad94-0840-491c-aaef-bb8ffd2ceee5
Request method:	GET
Request URI:	https://jsonplaceholder.typicode.com/posts/1
Proxy:			<none>
Request params:	<none>
Query params:	<none>
Form params:	<none>
Path params:	id=1
Headers:		Accept=application/json
				X-Correlation-Id=0baaad94-0840-491c-aaef-bb8ffd2ceee5
				Content-Type=application/json
Cookies:		<none>
Multiparts:		<none>
Body:			<none>
HTTP/1.1 200 OK
Date: Thu, 12 Mar 2026 04:43:22 GMT
Content-Type: application/json; charset=utf-8
Transfer-Encoding: chunked
Connection: keep-alive
access-control-allow-credentials: true
Cache-Control: max-age=43200
etag: W/"124-yiKdLzqO5gfBrJFrcdJ8Yq0LGnU"
expires: -1
nel: {"report_to":"heroku-nel","response_headers":["Via"],"max_age":3600,"success_fraction":0.01,"failure_fraction":0.1}
pragma: no-cache
report-to: {"group":"heroku-nel","endpoints":[{"url":"https://nel.heroku.com/reports?s=4VRrbxPqT6qycMIKq8RGK%2FGJmMF%2Bqtu1z9NuDDiwJwQ%3D\u0026sid=e11707d5-02a7-43ef-b45e-2cf4d2036f7d\u0026ts=1757588150"}],"max_age":3600}
reporting-endpoints: heroku-nel="https://nel.heroku.com/reports?s=4VRrbxPqT6qycMIKq8RGK%2FGJmMF%2Bqtu1z9NuDDiwJwQ%3D&sid=e11707d5-02a7-43ef-b45e-2cf4d2036f7d&ts=1757588150"
Server: cloudflare
vary: Origin, Accept-Encoding
via: 2.0 heroku-router
x-content-type-options: nosniff
x-powered-by: Express
x-ratelimit-limit: 1000
x-ratelimit-remaining: 999
x-ratelimit-reset: 1757588198
Age: 23866
cf-cache-status: HIT
Content-Encoding: gzip
CF-RAY: 9db023369936ac6d-MAA
alt-svc: h3=":443"; ma=86400

{
    "userId": 1,
    "id": 1,
    "title": "sunt aut facere repellat provident occaecati excepturi optio reprehenderit",
    "body": "quia et suscipit\nsuscipit recusandae consequuntur expedita et cum\nreprehenderit molestiae ut ut quas totam\nnostrum rerum est autem sunt rem eveniet architecto"
}
10:13:22.224 [TestNG-test-Post API Tests-1] DEBUG com.vinoth.api.utils.SchemaValidator [] - Loading schema from classpath: schemas/post-response-schema.json
]]></system-out>
  </testcase>
  <testcase name="getPostsByUserId_returnsOnlyUserPosts" classname="com.vinoth.api.tests.posts.PostCrudTests" time="0.155">
    <system-out><![CDATA[10:13:22.246 [TestNG-test-Post API Tests-1] INFO  com.vinoth.api.base.BaseTest [] - [PASS] PostCrudTests.getPostById_returnsExpectedPost | 205ms | correlationId=0baaad94-0840-491c-aaef-bb8ffd2ceee5
10:13:22.253 [TestNG-test-Post API Tests-1] DEBUG com.vinoth.api.client.ApiClient [] - ApiClient initialised | correlationId=d18db882-5013-47dc-b769-bef980d72865 | baseUrl=https://jsonplaceholder.typicode.com
10:13:22.253 [TestNG-test-Post API Tests-1] INFO  com.vinoth.api.base.BaseTest [] - [START] PostCrudTests.getPostsByUserId_returnsOnlyUserPosts | correlationId=d18db882-5013-47dc-b769-bef980d72865
10:13:22.265 [TestNG-test-Post API Tests-1] INFO  com.vinoth.api.services.PostService [] - Retrieving posts | params={userId=1}
10:13:22.266 [TestNG-test-Post API Tests-1] DEBUG com.vinoth.api.client.ApiClient [] - GET /posts | queryParams={userId=1} | correlationId=d18db882-5013-47dc-b769-bef980d72865
Request method:	GET
Request URI:	https://jsonplaceholder.typicode.com/posts?userId=1
Proxy:			<none>
Request params:	<none>
Query params:	userId=1
Form params:	<none>
Path params:	<none>
Headers:		Accept=application/json
				X-Correlation-Id=d18db882-5013-47dc-b769-bef980d72865
				Content-Type=application/json
Cookies:		<none>
Multiparts:		<none>
Body:			<none>
HTTP/1.1 200 OK
Date: Thu, 12 Mar 2026 04:43:22 GMT
Content-Type: application/json; charset=utf-8
Content-Length: 1002
Connection: keep-alive
access-control-allow-credentials: true
Cache-Control: max-age=43200
Content-Encoding: gzip
etag: W/"aa6-j2NSH739l9uq40OywFMn7Y0C/iY"
expires: -1
nel: {"report_to":"heroku-nel","response_headers":["Via"],"max_age":3600,"success_fraction":0.01,"failure_fraction":0.1}
pragma: no-cache
report-to: {"group":"heroku-nel","endpoints":[{"url":"https://nel.heroku.com/reports?s=RGnyQz5CFqMbINz4vrxh%2B9aBGJask1AvND61PRZ65zs%3D\u0026sid=e11707d5-02a7-43ef-b45e-2cf4d2036f7d\u0026ts=1771149571"}],"max_age":3600}
reporting-endpoints: heroku-nel="https://nel.heroku.com/reports?s=RGnyQz5CFqMbINz4vrxh%2B9aBGJask1AvND61PRZ65zs%3D&sid=e11707d5-02a7-43ef-b45e-2cf4d2036f7d&ts=1771149571"
Server: cloudflare
vary: Origin, Accept-Encoding
via: 2.0 heroku-router
x-content-type-options: nosniff
x-powered-by: Express
x-ratelimit-limit: 1000
x-ratelimit-remaining: 999
x-ratelimit-reset: 1771149617
Age: 2427
Accept-Ranges: bytes
cf-cache-status: HIT
CF-RAY: 9db02338286ea91f-MAA
alt-svc: h3=":443"; ma=86400

[
    {
        "userId": 1,
        "id": 1,
        "title": "sunt aut facere repellat provident occaecati excepturi optio reprehenderit",
        "body": "quia et suscipit\nsuscipit recusandae consequuntur expedita et cum\nreprehenderit molestiae ut ut quas totam\nnostrum rerum est autem sunt rem eveniet architecto"
    },
    {
        "userId": 1,
        "id": 2,
        "title": "qui est esse",
        "body": "est rerum tempore vitae\nsequi sint nihil reprehenderit dolor beatae ea dolores neque\nfugiat blanditiis voluptate porro vel nihil molestiae ut reiciendis\nqui aperiam non debitis possimus qui neque nisi nulla"
    },
    {
        "userId": 1,
        "id": 3,
        "title": "ea molestias quasi exercitationem repellat qui ipsa sit aut",
        "body": "et iusto sed quo iure\nvoluptatem occaecati omnis eligendi aut ad\nvoluptatem doloribus vel accusantium quis pariatur\nmolestiae porro eius odio et labore et velit aut"
    },
    {
        "userId": 1,
        "id": 4,
        "title": "eum et est occaecati",
        "body": "ullam et saepe reiciendis voluptatem adipisci\nsit amet autem assumenda provident rerum culpa\nquis hic commodi nesciunt rem tenetur doloremque ipsam iure\nquis sunt voluptatem rerum illo velit"
    },
    {
        "userId": 1,
        "id": 5,
        "title": "nesciunt quas odio",
        "body": "repudiandae veniam quaerat sunt sed\nalias aut fugiat sit autem sed est\nvoluptatem omnis possimus esse voluptatibus quis\nest aut tenetur dolor neque"
    },
    {
        "userId": 1,
        "id": 6,
        "title": "dolorem eum magni eos aperiam quia",
        "body": "ut aspernatur corporis harum nihil quis provident sequi\nmollitia nobis aliquid molestiae\nperspiciatis et ea nemo ab reprehenderit accusantium quas\nvoluptate dolores velit et doloremque molestiae"
    },
    {
        "userId": 1,
        "id": 7,
        "title": "magnam facilis autem",
        "body": "dolore placeat quibusdam ea quo vitae\nmagni quis enim qui quis quo nemo aut saepe\nquidem repellat excepturi ut quia\nsunt ut sequi eos ea sed quas"
    },
    {
        "userId": 1,
        "id": 8,
        "title": "dolorem dolore est ipsam",
        "body": "dignissimos aperiam dolorem qui eum\nfacilis quibusdam animi sint suscipit qui sint possimus cum\nquaerat magni maiores excepturi\nipsam ut commodi dolor voluptatum modi aut vitae"
    },
    {
        "userId": 1,
        "id": 9,
        "title": "nesciunt iure omnis dolorem tempora et accusantium",
        "body": "consectetur animi nesciunt iure dolore\nenim quia ad\nveniam autem ut quam aut nobis\net est aut quod aut provident voluptas autem voluptas"
    },
    {
        "userId": 1,
        "id": 10,
        "title": "optio molestias id quia eum",
        "body": "quo et expedita modi cum officia vel magni\ndoloribus qui repudiandae\nvero nisi sit\nquos veniam quod sed accusamus veritatis error"
    }
]
]]></system-out>
  </testcase>
  <testcase name="updatePost_returns200WithUpdatedFields" classname="com.vinoth.api.tests.posts.PostCrudTests" time="0.779">
    <system-out><![CDATA[10:13:22.424 [TestNG-test-Post API Tests-1] INFO  com.vinoth.api.base.BaseTest [] - [PASS] PostCrudTests.getPostsByUserId_returnsOnlyUserPosts | 158ms | correlationId=d18db882-5013-47dc-b769-bef980d72865
10:13:22.433 [TestNG-test-Post API Tests-1] DEBUG com.vinoth.api.client.ApiClient [] - ApiClient initialised | correlationId=133f9e48-68c9-471e-ad0b-26cdcdca6f65 | baseUrl=https://jsonplaceholder.typicode.com
10:13:22.433 [TestNG-test-Post API Tests-1] INFO  com.vinoth.api.base.BaseTest [] - [START] PostCrudTests.updatePost_returns200WithUpdatedFields | correlationId=133f9e48-68c9-471e-ad0b-26cdcdca6f65
10:13:22.447 [TestNG-test-Post API Tests-1] INFO  com.vinoth.api.services.PostService [] - Updating post | id=1
10:13:22.450 [TestNG-test-Post API Tests-1] DEBUG com.vinoth.api.client.ApiClient [] - PUT /posts/1 | correlationId=133f9e48-68c9-471e-ad0b-26cdcdca6f65
Request method:	PUT
Request URI:	https://jsonplaceholder.typicode.com/posts/1
Proxy:			<none>
Request params:	<none>
Query params:	<none>
Form params:	<none>
Path params:	<none>
Headers:		Accept=application/json
				X-Correlation-Id=133f9e48-68c9-471e-ad0b-26cdcdca6f65
				Content-Type=application/json
Cookies:		<none>
Multiparts:		<none>
Body:
{
    "userId": 1,
    "title": "Updated Title",
    "body": "Updated body content"
}
HTTP/1.1 200 OK
Date: Thu, 12 Mar 2026 04:43:23 GMT
Content-Type: application/json; charset=utf-8
Transfer-Encoding: chunked
Connection: keep-alive
access-control-allow-credentials: true
Cache-Control: no-cache
etag: W/"5a-WLd8TH+cUgB/TeGOQ5OMBwn5Hes"
expires: -1
nel: {"report_to":"heroku-nel","response_headers":["Via"],"max_age":3600,"success_fraction":0.01,"failure_fraction":0.1}
pragma: no-cache
report-to: {"group":"heroku-nel","endpoints":[{"url":"https://nel.heroku.com/reports?s=cdcUUvr8mWoDNpoVL3QnoEVYo0QXg7Wk5tafnZVYKOg%3D\u0026sid=e11707d5-02a7-43ef-b45e-2cf4d2036f7d\u0026ts=1773290602"}],"max_age":3600}
reporting-endpoints: heroku-nel="https://nel.heroku.com/reports?s=cdcUUvr8mWoDNpoVL3QnoEVYo0QXg7Wk5tafnZVYKOg%3D&sid=e11707d5-02a7-43ef-b45e-2cf4d2036f7d&ts=1773290602"
Server: cloudflare
vary: Origin, Accept-Encoding
via: 2.0 heroku-router
x-content-type-options: nosniff
x-powered-by: Express
x-ratelimit-limit: 1000
x-ratelimit-remaining: 987
x-ratelimit-reset: 1773290635
cf-cache-status: DYNAMIC
Content-Encoding: gzip
CF-RAY: 9db023395c19396b-MAA
alt-svc: h3=":443"; ma=86400

{
    "userId": 1,
    "title": "Updated Title",
    "body": "Updated body content",
    "id": 1
}
]]></system-out>
  </testcase>
</testsuite>