<?xml version="1.0" encoding="UTF-8"?>
<testng-results retried="1" ignored="1" total="37" passed="35" failed="0" skipped="0">
  <reporter-output>
  </reporter-output>
  <suite started-at="2026-03-15T01:11:46 IST" name="Regression Suite" finished-at="2026-03-15T01:12:34 IST" duration-ms="47088">
    <groups>
      <group name="negative">
        <method signature="GetUserTests.getUserById_nonExistent_returns404()[pri:0, instance:com.vinoth.automation.tests.users.GetUserTests@39b626e5]" name="getUserById_nonExistent_returns404" class="com.vinoth.automation.tests.users.GetUserTests"/>
        <method signature="UserNegativeTests.createUser_emptyName_apiRespondsWithinSla()[pri:0, instance:com.vinoth.automation.tests.users.UserNegativeTests@715f45c6]" name="createUser_emptyName_apiRespondsWithinSla" class="com.vinoth.automation.tests.users.UserNegativeTests"/>
        <method signature="UserNegativeTests.createUser_nullName_apiRespondsWithinSla()[pri:0, instance:com.vinoth.automation.tests.users.UserNegativeTests@715f45c6]" name="createUser_nullName_apiRespondsWithinSla" class="com.vinoth.automation.tests.users.UserNegativeTests"/>
        <method signature="UserNegativeTests.deleteUser_nonExistentId_respondsWithinSla()[pri:0, instance:com.vinoth.automation.tests.users.UserNegativeTests@715f45c6]" name="deleteUser_nonExistentId_respondsWithinSla" class="com.vinoth.automation.tests.users.UserNegativeTests"/>
        <method signature="UserNegativeTests.getUser_nonExistentId_returns404()[pri:0, instance:com.vinoth.automation.tests.users.UserNegativeTests@715f45c6]" name="getUser_nonExistentId_returns404" class="com.vinoth.automation.tests.users.UserNegativeTests"/>
        <method signature="UserNegativeTests.getUser_withBoundaryId_returns4xx(int,java.lang.String)[pri:0, instance:com.vinoth.automation.tests.users.UserNegativeTests@715f45c6]" name="getUser_withBoundaryId_returns4xx" class="com.vinoth.automation.tests.users.UserNegativeTests"/>
        <method signature="PostNegativeTests.deletePost_nonExistentId_respondsWithinSla()[pri:0, instance:com.vinoth.automation.tests.posts.PostNegativeTests@5f025000]" name="deletePost_nonExistentId_respondsWithinSla" class="com.vinoth.automation.tests.posts.PostNegativeTests"/>
        <method signature="PostNegativeTests.getPost_nonExistentId_returns404()[pri:0, instance:com.vinoth.automation.tests.posts.PostNegativeTests@5f025000]" name="getPost_nonExistentId_returns404" class="com.vinoth.automation.tests.posts.PostNegativeTests"/>
        <method signature="PostNegativeTests.getPost_withBoundaryId_returns4xx(int,java.lang.String)[pri:0, instance:com.vinoth.automation.tests.posts.PostNegativeTests@5f025000]" name="getPost_withBoundaryId_returns4xx" class="com.vinoth.automation.tests.posts.PostNegativeTests"/>
        <method signature="PostNegativeTests.getPostsByUserId_invalidUser_returnsEmptyOrError()[pri:0, instance:com.vinoth.automation.tests.posts.PostNegativeTests@5f025000]" name="getPostsByUserId_invalidUser_returnsEmptyOrError" class="com.vinoth.automation.tests.posts.PostNegativeTests"/>
      </group> <!-- negative -->
      <group name="regression">
        <method signature="GetUserTests.getAllUsers_returns200WithNonEmptyList()[pri:0, instance:com.vinoth.automation.tests.users.GetUserTests@39b626e5]" name="getAllUsers_returns200WithNonEmptyList" class="com.vinoth.automation.tests.users.GetUserTests"/>
        <method signature="GetUserTests.getMultipleUsers_eachReturns200()[pri:0, instance:com.vinoth.automation.tests.users.GetUserTests@39b626e5]" name="getMultipleUsers_eachReturns200" class="com.vinoth.automation.tests.users.GetUserTests"/>
        <method signature="GetUserTests.getUserById_nonExistent_returns404()[pri:0, instance:com.vinoth.automation.tests.users.GetUserTests@39b626e5]" name="getUserById_nonExistent_returns404" class="com.vinoth.automation.tests.users.GetUserTests"/>
        <method signature="GetUserTests.getUserById_returns200WithValidSchema()[pri:0, instance:com.vinoth.automation.tests.users.GetUserTests@39b626e5]" name="getUserById_returns200WithValidSchema" class="com.vinoth.automation.tests.users.GetUserTests"/>
        <method signature="UpdateUserTests.updateUser_emailField_isUpdated()[pri:0, instance:com.vinoth.automation.tests.users.UpdateUserTests@562919fe]" name="updateUser_emailField_isUpdated" class="com.vinoth.automation.tests.users.UpdateUserTests"/>
        <method signature="UpdateUserTests.updateUser_withFullPayload_returns200()[pri:0, instance:com.vinoth.automation.tests.users.UpdateUserTests@562919fe]" name="updateUser_withFullPayload_returns200" class="com.vinoth.automation.tests.users.UpdateUserTests"/>
        <method signature="UpdateUserTests.updateUser_withRandomPayload_returns200()[pri:0, instance:com.vinoth.automation.tests.users.UpdateUserTests@562919fe]" name="updateUser_withRandomPayload_returns200" class="com.vinoth.automation.tests.users.UpdateUserTests"/>
        <method signature="UserNegativeTests.createUser_emptyName_apiRespondsWithinSla()[pri:0, instance:com.vinoth.automation.tests.users.UserNegativeTests@715f45c6]" name="createUser_emptyName_apiRespondsWithinSla" class="com.vinoth.automation.tests.users.UserNegativeTests"/>
        <method signature="UserNegativeTests.createUser_nullName_apiRespondsWithinSla()[pri:0, instance:com.vinoth.automation.tests.users.UserNegativeTests@715f45c6]" name="createUser_nullName_apiRespondsWithinSla" class="com.vinoth.automation.tests.users.UserNegativeTests"/>
        <method signature="UserNegativeTests.deleteUser_nonExistentId_respondsWithinSla()[pri:0, instance:com.vinoth.automation.tests.users.UserNegativeTests@715f45c6]" name="deleteUser_nonExistentId_respondsWithinSla" class="com.vinoth.automation.tests.users.UserNegativeTests"/>
        <method signature="UserNegativeTests.getUser_nonExistentId_returns404()[pri:0, instance:com.vinoth.automation.tests.users.UserNegativeTests@715f45c6]" name="getUser_nonExistentId_returns404" class="com.vinoth.automation.tests.users.UserNegativeTests"/>
        <method signature="UserNegativeTests.getUser_withBoundaryId_returns4xx(int,java.lang.String)[pri:0, instance:com.vinoth.automation.tests.users.UserNegativeTests@715f45c6]" name="getUser_withBoundaryId_returns4xx" class="com.vinoth.automation.tests.users.UserNegativeTests"/>
        <method signature="PostNegativeTests.deletePost_nonExistentId_respondsWithinSla()[pri:0, instance:com.vinoth.automation.tests.posts.PostNegativeTests@5f025000]" name="deletePost_nonExistentId_respondsWithinSla" class="com.vinoth.automation.tests.posts.PostNegativeTests"/>
        <method signature="PostNegativeTests.getPost_nonExistentId_returns404()[pri:0, instance:com.vinoth.automation.tests.posts.PostNegativeTests@5f025000]" name="getPost_nonExistentId_returns404" class="com.vinoth.automation.tests.posts.PostNegativeTests"/>
        <method signature="PostNegativeTests.getPost_withBoundaryId_returns4xx(int,java.lang.String)[pri:0, instance:com.vinoth.automation.tests.posts.PostNegativeTests@5f025000]" name="getPost_withBoundaryId_returns4xx" class="com.vinoth.automation.tests.posts.PostNegativeTests"/>
        <method signature="PostNegativeTests.getPostsByUserId_invalidUser_returnsEmptyOrError()[pri:0, instance:com.vinoth.automation.tests.posts.PostNegativeTests@5f025000]" name="getPostsByUserId_invalidUser_returnsEmptyOrError" class="com.vinoth.automation.tests.posts.PostNegativeTests"/>
      </group> <!-- regression -->
      <group name="smoke">
        <method signature="GetUserTests.getAllUsers_returns200WithNonEmptyList()[pri:0, instance:com.vinoth.automation.tests.users.GetUserTests@39b626e5]" name="getAllUsers_returns200WithNonEmptyList" class="com.vinoth.automation.tests.users.GetUserTests"/>
        <method signature="GetUserTests.getUserById_returns200WithValidSchema()[pri:0, instance:com.vinoth.automation.tests.users.GetUserTests@39b626e5]" name="getUserById_returns200WithValidSchema" class="com.vinoth.automation.tests.users.GetUserTests"/>
      </group> <!-- smoke -->
    </groups>
    <test started-at="2026-03-15T01:11:46 IST" name="User API Tests" finished-at="2026-03-15T01:12:22 IST" duration-ms="35255">
      <class name="com.vinoth.automation.tests.users.UserNegativeTests">
        <test-method is-config="true" signature="setUp(java.lang.reflect.Method)[pri:0, instance:com.vinoth.automation.tests.users.UserNegativeTests@715f45c6]" started-at="2026-03-15T01:12:16 IST" name="setUp" finished-at="2026-03-15T01:12:16 IST" duration-ms="2" status="PASS">
          <params>
            <param index="0">
              <value>
                <![CDATA[public void com.vinoth.automation.tests.users.UserNegativeTests.createUser_emptyName_apiRespondsWithinSla()]]>
              </value>
            </param>
          </params>
          <reporter-output>
          </reporter-output>
        </test-method> <!-- setUp -->
        <test-method is-config="true" signature="initService()[pri:0, instance:com.vinoth.automation.tests.users.UserNegativeTests@715f45c6]" started-at="2026-03-15T01:12:16 IST" name="initService" finished-at="2026-03-15T01:12:16 IST" duration-ms="0" status="PASS">
          <reporter-output>
          </reporter-output>
        </test-method> <!-- initService -->
        <test-method signature="createUser_emptyName_apiRespondsWithinSla()[pri:0, instance:com.vinoth.automation.tests.users.UserNegativeTests@715f45c6]" started-at="2026-03-15T01:12:16 IST" name="createUser_emptyName_apiRespondsWithinSla" description="Create user with empty name — API responds" finished-at="2026-03-15T01:12:17 IST" duration-ms="996" status="PASS">
          <reporter-output>
          </reporter-output>
        </test-method> <!-- createUser_emptyName_apiRespondsWithinSla -->
        <test-method is-config="true" signature="tearDown(org.testng.ITestResult)[pri:0, instance:com.vinoth.automation.tests.users.UserNegativeTests@715f45c6]" started-at="2026-03-15T01:12:17 IST" name="tearDown" finished-at="2026-03-15T01:12:17 IST" duration-ms="2" status="PASS">
          <params>
            <param index="0">
              <value>
                <![CDATA[[TestResult name=createUser_emptyName_apiRespondsWithinSla status=SUCCESS method=UserNegativeTests.createUser_emptyName_apiRespondsWithinSla()[pri:0, instance:com.vinoth.automation.tests.users.UserNegativeTests@715f45c6] output={null}]]]>
              </value>
            </param>
          </params>
          <reporter-output>
          </reporter-output>
        </test-method> <!-- tearDown -->
        <test-method is-config="true" signature="setUp(java.lang.reflect.Method)[pri:0, instance:com.vinoth.automation.tests.users.UserNegativeTests@715f45c6]" started-at="2026-03-15T01:12:17 IST" name="setUp" finished-at="2026-03-15T01:12:17 IST" duration-ms="3" status="PASS">
          <params>
            <param index="0">
              <value>
                <![CDATA[public void com.vinoth.automation.tests.users.UserNegativeTests.createUser_nullName_apiRespondsWithinSla()]]>
              </value>
            </param>
          </params>
          <reporter-output>
          </reporter-output>
        </test-method> <!-- setUp -->
        <test-method is-config="true" signature="initService()[pri:0, instance:com.vinoth.automation.tests.users.UserNegativeTests@715f45c6]" started-at="2026-03-15T01:12:17 IST" name="initService" finished-at="2026-03-15T01:12:17 IST" duration-ms="0" status="PASS">
          <reporter-output>
          </reporter-output>
        </test-method> <!-- initService -->
        <test-method signature="createUser_nullName_apiRespondsWithinSla()[pri:0, instance:com.vinoth.automation.tests.users.UserNegativeTests@715f45c6]" started-at="2026-03-15T01:12:17 IST" name="createUser_nullName_apiRespondsWithinSla" description="Create user with null name — API responds" finished-at="2026-03-15T01:12:18 IST" duration-ms="666" status="PASS">
          <reporter-output>
          </reporter-output>
        </test-method> <!-- createUser_nullName_apiRespondsWithinSla -->
        <test-method is-config="true" signature="tearDown(org.testng.ITestResult)[pri:0, instance:com.vinoth.automation.tests.users.UserNegativeTests@715f45c6]" started-at="2026-03-15T01:12:18 IST" name="tearDown" finished-at="2026-03-15T01:12:18 IST" duration-ms="2" status="PASS">
          <params>
            <param index="0">
              <value>
                <![CDATA[[TestResult name=createUser_nullName_apiRespondsWithinSla status=SUCCESS method=UserNegativeTests.createUser_nullName_apiRespondsWithinSla()[pri:0, instance:com.vinoth.automation.tests.users.UserNegativeTests@715f45c6] output={null}]]]>
              </value>
            </param>
          </params>
          <reporter-output>
          </reporter-output>
        </test-method> <!-- tearDown -->
        <test-method is-config="true" signature="setUp(java.lang.reflect.Method)[pri:0, instance:com.vinoth.automation.tests.users.UserNegativeTests@715f45c6]" started-at="2026-03-15T01:12:18 IST" name="setUp" finished-at="2026-03-15T01:12:18 IST" duration-ms="3" status="PASS">
          <params>
            <param index="0">
              <value>
                <![CDATA[public void com.vinoth.automation.tests.users.UserNegativeTests.deleteUser_nonExistentId_respondsWithinSla()]]>
              </value>
            </param>
          </params>
          <reporter-output>
          </reporter-output>
        </test-method> <!-- setUp -->
        <test-method is-config="true" signature="initService()[pri:0, instance:com.vinoth.automation.tests.users.UserNegativeTests@715f45c6]" started-at="2026-03-15T01:12:18 IST" name="initService" finished-at="2026-03-15T01:12:18 IST" duration-ms="2" status="PASS">
          <reporter-output>
          </reporter-output>
        </test-method> <!-- initService -->
        <test-method signature="deleteUser_nonExistentId_respondsWithinSla()[pri:0, instance:com.vinoth.automation.tests.users.UserNegativeTests@715f45c6]" started-at="2026-03-15T01:12:18 IST" name="deleteUser_nonExistentId_respondsWithinSla" description="Delete non-existent user responds within SLA" finished-at="2026-03-15T01:12:19 IST" duration-ms="705" status="PASS">
          <reporter-output>
          </reporter-output>
        </test-method> <!-- deleteUser_nonExistentId_respondsWithinSla -->
        <test-method is-config="true" signature="tearDown(org.testng.ITestResult)[pri:0, instance:com.vinoth.automation.tests.users.UserNegativeTests@715f45c6]" started-at="2026-03-15T01:12:19 IST" name="tearDown" finished-at="2026-03-15T01:12:19 IST" duration-ms="1" status="PASS">
          <params>
            <param index="0">
              <value>
                <![CDATA[[TestResult name=deleteUser_nonExistentId_respondsWithinSla status=SUCCESS method=UserNegativeTests.deleteUser_nonExistentId_respondsWithinSla()[pri:0, instance:com.vinoth.automation.tests.users.UserNegativeTests@715f45c6] output={null}]]]>
              </value>
            </param>
          </params>
          <reporter-output>
          </reporter-output>
        </test-method> <!-- tearDown -->
        <test-method is-config="true" signature="setUp(java.lang.reflect.Method)[pri:0, instance:com.vinoth.automation.tests.users.UserNegativeTests@715f45c6]" started-at="2026-03-15T01:12:19 IST" name="setUp" finished-at="2026-03-15T01:12:19 IST" duration-ms="1" status="PASS">
          <params>
            <param index="0">
              <value>
                <![CDATA[public void com.vinoth.automation.tests.users.UserNegativeTests.getUser_nonExistentId_returns404()]]>
              </value>
            </param>
          </params>
          <reporter-output>
          </reporter-output>
        </test-method> <!-- setUp -->
        <test-method is-config="true" signature="initService()[pri:0, instance:com.vinoth.automation.tests.users.UserNegativeTests@715f45c6]" started-at="2026-03-15T01:12:19 IST" name="initService" finished-at="2026-03-15T01:12:19 IST" duration-ms="0" status="PASS">
          <reporter-output>
          </reporter-output>
        </test-method> <!-- initService -->
        <test-method signature="getUser_nonExistentId_returns404()[pri:0, instance:com.vinoth.automation.tests.users.UserNegativeTests@715f45c6]" started-at="2026-03-15T01:12:19 IST" name="getUser_nonExistentId_returns404" description="GET non-existent user returns 404" finished-at="2026-03-15T01:12:19 IST" duration-ms="251" status="PASS">
          <reporter-output>
          </reporter-output>
        </test-method> <!-- getUser_nonExistentId_returns404 -->
        <test-method is-config="true" signature="tearDown(org.testng.ITestResult)[pri:0, instance:com.vinoth.automation.tests.users.UserNegativeTests@715f45c6]" started-at="2026-03-15T01:12:19 IST" name="tearDown" finished-at="2026-03-15T01:12:19 IST" duration-ms="4" status="PASS">
          <params>
            <param index="0">
              <value>
                <![CDATA[[TestResult name=getUser_nonExistentId_returns404 status=SUCCESS method=UserNegativeTests.getUser_nonExistentId_returns404()[pri:0, instance:com.vinoth.automation.tests.users.UserNegativeTests@715f45c6] output={null}]]]>
              </value>
            </param>
          </params>
          <reporter-output>
          </reporter-output>
        </test-method> <!-- tearDown -->
        <test-method is-config="true" signature="setUp(java.lang.reflect.Method)[pri:0, instance:com.vinoth.automation.tests.users.UserNegativeTests@715f45c6]" started-at="2026-03-15T01:12:19 IST" name="setUp" finished-at="2026-03-15T01:12:19 IST" duration-ms="3" status="PASS">
          <params>
            <param index="0">
              <value>
                <![CDATA[public void com.vinoth.automation.tests.users.UserNegativeTests.getUser_withBoundaryId_returns4xx(int,java.lang.String)]]>
              </value>
            </param>
          </params>
          <reporter-output>
          </reporter-output>
        </test-method> <!-- setUp -->
        <test-method is-config="true" signature="initService()[pri:0, instance:com.vinoth.automation.tests.users.UserNegativeTests@715f45c6]" started-at="2026-03-15T01:12:19 IST" name="initService" finished-at="2026-03-15T01:12:19 IST" duration-ms="0" status="PASS">
          <reporter-output>
          </reporter-output>
        </test-method> <!-- initService -->
        <test-method signature="getUser_withBoundaryId_returns4xx(int,java.lang.String)[pri:0, instance:com.vinoth.automation.tests.users.UserNegativeTests@715f45c6]" started-at="2026-03-15T01:12:19 IST" name="getUser_withBoundaryId_returns4xx" description="Boundary user IDs return 4xx not 5xx" data-provider="boundaryUserIds" finished-at="2026-03-15T01:12:20 IST" duration-ms="657" status="PASS">
          <params>
            <param index="0">
              <value>
                <![CDATA[0]]>
              </value>
            </param>
            <param index="1">
              <value>
                <![CDATA[zero id]]>
              </value>
            </param>
          </params>
          <reporter-output>
          </reporter-output>
        </test-method> <!-- getUser_withBoundaryId_returns4xx -->
        <test-method is-config="true" signature="tearDown(org.testng.ITestResult)[pri:0, instance:com.vinoth.automation.tests.users.UserNegativeTests@715f45c6]" started-at="2026-03-15T01:12:20 IST" name="tearDown" finished-at="2026-03-15T01:12:20 IST" duration-ms="1" status="PASS">
          <params>
            <param index="0">
              <value>
                <![CDATA[[TestResult name=getUser_withBoundaryId_returns4xx status=SUCCESS method=UserNegativeTests.getUser_withBoundaryId_returns4xx(int,java.lang.String)[pri:0, instance:com.vinoth.automation.tests.users.UserNegativeTests@715f45c6] output={null}]]]>
              </value>
            </param>
          </params>
          <reporter-output>
          </reporter-output>
        </test-method> <!-- tearDown -->
        <test-method is-config="true" signature="setUp(java.lang.reflect.Method)[pri:0, instance:com.vinoth.automation.tests.users.UserNegativeTests@715f45c6]" started-at="2026-03-15T01:12:20 IST" name="setUp" finished-at="2026-03-15T01:12:20 IST" duration-ms="2" status="PASS">
          <params>
            <param index="0">
              <value>
                <![CDATA[public void com.vinoth.automation.tests.users.UserNegativeTests.getUser_withBoundaryId_returns4xx(int,java.lang.String)]]>
              </value>
            </param>
          </params>
          <reporter-output>
          </reporter-output>
        </test-method> <!-- setUp -->
        <test-method is-config="true" signature="initService()[pri:0, instance:com.vinoth.automation.tests.users.UserNegativeTests@715f45c6]" started-at="2026-03-15T01:12:20 IST" name="initService" finished-at="2026-03-15T01:12:20 IST" duration-ms="1" status="PASS">
          <reporter-output>
          </reporter-output>
        </test-method> <!-- initService -->
        <test-method signature="getUser_withBoundaryId_returns4xx(int,java.lang.String)[pri:0, instance:com.vinoth.automation.tests.users.UserNegativeTests@715f45c6]" started-at="2026-03-15T01:12:20 IST" name="getUser_withBoundaryId_returns4xx" description="Boundary user IDs return 4xx not 5xx" data-provider="boundaryUserIds" finished-at="2026-03-15T01:12:20 IST" duration-ms="595" status="PASS">
          <params>
            <param index="0">
              <value>
                <![CDATA[-1]]>
              </value>
            </param>
            <param index="1">
              <value>
                <![CDATA[negative id]]>
              </value>
            </param>
          </params>
          <reporter-output>
          </reporter-output>
        </test-method> <!-- getUser_withBoundaryId_returns4xx -->
        <test-method is-config="true" signature="tearDown(org.testng.ITestResult)[pri:0, instance:com.vinoth.automation.tests.users.UserNegativeTests@715f45c6]" started-at="2026-03-15T01:12:20 IST" name="tearDown" finished-at="2026-03-15T01:12:20 IST" duration-ms="1" status="PASS">
          <params>
            <param index="0">
              <value>
                <![CDATA[[TestResult name=getUser_withBoundaryId_returns4xx status=SUCCESS method=UserNegativeTests.getUser_withBoundaryId_returns4xx(int,java.lang.String)[pri:0, instance:com.vinoth.automation.tests.users.UserNegativeTests@715f45c6] output={null}]]]>
              </value>
            </param>
          </params>
          <reporter-output>
          </reporter-output>
        </test-method> <!-- tearDown -->
        <test-method is-config="true" signature="setUp(java.lang.reflect.Method)[pri:0, instance:com.vinoth.automation.tests.users.UserNegativeTests@715f45c6]" started-at="2026-03-15T01:12:20 IST" name="setUp" finished-at="2026-03-15T01:12:20 IST" duration-ms="5" status="PASS">
          <params>
            <param index="0">
              <value>
                <![CDATA[public void com.vinoth.automation.tests.users.UserNegativeTests.getUser_withBoundaryId_returns4xx(int,java.lang.String)]]>
              </value>
            </param>
          </params>
          <reporter-output>
          </reporter-output>
        </test-method> <!-- setUp -->
        <test-method is-config="true" signature="initService()[pri:0, instance:com.vinoth.automation.tests.users.UserNegativeTests@715f45c6]" started-at="2026-03-15T01:12:20 IST" name="initService" finished-at="2026-03-15T01:12:20 IST" duration-ms="0" status="PASS">
          <reporter-output>
          </reporter-output>
        </test-method> <!-- initService -->
        <test-method signature="getUser_withBoundaryId_returns4xx(int,java.lang.String)[pri:0, instance:com.vinoth.automation.tests.users.UserNegativeTests@715f45c6]" started-at="2026-03-15T01:12:20 IST" name="getUser_withBoundaryId_returns4xx" description="Boundary user IDs return 4xx not 5xx" data-provider="boundaryUserIds" finished-at="2026-03-15T01:12:22 IST" duration-ms="1306" status="PASS">
          <params>
            <param index="0">
              <value>
                <![CDATA[2147483647]]>
              </value>
            </param>
            <param index="1">
              <value>
                <![CDATA[max integer id]]>
              </value>
            </param>
          </params>
          <reporter-output>
          </reporter-output>
        </test-method> <!-- getUser_withBoundaryId_returns4xx -->
        <test-method is-config="true" signature="tearDown(org.testng.ITestResult)[pri:0, instance:com.vinoth.automation.tests.users.UserNegativeTests@715f45c6]" started-at="2026-03-15T01:12:22 IST" name="tearDown" finished-at="2026-03-15T01:12:22 IST" duration-ms="1" status="PASS">
          <params>
            <param index="0">
              <value>
                <![CDATA[[TestResult name=getUser_withBoundaryId_returns4xx status=SUCCESS method=UserNegativeTests.getUser_withBoundaryId_returns4xx(int,java.lang.String)[pri:0, instance:com.vinoth.automation.tests.users.UserNegativeTests@715f45c6] output={null}]]]>
              </value>
            </param>
          </params>
          <reporter-output>
          </reporter-output>
        </test-method> <!-- tearDown -->
        <test-method is-config="true" signature="setUp(java.lang.reflect.Method)[pri:0, instance:com.vinoth.automation.tests.users.UserNegativeTests@715f45c6]" started-at="2026-03-15T01:12:22 IST" name="setUp" finished-at="2026-03-15T01:12:22 IST" duration-ms="1" status="PASS">
          <params>
            <param index="0">
              <value>
                <![CDATA[public void com.vinoth.automation.tests.users.UserNegativeTests.getUser_withBoundaryId_returns4xx(int,java.lang.String)]]>
              </value>
            </param>
          </params>
          <reporter-output>
          </reporter-output>
        </test-method> <!-- setUp -->
        <test-method is-config="true" signature="initService()[pri:0, instance:com.vinoth.automation.tests.users.UserNegativeTests@715f45c6]" started-at="2026-03-15T01:12:22 IST" name="initService" finished-at="2026-03-15T01:12:22 IST" duration-ms="0" status="PASS">
          <reporter-output>
          </reporter-output>
        </test-method> <!-- initService -->
        <test-method signature="getUser_withBoundaryId_returns4xx(int,java.lang.String)[pri:0, instance:com.vinoth.automation.tests.users.UserNegativeTests@715f45c6]" started-at="2026-03-15T01:12:22 IST" name="getUser_withBoundaryId_returns4xx" description="Boundary user IDs return 4xx not 5xx" data-provider="boundaryUserIds" finished-at="2026-03-15T01:12:22 IST" duration-ms="108" status="PASS">
          <params>
            <param index="0">
              <value>
                <![CDATA[99999]]>
              </value>
            </param>
            <param index="1">
              <value>
                <![CDATA[non-existent id]]>
              </value>
            </param>
          </params>
          <reporter-output>
          </reporter-output>
        </test-method> <!-- getUser_withBoundaryId_returns4xx -->
        <test-method is-config="true" signature="tearDown(org.testng.ITestResult)[pri:0, instance:com.vinoth.automation.tests.users.UserNegativeTests@715f45c6]" started-at="2026-03-15T01:12:22 IST" name="tearDown" finished-at="2026-03-15T01:12:22 IST" duration-ms="3" status="PASS">
          <params>
            <param index="0">
              <value>
                <![CDATA[[TestResult name=getUser_withBoundaryId_returns4xx status=SUCCESS method=UserNegativeTests.getUser_withBoundaryId_returns4xx(int,java.lang.String)[pri:0, instance:com.vinoth.automation.tests.users.UserNegativeTests@715f45c6] output={null}]]]>
              </value>
            </param>
          </params>
          <reporter-output>
          </reporter-output>
        </test-method> <!-- tearDown -->
      </class> <!-- com.vinoth.automation.tests.users.UserNegativeTests -->
      <class name="com.vinoth.automation.tests.users.CreateUserTests">
        <test-method is-config="true" signature="setUp(java.lang.reflect.Method)[pri:0, instance:com.vinoth.automation.tests.users.CreateUserTests@1ac6dd3d]" started-at="2026-03-15T01:12:07 IST" name="setUp" finished-at="2026-03-15T01:12:07 IST" duration-ms="3" status="PASS">
          <params>
            <param index="0">
              <value>
                <![CDATA[public void com.vinoth.automation.tests.users.CreateUserTests.createUser_withFullPayload_returns201AndAssignsId()]]>
              </value>
            </param>
          </params>
          <reporter-output>
          </reporter-output>
        </test-method> <!-- setUp -->
        <test-method is-config="true" signature="initService()[pri:0, instance:com.vinoth.automation.tests.users.CreateUserTests@1ac6dd3d]" started-at="2026-03-15T01:12:07 IST" name="initService" finished-at="2026-03-15T01:12:07 IST" duration-ms="1" status="PASS">
          <reporter-output>
          </reporter-output>
        </test-method> <!-- initService -->
        <test-method signature="createUser_withFullPayload_returns201AndAssignsId()[pri:0, instance:com.vinoth.automation.tests.users.CreateUserTests@1ac6dd3d]" started-at="2026-03-15T01:12:07 IST" name="createUser_withFullPayload_returns201AndAssignsId" description="POST /users with full payload returns 201 with id assigned" finished-at="2026-03-15T01:12:08 IST" duration-ms="861" status="PASS">
          <reporter-output>
          </reporter-output>
        </test-method> <!-- createUser_withFullPayload_returns201AndAssignsId -->
        <test-method is-config="true" signature="tearDown(org.testng.ITestResult)[pri:0, instance:com.vinoth.automation.tests.users.CreateUserTests@1ac6dd3d]" started-at="2026-03-15T01:12:08 IST" name="tearDown" finished-at="2026-03-15T01:12:08 IST" duration-ms="2" status="PASS">
          <params>
            <param index="0">
              <value>
                <![CDATA[[TestResult name=createUser_withFullPayload_returns201AndAssignsId status=SUCCESS method=CreateUserTests.createUser_withFullPayload_returns201AndAssignsId()[pri:0, instance:com.vinoth.automation.tests.users.CreateUserTests@1ac6dd3d] output={null}]]]>
              </value>
            </param>
          </params>
          <reporter-output>
          </reporter-output>
        </test-method> <!-- tearDown -->
        <test-method is-config="true" signature="setUp(java.lang.reflect.Method)[pri:0, instance:com.vinoth.automation.tests.users.CreateUserTests@1ac6dd3d]" started-at="2026-03-15T01:12:08 IST" name="setUp" finished-at="2026-03-15T01:12:08 IST" duration-ms="2" status="PASS">
          <params>
            <param index="0">
              <value>
                <![CDATA[public void com.vinoth.automation.tests.users.CreateUserTests.createUser_withMinimalPayload_returns201()]]>
              </value>
            </param>
          </params>
          <reporter-output>
          </reporter-output>
        </test-method> <!-- setUp -->
        <test-method is-config="true" signature="initService()[pri:0, instance:com.vinoth.automation.tests.users.CreateUserTests@1ac6dd3d]" started-at="2026-03-15T01:12:08 IST" name="initService" finished-at="2026-03-15T01:12:08 IST" duration-ms="0" status="PASS">
          <reporter-output>
          </reporter-output>
        </test-method> <!-- initService -->
        <test-method signature="createUser_withMinimalPayload_returns201()[pri:0, instance:com.vinoth.automation.tests.users.CreateUserTests@1ac6dd3d]" started-at="2026-03-15T01:12:08 IST" name="createUser_withMinimalPayload_returns201" description="POST /users with minimal payload (name only) returns 201" finished-at="2026-03-15T01:12:09 IST" duration-ms="1147" status="PASS">
          <reporter-output>
          </reporter-output>
        </test-method> <!-- createUser_withMinimalPayload_returns201 -->
        <test-method is-config="true" signature="tearDown(org.testng.ITestResult)[pri:0, instance:com.vinoth.automation.tests.users.CreateUserTests@1ac6dd3d]" started-at="2026-03-15T01:12:09 IST" name="tearDown" finished-at="2026-03-15T01:12:09 IST" duration-ms="1" status="PASS">
          <params>
            <param index="0">
              <value>
                <![CDATA[[TestResult name=createUser_withMinimalPayload_returns201 status=SUCCESS method=CreateUserTests.createUser_withMinimalPayload_returns201()[pri:0, instance:com.vinoth.automation.tests.users.CreateUserTests@1ac6dd3d] output={null}]]]>
              </value>
            </param>
          </params>
          <reporter-output>
          </reporter-output>
        </test-method> <!-- tearDown -->
        <test-method is-config="true" signature="setUp(java.lang.reflect.Method)[pri:0, instance:com.vinoth.automation.tests.users.CreateUserTests@1ac6dd3d]" started-at="2026-03-15T01:12:09 IST" name="setUp" finished-at="2026-03-15T01:12:09 IST" duration-ms="4" status="PASS">
          <params>
            <param index="0">
              <value>
                <![CDATA[public void com.vinoth.automation.tests.users.CreateUserTests.updateUser_withValidPayload_returns200()]]>
              </value>
            </param>
          </params>
          <reporter-output>
          </reporter-output>
        </test-method> <!-- setUp -->
        <test-method is-config="true" signature="initService()[pri:0, instance:com.vinoth.automation.tests.users.CreateUserTests@1ac6dd3d]" started-at="2026-03-15T01:12:09 IST" name="initService" finished-at="2026-03-15T01:12:09 IST" duration-ms="0" status="PASS">
          <reporter-output>
          </reporter-output>
        </test-method> <!-- initService -->
        <test-method signature="updateUser_withValidPayload_returns200()[pri:0, instance:com.vinoth.automation.tests.users.CreateUserTests@1ac6dd3d]" started-at="2026-03-15T01:12:09 IST" name="updateUser_withValidPayload_returns200" description="PUT /users/{id} full update returns 200 with updated fields" finished-at="2026-03-15T01:12:10 IST" duration-ms="751" status="PASS">
          <reporter-output>
          </reporter-output>
        </test-method> <!-- updateUser_withValidPayload_returns200 -->
        <test-method is-config="true" signature="tearDown(org.testng.ITestResult)[pri:0, instance:com.vinoth.automation.tests.users.CreateUserTests@1ac6dd3d]" started-at="2026-03-15T01:12:10 IST" name="tearDown" finished-at="2026-03-15T01:12:10 IST" duration-ms="2" status="PASS">
          <params>
            <param index="0">
              <value>
                <![CDATA[[TestResult name=updateUser_withValidPayload_returns200 status=SUCCESS method=CreateUserTests.updateUser_withValidPayload_returns200()[pri:0, instance:com.vinoth.automation.tests.users.CreateUserTests@1ac6dd3d] output={null}]]]>
              </value>
            </param>
          </params>
          <reporter-output>
          </reporter-output>
        </test-method> <!-- tearDown -->
      </class> <!-- com.vinoth.automation.tests.users.CreateUserTests -->
      <class name="com.vinoth.automation.tests.users.GetUserTests">
        <test-method is-config="true" signature="setUp(java.lang.reflect.Method)[pri:0, instance:com.vinoth.automation.tests.users.GetUserTests@39b626e5]" started-at="2026-03-15T01:11:47 IST" name="setUp" finished-at="2026-03-15T01:11:48 IST" duration-ms="1843" status="PASS">
          <params>
            <param index="0">
              <value>
                <![CDATA[public void com.vinoth.automation.tests.users.GetUserTests.getAllUsers_returns200WithNonEmptyList()]]>
              </value>
            </param>
          </params>
          <reporter-output>
          </reporter-output>
        </test-method> <!-- setUp -->
        <test-method is-config="true" signature="initService()[pri:0, instance:com.vinoth.automation.tests.users.GetUserTests@39b626e5]" started-at="2026-03-15T01:11:49 IST" name="initService" finished-at="2026-03-15T01:11:49 IST" duration-ms="581" status="PASS">
          <reporter-output>
          </reporter-output>
        </test-method> <!-- initService -->
        <test-method retried="true" signature="getAllUsers_returns200WithNonEmptyList()[pri:0, instance:com.vinoth.automation.tests.users.GetUserTests@39b626e5]" started-at="2026-03-15T01:11:49 IST" name="getAllUsers_returns200WithNonEmptyList" description="GET /users returns 200 with non-empty list" finished-at="2026-03-15T01:11:55 IST" duration-ms="5937" status="SKIP">
          <exception class="java.lang.AssertionError">
            <message>
              <![CDATA[[Response time 3373ms exceeded SLA threshold of 3000ms] 
Expecting actual:
  3373L
to be less than:
  3000L ]]>
            </message>
            <full-stacktrace>
              <![CDATA[java.lang.AssertionError: [Response time 3373ms exceeded SLA threshold of 3000ms] 
Expecting actual:
  3373L
to be less than:
  3000L 
at com.vinoth.automation.utils.ResponseValidator.responseTimeLessThan(ResponseValidator.java:131)
at com.vinoth.automation.utils.ResponseValidator.respondsWithin(ResponseValidator.java:139)
at com.vinoth.automation.tests.users.GetUserTests.getAllUsers_returns200WithNonEmptyList(GetUserTests.java:37)
at java.base/jdk.internal.reflect.DirectMethodHandleAccessor.invoke(DirectMethodHandleAccessor.java:103)
at java.base/java.lang.reflect.Method.invoke(Method.java:580)
at org.testng.internal.invokers.MethodInvocationHelper.invokeMethod(MethodInvocationHelper.java:139)
at org.testng.internal.invokers.TestInvoker.invokeMethod(TestInvoker.java:664)
at org.testng.internal.invokers.TestInvoker.invokeTestMethod(TestInvoker.java:228)
at org.testng.internal.invokers.MethodRunner.runInSequence(MethodRunner.java:63)
at org.testng.internal.invokers.TestInvoker$MethodInvocationAgent.invoke(TestInvoker.java:961)
at org.testng.internal.invokers.TestInvoker.invokeTestMethods(TestInvoker.java:201)
at org.testng.internal.invokers.TestMethodWorker.invokeTestMethods(TestMethodWorker.java:148)
at org.testng.internal.invokers.TestMethodWorker.run(TestMethodWorker.java:128)
at java.base/java.util.ArrayList.forEach(ArrayList.java:1596)
at org.testng.TestRunner.privateRun(TestRunner.java:819)
at org.testng.TestRunner.run(TestRunner.java:619)
at org.testng.SuiteRunner.runTest(SuiteRunner.java:443)
at org.testng.SuiteRunner.runSequentially(SuiteRunner.java:437)
at org.testng.SuiteRunner.privateRun(SuiteRunner.java:397)
at org.testng.SuiteRunner.run(SuiteRunner.java:336)
at org.testng.SuiteRunnerWorker.runSuite(SuiteRunnerWorker.java:52)
at org.testng.SuiteRunnerWorker.run(SuiteRunnerWorker.java:95)
at org.testng.TestNG.runSuitesSequentially(TestNG.java:1301)
at org.testng.TestNG.runSuitesLocally(TestNG.java:1228)
at org.testng.TestNG.runSuites(TestNG.java:1134)
at org.testng.TestNG.run(TestNG.java:1101)
at org.apache.maven.surefire.testng.TestNGExecutor.run(TestNGExecutor.java:308)
at org.apache.maven.surefire.testng.TestNGXmlTestSuite.execute(TestNGXmlTestSuite.java:71)
at org.apache.maven.surefire.testng.TestNGProvider.invoke(TestNGProvider.java:113)
at org.apache.maven.surefire.booter.ForkedBooter.runSuitesInProcess(ForkedBooter.java:385)
at org.apache.maven.surefire.booter.ForkedBooter.execute(ForkedBooter.java:162)
at org.apache.maven.surefire.booter.ForkedBooter.run(ForkedBooter.java:507)
at org.apache.maven.surefire.booter.ForkedBooter.main(ForkedBooter.java:495)
]]>
            </full-stacktrace>
          </exception> <!-- java.lang.AssertionError -->
          <reporter-output>
          </reporter-output>
        </test-method> <!-- getAllUsers_returns200WithNonEmptyList -->
        <test-method is-config="true" signature="tearDown(org.testng.ITestResult)[pri:0, instance:com.vinoth.automation.tests.users.GetUserTests@39b626e5]" started-at="2026-03-15T01:11:56 IST" name="tearDown" finished-at="2026-03-15T01:11:56 IST" duration-ms="5" status="PASS">
          <params>
            <param index="0">
              <value>
                <![CDATA[[TestResult name=getAllUsers_returns200WithNonEmptyList status=SKIP method=GetUserTests.getAllUsers_returns200WithNonEmptyList()[pri:0, instance:com.vinoth.automation.tests.users.GetUserTests@39b626e5] output={null}]]]>
              </value>
            </param>
          </params>
          <reporter-output>
          </reporter-output>
        </test-method> <!-- tearDown -->
        <test-method is-config="true" signature="setUp(java.lang.reflect.Method)[pri:0, instance:com.vinoth.automation.tests.users.GetUserTests@39b626e5]" started-at="2026-03-15T01:11:56 IST" name="setUp" finished-at="2026-03-15T01:11:56 IST" duration-ms="3" status="PASS">
          <params>
            <param index="0">
              <value>
                <![CDATA[public void com.vinoth.automation.tests.users.GetUserTests.getAllUsers_returns200WithNonEmptyList()]]>
              </value>
            </param>
          </params>
          <reporter-output>
          </reporter-output>
        </test-method> <!-- setUp -->
        <test-method is-config="true" signature="initService()[pri:0, instance:com.vinoth.automation.tests.users.GetUserTests@39b626e5]" started-at="2026-03-15T01:11:56 IST" name="initService" finished-at="2026-03-15T01:11:56 IST" duration-ms="0" status="PASS">
          <reporter-output>
          </reporter-output>
        </test-method> <!-- initService -->
        <test-method signature="getAllUsers_returns200WithNonEmptyList()[pri:0, instance:com.vinoth.automation.tests.users.GetUserTests@39b626e5]" started-at="2026-03-15T01:11:56 IST" name="getAllUsers_returns200WithNonEmptyList" description="GET /users returns 200 with non-empty list" finished-at="2026-03-15T01:11:57 IST" duration-ms="1356" status="PASS">
          <reporter-output>
          </reporter-output>
        </test-method> <!-- getAllUsers_returns200WithNonEmptyList -->
        <test-method is-config="true" signature="tearDown(org.testng.ITestResult)[pri:0, instance:com.vinoth.automation.tests.users.GetUserTests@39b626e5]" started-at="2026-03-15T01:11:57 IST" name="tearDown" finished-at="2026-03-15T01:11:57 IST" duration-ms="6" status="PASS">
          <params>
            <param index="0">
              <value>
                <![CDATA[[TestResult name=getAllUsers_returns200WithNonEmptyList status=SUCCESS method=GetUserTests.getAllUsers_returns200WithNonEmptyList()[pri:0, instance:com.vinoth.automation.tests.users.GetUserTests@39b626e5] output={null}]]]>
              </value>
            </param>
          </params>
          <reporter-output>
          </reporter-output>
        </test-method> <!-- tearDown -->
        <test-method is-config="true" signature="setUp(java.lang.reflect.Method)[pri:0, instance:com.vinoth.automation.tests.users.GetUserTests@39b626e5]" started-at="2026-03-15T01:11:57 IST" name="setUp" finished-at="2026-03-15T01:11:57 IST" duration-ms="5" status="PASS">
          <params>
            <param index="0">
              <value>
                <![CDATA[public void com.vinoth.automation.tests.users.GetUserTests.getMultipleUsers_eachReturns200()]]>
              </value>
            </param>
          </params>
          <reporter-output>
          </reporter-output>
        </test-method> <!-- setUp -->
        <test-method is-config="true" signature="initService()[pri:0, instance:com.vinoth.automation.tests.users.GetUserTests@39b626e5]" started-at="2026-03-15T01:11:57 IST" name="initService" finished-at="2026-03-15T01:11:57 IST" duration-ms="1" status="PASS">
          <reporter-output>
          </reporter-output>
        </test-method> <!-- initService -->
        <test-method signature="getMultipleUsers_eachReturns200()[pri:0, instance:com.vinoth.automation.tests.users.GetUserTests@39b626e5]" started-at="2026-03-15T01:11:57 IST" name="getMultipleUsers_eachReturns200" description="GET /users/{id} for multiple IDs returns correct data" finished-at="2026-03-15T01:12:04 IST" duration-ms="6526" status="PASS">
          <reporter-output>
          </reporter-output>
        </test-method> <!-- getMultipleUsers_eachReturns200 -->
        <test-method is-config="true" signature="tearDown(org.testng.ITestResult)[pri:0, instance:com.vinoth.automation.tests.users.GetUserTests@39b626e5]" started-at="2026-03-15T01:12:04 IST" name="tearDown" finished-at="2026-03-15T01:12:04 IST" duration-ms="2" status="PASS">
          <params>
            <param index="0">
              <value>
                <![CDATA[[TestResult name=getMultipleUsers_eachReturns200 status=SUCCESS method=GetUserTests.getMultipleUsers_eachReturns200()[pri:0, instance:com.vinoth.automation.tests.users.GetUserTests@39b626e5] output={null}]]]>
              </value>
            </param>
          </params>
          <reporter-output>
          </reporter-output>
        </test-method> <!-- tearDown -->
        <test-method is-config="true" signature="setUp(java.lang.reflect.Method)[pri:0, instance:com.vinoth.automation.tests.users.GetUserTests@39b626e5]" started-at="2026-03-15T01:12:04 IST" name="setUp" finished-at="2026-03-15T01:12:04 IST" duration-ms="2" status="PASS">
          <params>
            <param index="0">
              <value>
                <![CDATA[public void com.vinoth.automation.tests.users.GetUserTests.getUserById_nonExistent_returns404()]]>
              </value>
            </param>
          </params>
          <reporter-output>
          </reporter-output>
        </test-method> <!-- setUp -->
        <test-method is-config="true" signature="initService()[pri:0, instance:com.vinoth.automation.tests.users.GetUserTests@39b626e5]" started-at="2026-03-15T01:12:04 IST" name="initService" finished-at="2026-03-15T01:12:04 IST" duration-ms="2" status="PASS">
          <reporter-output>
          </reporter-output>
        </test-method> <!-- initService -->
        <test-method signature="getUserById_nonExistent_returns404()[pri:0, instance:com.vinoth.automation.tests.users.GetUserTests@39b626e5]" started-at="2026-03-15T01:12:04 IST" name="getUserById_nonExistent_returns404" description="GET /users/99999 returns 404 for non-existent user" finished-at="2026-03-15T01:12:05 IST" duration-ms="1248" status="PASS">
          <reporter-output>
          </reporter-output>
        </test-method> <!-- getUserById_nonExistent_returns404 -->
        <test-method is-config="true" signature="tearDown(org.testng.ITestResult)[pri:0, instance:com.vinoth.automation.tests.users.GetUserTests@39b626e5]" started-at="2026-03-15T01:12:05 IST" name="tearDown" finished-at="2026-03-15T01:12:05 IST" duration-ms="2" status="PASS">
          <params>
            <param index="0">
              <value>
                <![CDATA[[TestResult name=getUserById_nonExistent_returns404 status=SUCCESS method=GetUserTests.getUserById_nonExistent_returns404()[pri:0, instance:com.vinoth.automation.tests.users.GetUserTests@39b626e5] output={null}]]]>
              </value>
            </param>
          </params>
          <reporter-output>
          </reporter-output>
        </test-method> <!-- tearDown -->
        <test-method is-config="true" signature="setUp(java.lang.reflect.Method)[pri:0, instance:com.vinoth.automation.tests.users.GetUserTests@39b626e5]" started-at="2026-03-15T01:12:05 IST" name="setUp" finished-at="2026-03-15T01:12:05 IST" duration-ms="3" status="PASS">
          <params>
            <param index="0">
              <value>
                <![CDATA[public void com.vinoth.automation.tests.users.GetUserTests.getUserById_returns200WithValidSchema()]]>
              </value>
            </param>
          </params>
          <reporter-output>
          </reporter-output>
        </test-method> <!-- setUp -->
        <test-method is-config="true" signature="initService()[pri:0, instance:com.vinoth.automation.tests.users.GetUserTests@39b626e5]" started-at="2026-03-15T01:12:05 IST" name="initService" finished-at="2026-03-15T01:12:05 IST" duration-ms="0" status="PASS">
          <reporter-output>
          </reporter-output>
        </test-method> <!-- initService -->
        <test-method signature="getUserById_returns200WithValidSchema()[pri:0, instance:com.vinoth.automation.tests.users.GetUserTests@39b626e5]" started-at="2026-03-15T01:12:05 IST" name="getUserById_returns200WithValidSchema" description="GET /users/1 returns correct user with valid schema" finished-at="2026-03-15T01:12:07 IST" duration-ms="2030" status="PASS">
          <reporter-output>
          </reporter-output>
        </test-method> <!-- getUserById_returns200WithValidSchema -->
        <test-method is-config="true" signature="tearDown(org.testng.ITestResult)[pri:0, instance:com.vinoth.automation.tests.users.GetUserTests@39b626e5]" started-at="2026-03-15T01:12:07 IST" name="tearDown" finished-at="2026-03-15T01:12:07 IST" duration-ms="2" status="PASS">
          <params>
            <param index="0">
              <value>
                <![CDATA[[TestResult name=getUserById_returns200WithValidSchema status=SUCCESS method=GetUserTests.getUserById_returns200WithValidSchema()[pri:0, instance:com.vinoth.automation.tests.users.GetUserTests@39b626e5] output={null}]]]>
              </value>
            </param>
          </params>
          <reporter-output>
          </reporter-output>
        </test-method> <!-- tearDown -->
      </class> <!-- com.vinoth.automation.tests.users.GetUserTests -->
      <class name="com.vinoth.automation.tests.users.DeleteUserTests">
        <test-method is-config="true" signature="setUp(java.lang.reflect.Method)[pri:0, instance:com.vinoth.automation.tests.users.DeleteUserTests@794f11cd]" started-at="2026-03-15T01:12:14 IST" name="setUp" finished-at="2026-03-15T01:12:14 IST" duration-ms="4" status="PASS">
          <params>
            <param index="0">
              <value>
                <![CDATA[public void com.vinoth.automation.tests.users.DeleteUserTests.deleteUser_responseBodyIsEmpty()]]>
              </value>
            </param>
          </params>
          <reporter-output>
          </reporter-output>
        </test-method> <!-- setUp -->
        <test-method is-config="true" signature="initService()[pri:0, instance:com.vinoth.automation.tests.users.DeleteUserTests@794f11cd]" started-at="2026-03-15T01:12:14 IST" name="initService" finished-at="2026-03-15T01:12:14 IST" duration-ms="0" status="PASS">
          <reporter-output>
          </reporter-output>
        </test-method> <!-- initService -->
        <test-method signature="deleteUser_responseBodyIsEmpty()[pri:0, instance:com.vinoth.automation.tests.users.DeleteUserTests@794f11cd]" started-at="2026-03-15T01:12:14 IST" name="deleteUser_responseBodyIsEmpty" description="DELETE /users/{id} response body is empty or {}" finished-at="2026-03-15T01:12:14 IST" duration-ms="627" status="PASS">
          <reporter-output>
          </reporter-output>
        </test-method> <!-- deleteUser_responseBodyIsEmpty -->
        <test-method is-config="true" signature="tearDown(org.testng.ITestResult)[pri:0, instance:com.vinoth.automation.tests.users.DeleteUserTests@794f11cd]" started-at="2026-03-15T01:12:14 IST" name="tearDown" finished-at="2026-03-15T01:12:14 IST" duration-ms="2" status="PASS">
          <params>
            <param index="0">
              <value>
                <![CDATA[[TestResult name=deleteUser_responseBodyIsEmpty status=SUCCESS method=DeleteUserTests.deleteUser_responseBodyIsEmpty()[pri:0, instance:com.vinoth.automation.tests.users.DeleteUserTests@794f11cd] output={null}]]]>
              </value>
            </param>
          </params>
          <reporter-output>
          </reporter-output>
        </test-method> <!-- tearDown -->
        <test-method is-config="true" signature="setUp(java.lang.reflect.Method)[pri:0, instance:com.vinoth.automation.tests.users.DeleteUserTests@794f11cd]" started-at="2026-03-15T01:12:14 IST" name="setUp" finished-at="2026-03-15T01:12:14 IST" duration-ms="2" status="PASS">
          <params>
            <param index="0">
              <value>
                <![CDATA[public void com.vinoth.automation.tests.users.DeleteUserTests.deleteUser_withValidId_returns200()]]>
              </value>
            </param>
          </params>
          <reporter-output>
          </reporter-output>
        </test-method> <!-- setUp -->
        <test-method is-config="true" signature="initService()[pri:0, instance:com.vinoth.automation.tests.users.DeleteUserTests@794f11cd]" started-at="2026-03-15T01:12:14 IST" name="initService" finished-at="2026-03-15T01:12:14 IST" duration-ms="1" status="PASS">
          <reporter-output>
          </reporter-output>
        </test-method> <!-- initService -->
        <test-method signature="deleteUser_withValidId_returns200()[pri:0, instance:com.vinoth.automation.tests.users.DeleteUserTests@794f11cd]" started-at="2026-03-15T01:12:14 IST" name="deleteUser_withValidId_returns200" description="DELETE /users/{id} with valid id returns 200" finished-at="2026-03-15T01:12:16 IST" duration-ms="1645" status="PASS">
          <reporter-output>
          </reporter-output>
        </test-method> <!-- deleteUser_withValidId_returns200 -->
        <test-method is-config="true" signature="tearDown(org.testng.ITestResult)[pri:0, instance:com.vinoth.automation.tests.users.DeleteUserTests@794f11cd]" started-at="2026-03-15T01:12:16 IST" name="tearDown" finished-at="2026-03-15T01:12:16 IST" duration-ms="1" status="PASS">
          <params>
            <param index="0">
              <value>
                <![CDATA[[TestResult name=deleteUser_withValidId_returns200 status=SUCCESS method=DeleteUserTests.deleteUser_withValidId_returns200()[pri:0, instance:com.vinoth.automation.tests.users.DeleteUserTests@794f11cd] output={null}]]]>
              </value>
            </param>
          </params>
          <reporter-output>
          </reporter-output>
        </test-method> <!-- tearDown -->
      </class> <!-- com.vinoth.automation.tests.users.DeleteUserTests -->
      <class name="com.vinoth.automation.tests.users.UpdateUserTests">
        <test-method is-config="true" signature="setUp(java.lang.reflect.Method)[pri:0, instance:com.vinoth.automation.tests.users.UpdateUserTests@562919fe]" started-at="2026-03-15T01:12:10 IST" name="setUp" finished-at="2026-03-15T01:12:10 IST" duration-ms="5" status="PASS">
          <params>
            <param index="0">
              <value>
                <![CDATA[public void com.vinoth.automation.tests.users.UpdateUserTests.updateUser_emailField_isUpdated()]]>
              </value>
            </param>
          </params>
          <reporter-output>
          </reporter-output>
        </test-method> <!-- setUp -->
        <test-method is-config="true" signature="initService()[pri:0, instance:com.vinoth.automation.tests.users.UpdateUserTests@562919fe]" started-at="2026-03-15T01:12:10 IST" name="initService" finished-at="2026-03-15T01:12:10 IST" duration-ms="1" status="PASS">
          <reporter-output>
          </reporter-output>
        </test-method> <!-- initService -->
        <test-method signature="updateUser_emailField_isUpdated()[pri:0, instance:com.vinoth.automation.tests.users.UpdateUserTests@562919fe]" started-at="2026-03-15T01:12:10 IST" name="updateUser_emailField_isUpdated" description="PUT /users/{id} updates email correctly" finished-at="2026-03-15T01:12:11 IST" duration-ms="780" status="PASS">
          <reporter-output>
          </reporter-output>
        </test-method> <!-- updateUser_emailField_isUpdated -->
        <test-method is-config="true" signature="tearDown(org.testng.ITestResult)[pri:0, instance:com.vinoth.automation.tests.users.UpdateUserTests@562919fe]" started-at="2026-03-15T01:12:11 IST" name="tearDown" finished-at="2026-03-15T01:12:11 IST" duration-ms="2" status="PASS">
          <params>
            <param index="0">
              <value>
                <![CDATA[[TestResult name=updateUser_emailField_isUpdated status=SUCCESS method=UpdateUserTests.updateUser_emailField_isUpdated()[pri:0, instance:com.vinoth.automation.tests.users.UpdateUserTests@562919fe] output={null}]]]>
              </value>
            </param>
          </params>
          <reporter-output>
          </reporter-output>
        </test-method> <!-- tearDown -->
        <test-method is-config="true" signature="setUp(java.lang.reflect.Method)[pri:0, instance:com.vinoth.automation.tests.users.UpdateUserTests@562919fe]" started-at="2026-03-15T01:12:11 IST" name="setUp" finished-at="2026-03-15T01:12:11 IST" duration-ms="2" status="PASS">
          <params>
            <param index="0">
              <value>
                <![CDATA[public void com.vinoth.automation.tests.users.UpdateUserTests.updateUser_withFullPayload_returns200()]]>
              </value>
            </param>
          </params>
          <reporter-output>
          </reporter-output>
        </test-method> <!-- setUp -->
        <test-method is-config="true" signature="initService()[pri:0, instance:com.vinoth.automation.tests.users.UpdateUserTests@562919fe]" started-at="2026-03-15T01:12:11 IST" name="initService" finished-at="2026-03-15T01:12:11 IST" duration-ms="0" status="PASS">
          <reporter-output>
          </reporter-output>
        </test-method> <!-- initService -->
        <test-method signature="updateUser_withFullPayload_returns200()[pri:0, instance:com.vinoth.automation.tests.users.UpdateUserTests@562919fe]" started-at="2026-03-15T01:12:11 IST" name="updateUser_withFullPayload_returns200" description="PUT /users/{id} full update returns 200 with updated fields" finished-at="2026-03-15T01:12:12 IST" duration-ms="826" status="PASS">
          <reporter-output>
          </reporter-output>
        </test-method> <!-- updateUser_withFullPayload_returns200 -->
        <test-method is-config="true" signature="tearDown(org.testng.ITestResult)[pri:0, instance:com.vinoth.automation.tests.users.UpdateUserTests@562919fe]" started-at="2026-03-15T01:12:12 IST" name="tearDown" finished-at="2026-03-15T01:12:12 IST" duration-ms="1" status="PASS">
          <params>
            <param index="0">
              <value>
                <![CDATA[[TestResult name=updateUser_withFullPayload_returns200 status=SUCCESS method=UpdateUserTests.updateUser_withFullPayload_returns200()[pri:0, instance:com.vinoth.automation.tests.users.UpdateUserTests@562919fe] output={null}]]]>
              </value>
            </param>
          </params>
          <reporter-output>
          </reporter-output>
        </test-method> <!-- tearDown -->
        <test-method is-config="true" signature="setUp(java.lang.reflect.Method)[pri:0, instance:com.vinoth.automation.tests.users.UpdateUserTests@562919fe]" started-at="2026-03-15T01:12:12 IST" name="setUp" finished-at="2026-03-15T01:12:12 IST" duration-ms="2" status="PASS">
          <params>
            <param index="0">
              <value>
                <![CDATA[public void com.vinoth.automation.tests.users.UpdateUserTests.updateUser_withRandomPayload_returns200()]]>
              </value>
            </param>
          </params>
          <reporter-output>
          </reporter-output>
        </test-method> <!-- setUp -->
        <test-method is-config="true" signature="initService()[pri:0, instance:com.vinoth.automation.tests.users.UpdateUserTests@562919fe]" started-at="2026-03-15T01:12:12 IST" name="initService" finished-at="2026-03-15T01:12:12 IST" duration-ms="0" status="PASS">
          <reporter-output>
          </reporter-output>
        </test-method> <!-- initService -->
        <test-method signature="updateUser_withRandomPayload_returns200()[pri:0, instance:com.vinoth.automation.tests.users.UpdateUserTests@562919fe]" started-at="2026-03-15T01:12:12 IST" name="updateUser_withRandomPayload_returns200" description="PUT /users/{id} with random data returns 200" finished-at="2026-03-15T01:12:14 IST" duration-ms="1930" status="PASS">
          <reporter-output>
          </reporter-output>
        </test-method> <!-- updateUser_withRandomPayload_returns200 -->
        <test-method is-config="true" signature="tearDown(org.testng.ITestResult)[pri:0, instance:com.vinoth.automation.tests.users.UpdateUserTests@562919fe]" started-at="2026-03-15T01:12:14 IST" name="tearDown" finished-at="2026-03-15T01:12:14 IST" duration-ms="1" status="PASS">
          <params>
            <param index="0">
              <value>
                <![CDATA[[TestResult name=updateUser_withRandomPayload_returns200 status=SUCCESS method=UpdateUserTests.updateUser_withRandomPayload_returns200()[pri:0, instance:com.vinoth.automation.tests.users.UpdateUserTests@562919fe] output={null}]]]>
              </value>
            </param>
          </params>
          <reporter-output>
          </reporter-output>
        </test-method> <!-- tearDown -->
      </class> <!-- com.vinoth.automation.tests.users.UpdateUserTests -->
    </test> <!-- User API Tests -->
    <test started-at="2026-03-15T01:12:22 IST" name="Post API Tests" finished-at="2026-03-15T01:12:34 IST" duration-ms="11742">
      <class name="com.vinoth.automation.tests.posts.PostCrudTests">
        <test-method is-config="true" signature="initSuite()[pri:0, instance:com.vinoth.automation.tests.posts.PostCrudTests@1a2e0d57]" started-at="2026-03-15T01:11:46 IST" name="initSuite" finished-at="2026-03-15T01:11:46 IST" duration-ms="880" status="PASS">
          <reporter-output>
          </reporter-output>
        </test-method> <!-- initSuite -->
        <test-method is-config="true" signature="setUp(java.lang.reflect.Method)[pri:0, instance:com.vinoth.automation.tests.posts.PostCrudTests@1a2e0d57]" started-at="2026-03-15T01:12:22 IST" name="setUp" finished-at="2026-03-15T01:12:22 IST" duration-ms="4" status="PASS">
          <params>
            <param index="0">
              <value>
                <![CDATA[public void com.vinoth.automation.tests.posts.PostCrudTests.createPost_withValidData_returns201(com.vinoth.automation.models.request.PostRequest)]]>
              </value>
            </param>
          </params>
          <reporter-output>
          </reporter-output>
        </test-method> <!-- setUp -->
        <test-method is-config="true" signature="initService()[pri:0, instance:com.vinoth.automation.tests.posts.PostCrudTests@1a2e0d57]" started-at="2026-03-15T01:12:22 IST" name="initService" finished-at="2026-03-15T01:12:22 IST" duration-ms="26" status="PASS">
          <reporter-output>
          </reporter-output>
        </test-method> <!-- initService -->
        <test-method signature="createPost_withValidData_returns201(com.vinoth.automation.models.request.PostRequest)[pri:0, instance:com.vinoth.automation.tests.posts.PostCrudTests@1a2e0d57]" started-at="2026-03-15T01:12:22 IST" name="createPost_withValidData_returns201" description="POST /posts creates a post - data-driven" data-provider="validPosts" finished-at="2026-03-15T01:12:24 IST" duration-ms="1787" status="PASS">
          <params>
            <param index="0">
              <value>
                <![CDATA[PostRequest(userId=1, title=Introduction to API Testing, body=API testing is a type of software testing that validates Application Programming Interfaces.)]]>
              </value>
            </param>
          </params>
          <reporter-output>
          </reporter-output>
        </test-method> <!-- createPost_withValidData_returns201 -->
        <test-method is-config="true" signature="tearDown(org.testng.ITestResult)[pri:0, instance:com.vinoth.automation.tests.posts.PostCrudTests@1a2e0d57]" started-at="2026-03-15T01:12:24 IST" name="tearDown" finished-at="2026-03-15T01:12:24 IST" duration-ms="1" status="PASS">
          <params>
            <param index="0">
              <value>
                <![CDATA[[TestResult name=createPost_withValidData_returns201 status=SUCCESS method=PostCrudTests.createPost_withValidData_returns201(com.vinoth.automation.models.request.PostRequest)[pri:0, instance:com.vinoth.automation.tests.posts.PostCrudTests@1a2e0d57] output={null}]]]>
              </value>
            </param>
          </params>
          <reporter-output>
          </reporter-output>
        </test-method> <!-- tearDown -->
        <test-method is-config="true" signature="setUp(java.lang.reflect.Method)[pri:0, instance:com.vinoth.automation.tests.posts.PostCrudTests@1a2e0d57]" started-at="2026-03-15T01:12:24 IST" name="setUp" finished-at="2026-03-15T01:12:24 IST" duration-ms="3" status="PASS">
          <params>
            <param index="0">
              <value>
                <![CDATA[public void com.vinoth.automation.tests.posts.PostCrudTests.createPost_withValidData_returns201(com.vinoth.automation.models.request.PostRequest)]]>
              </value>
            </param>
          </params>
          <reporter-output>
          </reporter-output>
        </test-method> <!-- setUp -->
        <test-method is-config="true" signature="initService()[pri:0, instance:com.vinoth.automation.tests.posts.PostCrudTests@1a2e0d57]" started-at="2026-03-15T01:12:24 IST" name="initService" finished-at="2026-03-15T01:12:24 IST" duration-ms="1" status="PASS">
          <reporter-output>
          </reporter-output>
        </test-method> <!-- initService -->
        <test-method signature="createPost_withValidData_returns201(com.vinoth.automation.models.request.PostRequest)[pri:0, instance:com.vinoth.automation.tests.posts.PostCrudTests@1a2e0d57]" started-at="2026-03-15T01:12:24 IST" name="createPost_withValidData_returns201" description="POST /posts creates a post - data-driven" data-provider="validPosts" finished-at="2026-03-15T01:12:25 IST" duration-ms="911" status="PASS">
          <params>
            <param index="0">
              <value>
                <![CDATA[PostRequest(userId=1, title=RestAssured Best Practices, body=RestAssured is a powerful Java library for testing REST APIs with a fluent DSL.)]]>
              </value>
            </param>
          </params>
          <reporter-output>
          </reporter-output>
        </test-method> <!-- createPost_withValidData_returns201 -->
        <test-method is-config="true" signature="tearDown(org.testng.ITestResult)[pri:0, instance:com.vinoth.automation.tests.posts.PostCrudTests@1a2e0d57]" started-at="2026-03-15T01:12:25 IST" name="tearDown" finished-at="2026-03-15T01:12:25 IST" duration-ms="1" status="PASS">
          <params>
            <param index="0">
              <value>
                <![CDATA[[TestResult name=createPost_withValidData_returns201 status=SUCCESS method=PostCrudTests.createPost_withValidData_returns201(com.vinoth.automation.models.request.PostRequest)[pri:0, instance:com.vinoth.automation.tests.posts.PostCrudTests@1a2e0d57] output={null}]]]>
              </value>
            </param>
          </params>
          <reporter-output>
          </reporter-output>
        </test-method> <!-- tearDown -->
        <test-method is-config="true" signature="setUp(java.lang.reflect.Method)[pri:0, instance:com.vinoth.automation.tests.posts.PostCrudTests@1a2e0d57]" started-at="2026-03-15T01:12:25 IST" name="setUp" finished-at="2026-03-15T01:12:25 IST" duration-ms="2" status="PASS">
          <params>
            <param index="0">
              <value>
                <![CDATA[public void com.vinoth.automation.tests.posts.PostCrudTests.createPost_withValidData_returns201(com.vinoth.automation.models.request.PostRequest)]]>
              </value>
            </param>
          </params>
          <reporter-output>
          </reporter-output>
        </test-method> <!-- setUp -->
        <test-method is-config="true" signature="initService()[pri:0, instance:com.vinoth.automation.tests.posts.PostCrudTests@1a2e0d57]" started-at="2026-03-15T01:12:25 IST" name="initService" finished-at="2026-03-15T01:12:25 IST" duration-ms="0" status="PASS">
          <reporter-output>
          </reporter-output>
        </test-method> <!-- initService -->
        <test-method signature="createPost_withValidData_returns201(com.vinoth.automation.models.request.PostRequest)[pri:0, instance:com.vinoth.automation.tests.posts.PostCrudTests@1a2e0d57]" started-at="2026-03-15T01:12:25 IST" name="createPost_withValidData_returns201" description="POST /posts creates a post - data-driven" data-provider="validPosts" finished-at="2026-03-15T01:12:25 IST" duration-ms="734" status="PASS">
          <params>
            <param index="0">
              <value>
                <![CDATA[PostRequest(userId=2, title=TestNG Parallel Execution, body=TestNG supports parallel test execution at suite, test, class, and method levels.)]]>
              </value>
            </param>
          </params>
          <reporter-output>
          </reporter-output>
        </test-method> <!-- createPost_withValidData_returns201 -->
        <test-method is-config="true" signature="tearDown(org.testng.ITestResult)[pri:0, instance:com.vinoth.automation.tests.posts.PostCrudTests@1a2e0d57]" started-at="2026-03-15T01:12:25 IST" name="tearDown" finished-at="2026-03-15T01:12:25 IST" duration-ms="2" status="PASS">
          <params>
            <param index="0">
              <value>
                <![CDATA[[TestResult name=createPost_withValidData_returns201 status=SUCCESS method=PostCrudTests.createPost_withValidData_returns201(com.vinoth.automation.models.request.PostRequest)[pri:0, instance:com.vinoth.automation.tests.posts.PostCrudTests@1a2e0d57] output={null}]]]>
              </value>
            </param>
          </params>
          <reporter-output>
          </reporter-output>
        </test-method> <!-- tearDown -->
        <test-method is-config="true" signature="setUp(java.lang.reflect.Method)[pri:0, instance:com.vinoth.automation.tests.posts.PostCrudTests@1a2e0d57]" started-at="2026-03-15T01:12:25 IST" name="setUp" finished-at="2026-03-15T01:12:25 IST" duration-ms="2" status="PASS">
          <params>
            <param index="0">
              <value>
                <![CDATA[public void com.vinoth.automation.tests.posts.PostCrudTests.deletePost_returns200()]]>
              </value>
            </param>
          </params>
          <reporter-output>
          </reporter-output>
        </test-method> <!-- setUp -->
        <test-method is-config="true" signature="initService()[pri:0, instance:com.vinoth.automation.tests.posts.PostCrudTests@1a2e0d57]" started-at="2026-03-15T01:12:25 IST" name="initService" finished-at="2026-03-15T01:12:25 IST" duration-ms="1" status="PASS">
          <reporter-output>
          </reporter-output>
        </test-method> <!-- initService -->
        <test-method signature="deletePost_returns200()[pri:0, instance:com.vinoth.automation.tests.posts.PostCrudTests@1a2e0d57]" started-at="2026-03-15T01:12:25 IST" name="deletePost_returns200" description="DELETE /posts/{id} returns 200" finished-at="2026-03-15T01:12:26 IST" duration-ms="714" status="PASS">
          <reporter-output>
          </reporter-output>
        </test-method> <!-- deletePost_returns200 -->
        <test-method is-config="true" signature="tearDown(org.testng.ITestResult)[pri:0, instance:com.vinoth.automation.tests.posts.PostCrudTests@1a2e0d57]" started-at="2026-03-15T01:12:26 IST" name="tearDown" finished-at="2026-03-15T01:12:26 IST" duration-ms="0" status="PASS">
          <params>
            <param index="0">
              <value>
                <![CDATA[[TestResult name=deletePost_returns200 status=SUCCESS method=PostCrudTests.deletePost_returns200()[pri:0, instance:com.vinoth.automation.tests.posts.PostCrudTests@1a2e0d57] output={null}]]]>
              </value>
            </param>
          </params>
          <reporter-output>
          </reporter-output>
        </test-method> <!-- tearDown -->
        <test-method is-config="true" signature="setUp(java.lang.reflect.Method)[pri:0, instance:com.vinoth.automation.tests.posts.PostCrudTests@1a2e0d57]" started-at="2026-03-15T01:12:26 IST" name="setUp" finished-at="2026-03-15T01:12:26 IST" duration-ms="3" status="PASS">
          <params>
            <param index="0">
              <value>
                <![CDATA[public void com.vinoth.automation.tests.posts.PostCrudTests.getAllPosts_returns200()]]>
              </value>
            </param>
          </params>
          <reporter-output>
          </reporter-output>
        </test-method> <!-- setUp -->
        <test-method is-config="true" signature="initService()[pri:0, instance:com.vinoth.automation.tests.posts.PostCrudTests@1a2e0d57]" started-at="2026-03-15T01:12:26 IST" name="initService" finished-at="2026-03-15T01:12:26 IST" duration-ms="0" status="PASS">
          <reporter-output>
          </reporter-output>
        </test-method> <!-- initService -->
        <test-method signature="getAllPosts_returns200()[pri:0, instance:com.vinoth.automation.tests.posts.PostCrudTests@1a2e0d57]" started-at="2026-03-15T01:12:26 IST" name="getAllPosts_returns200" description="GET /posts returns 200 with non-empty list" finished-at="2026-03-15T01:12:27 IST" duration-ms="513" status="PASS">
          <reporter-output>
          </reporter-output>
        </test-method> <!-- getAllPosts_returns200 -->
        <test-method is-config="true" signature="tearDown(org.testng.ITestResult)[pri:0, instance:com.vinoth.automation.tests.posts.PostCrudTests@1a2e0d57]" started-at="2026-03-15T01:12:27 IST" name="tearDown" finished-at="2026-03-15T01:12:27 IST" duration-ms="1" status="PASS">
          <params>
            <param index="0">
              <value>
                <![CDATA[[TestResult name=getAllPosts_returns200 status=SUCCESS method=PostCrudTests.getAllPosts_returns200()[pri:0, instance:com.vinoth.automation.tests.posts.PostCrudTests@1a2e0d57] output={null}]]]>
              </value>
            </param>
          </params>
          <reporter-output>
          </reporter-output>
        </test-method> <!-- tearDown -->
        <test-method is-config="true" signature="setUp(java.lang.reflect.Method)[pri:0, instance:com.vinoth.automation.tests.posts.PostCrudTests@1a2e0d57]" started-at="2026-03-15T01:12:27 IST" name="setUp" finished-at="2026-03-15T01:12:27 IST" duration-ms="2" status="PASS">
          <params>
            <param index="0">
              <value>
                <![CDATA[public void com.vinoth.automation.tests.posts.PostCrudTests.getPostById_returnsExpectedPost()]]>
              </value>
            </param>
          </params>
          <reporter-output>
          </reporter-output>
        </test-method> <!-- setUp -->
        <test-method is-config="true" signature="initService()[pri:0, instance:com.vinoth.automation.tests.posts.PostCrudTests@1a2e0d57]" started-at="2026-03-15T01:12:27 IST" name="initService" finished-at="2026-03-15T01:12:27 IST" duration-ms="0" status="PASS">
          <reporter-output>
          </reporter-output>
        </test-method> <!-- initService -->
        <test-method signature="getPostById_returnsExpectedPost()[pri:0, instance:com.vinoth.automation.tests.posts.PostCrudTests@1a2e0d57]" started-at="2026-03-15T01:12:27 IST" name="getPostById_returnsExpectedPost" description="GET /posts/{id} returns correct post for id=1" finished-at="2026-03-15T01:12:27 IST" duration-ms="165" status="PASS">
          <reporter-output>
          </reporter-output>
        </test-method> <!-- getPostById_returnsExpectedPost -->
        <test-method is-config="true" signature="tearDown(org.testng.ITestResult)[pri:0, instance:com.vinoth.automation.tests.posts.PostCrudTests@1a2e0d57]" started-at="2026-03-15T01:12:27 IST" name="tearDown" finished-at="2026-03-15T01:12:27 IST" duration-ms="1" status="PASS">
          <params>
            <param index="0">
              <value>
                <![CDATA[[TestResult name=getPostById_returnsExpectedPost status=SUCCESS method=PostCrudTests.getPostById_returnsExpectedPost()[pri:0, instance:com.vinoth.automation.tests.posts.PostCrudTests@1a2e0d57] output={null}]]]>
              </value>
            </param>
          </params>
          <reporter-output>
          </reporter-output>
        </test-method> <!-- tearDown -->
        <test-method is-config="true" signature="setUp(java.lang.reflect.Method)[pri:0, instance:com.vinoth.automation.tests.posts.PostCrudTests@1a2e0d57]" started-at="2026-03-15T01:12:27 IST" name="setUp" finished-at="2026-03-15T01:12:27 IST" duration-ms="3" status="PASS">
          <params>
            <param index="0">
              <value>
                <![CDATA[public void com.vinoth.automation.tests.posts.PostCrudTests.getPostsByUserId_returnsOnlyUserPosts()]]>
              </value>
            </param>
          </params>
          <reporter-output>
          </reporter-output>
        </test-method> <!-- setUp -->
        <test-method is-config="true" signature="initService()[pri:0, instance:com.vinoth.automation.tests.posts.PostCrudTests@1a2e0d57]" started-at="2026-03-15T01:12:27 IST" name="initService" finished-at="2026-03-15T01:12:27 IST" duration-ms="0" status="PASS">
          <reporter-output>
          </reporter-output>
        </test-method> <!-- initService -->
        <test-method signature="getPostsByUserId_returnsOnlyUserPosts()[pri:0, instance:com.vinoth.automation.tests.posts.PostCrudTests@1a2e0d57]" started-at="2026-03-15T01:12:27 IST" name="getPostsByUserId_returnsOnlyUserPosts" description="GET /posts?userId=1 filters posts by user" finished-at="2026-03-15T01:12:28 IST" duration-ms="1433" status="PASS">
          <reporter-output>
          </reporter-output>
        </test-method> <!-- getPostsByUserId_returnsOnlyUserPosts -->
        <test-method is-config="true" signature="tearDown(org.testng.ITestResult)[pri:0, instance:com.vinoth.automation.tests.posts.PostCrudTests@1a2e0d57]" started-at="2026-03-15T01:12:28 IST" name="tearDown" finished-at="2026-03-15T01:12:28 IST" duration-ms="1" status="PASS">
          <params>
            <param index="0">
              <value>
                <![CDATA[[TestResult name=getPostsByUserId_returnsOnlyUserPosts status=SUCCESS method=PostCrudTests.getPostsByUserId_returnsOnlyUserPosts()[pri:0, instance:com.vinoth.automation.tests.posts.PostCrudTests@1a2e0d57] output={null}]]]>
              </value>
            </param>
          </params>
          <reporter-output>
          </reporter-output>
        </test-method> <!-- tearDown -->
        <test-method is-config="true" signature="setUp(java.lang.reflect.Method)[pri:0, instance:com.vinoth.automation.tests.posts.PostCrudTests@1a2e0d57]" started-at="2026-03-15T01:12:28 IST" name="setUp" finished-at="2026-03-15T01:12:28 IST" duration-ms="2" status="PASS">
          <params>
            <param index="0">
              <value>
                <![CDATA[public void com.vinoth.automation.tests.posts.PostCrudTests.updatePost_returns200WithUpdatedFields()]]>
              </value>
            </param>
          </params>
          <reporter-output>
          </reporter-output>
        </test-method> <!-- setUp -->
        <test-method is-config="true" signature="initService()[pri:0, instance:com.vinoth.automation.tests.posts.PostCrudTests@1a2e0d57]" started-at="2026-03-15T01:12:28 IST" name="initService" finished-at="2026-03-15T01:12:28 IST" duration-ms="0" status="PASS">
          <reporter-output>
          </reporter-output>
        </test-method> <!-- initService -->
        <test-method signature="updatePost_returns200WithUpdatedFields()[pri:0, instance:com.vinoth.automation.tests.posts.PostCrudTests@1a2e0d57]" started-at="2026-03-15T01:12:28 IST" name="updatePost_returns200WithUpdatedFields" description="PUT /posts/{id} full update returns 200" finished-at="2026-03-15T01:12:29 IST" duration-ms="490" status="PASS">
          <reporter-output>
          </reporter-output>
        </test-method> <!-- updatePost_returns200WithUpdatedFields -->
        <test-method is-config="true" signature="tearDown(org.testng.ITestResult)[pri:0, instance:com.vinoth.automation.tests.posts.PostCrudTests@1a2e0d57]" started-at="2026-03-15T01:12:29 IST" name="tearDown" finished-at="2026-03-15T01:12:29 IST" duration-ms="0" status="PASS">
          <params>
            <param index="0">
              <value>
                <![CDATA[[TestResult name=updatePost_returns200WithUpdatedFields status=SUCCESS method=PostCrudTests.updatePost_returns200WithUpdatedFields()[pri:0, instance:com.vinoth.automation.tests.posts.PostCrudTests@1a2e0d57] output={null}]]]>
              </value>
            </param>
          </params>
          <reporter-output>
          </reporter-output>
        </test-method> <!-- tearDown -->
        <test-method is-config="true" signature="tearDownSuite()[pri:0, instance:com.vinoth.automation.tests.posts.PostCrudTests@1a2e0d57]" started-at="2026-03-15T01:12:34 IST" name="tearDownSuite" finished-at="2026-03-15T01:12:34 IST" duration-ms="1" status="PASS">
          <reporter-output>
          </reporter-output>
        </test-method> <!-- tearDownSuite -->
      </class> <!-- com.vinoth.automation.tests.posts.PostCrudTests -->
      <class name="com.vinoth.automation.tests.posts.PostNegativeTests">
        <test-method is-config="true" signature="setUp(java.lang.reflect.Method)[pri:0, instance:com.vinoth.automation.tests.posts.PostNegativeTests@5f025000]" started-at="2026-03-15T01:12:29 IST" name="setUp" finished-at="2026-03-15T01:12:29 IST" duration-ms="1" status="PASS">
          <params>
            <param index="0">
              <value>
                <![CDATA[public void com.vinoth.automation.tests.posts.PostNegativeTests.deletePost_nonExistentId_respondsWithinSla()]]>
              </value>
            </param>
          </params>
          <reporter-output>
          </reporter-output>
        </test-method> <!-- setUp -->
        <test-method is-config="true" signature="initService()[pri:0, instance:com.vinoth.automation.tests.posts.PostNegativeTests@5f025000]" started-at="2026-03-15T01:12:29 IST" name="initService" finished-at="2026-03-15T01:12:29 IST" duration-ms="2" status="PASS">
          <reporter-output>
          </reporter-output>
        </test-method> <!-- initService -->
        <test-method signature="deletePost_nonExistentId_respondsWithinSla()[pri:0, instance:com.vinoth.automation.tests.posts.PostNegativeTests@5f025000]" started-at="2026-03-15T01:12:29 IST" name="deletePost_nonExistentId_respondsWithinSla" description="DELETE non-existent post responds within SLA" finished-at="2026-03-15T01:12:29 IST" duration-ms="411" status="PASS">
          <reporter-output>
          </reporter-output>
        </test-method> <!-- deletePost_nonExistentId_respondsWithinSla -->
        <test-method is-config="true" signature="tearDown(org.testng.ITestResult)[pri:0, instance:com.vinoth.automation.tests.posts.PostNegativeTests@5f025000]" started-at="2026-03-15T01:12:29 IST" name="tearDown" finished-at="2026-03-15T01:12:29 IST" duration-ms="1" status="PASS">
          <params>
            <param index="0">
              <value>
                <![CDATA[[TestResult name=deletePost_nonExistentId_respondsWithinSla status=SUCCESS method=PostNegativeTests.deletePost_nonExistentId_respondsWithinSla()[pri:0, instance:com.vinoth.automation.tests.posts.PostNegativeTests@5f025000] output={null}]]]>
              </value>
            </param>
          </params>
          <reporter-output>
          </reporter-output>
        </test-method> <!-- tearDown -->
        <test-method is-config="true" signature="setUp(java.lang.reflect.Method)[pri:0, instance:com.vinoth.automation.tests.posts.PostNegativeTests@5f025000]" started-at="2026-03-15T01:12:29 IST" name="setUp" finished-at="2026-03-15T01:12:29 IST" duration-ms="2" status="PASS">
          <params>
            <param index="0">
              <value>
                <![CDATA[public void com.vinoth.automation.tests.posts.PostNegativeTests.getPost_nonExistentId_returns404()]]>
              </value>
            </param>
          </params>
          <reporter-output>
          </reporter-output>
        </test-method> <!-- setUp -->
        <test-method is-config="true" signature="initService()[pri:0, instance:com.vinoth.automation.tests.posts.PostNegativeTests@5f025000]" started-at="2026-03-15T01:12:29 IST" name="initService" finished-at="2026-03-15T01:12:29 IST" duration-ms="0" status="PASS">
          <reporter-output>
          </reporter-output>
        </test-method> <!-- initService -->
        <test-method signature="getPost_nonExistentId_returns404()[pri:0, instance:com.vinoth.automation.tests.posts.PostNegativeTests@5f025000]" started-at="2026-03-15T01:12:29 IST" name="getPost_nonExistentId_returns404" description="GET non-existent post returns 404" finished-at="2026-03-15T01:12:31 IST" duration-ms="1354" status="PASS">
          <reporter-output>
          </reporter-output>
        </test-method> <!-- getPost_nonExistentId_returns404 -->
        <test-method is-config="true" signature="tearDown(org.testng.ITestResult)[pri:0, instance:com.vinoth.automation.tests.posts.PostNegativeTests@5f025000]" started-at="2026-03-15T01:12:31 IST" name="tearDown" finished-at="2026-03-15T01:12:31 IST" duration-ms="1" status="PASS">
          <params>
            <param index="0">
              <value>
                <![CDATA[[TestResult name=getPost_nonExistentId_returns404 status=SUCCESS method=PostNegativeTests.getPost_nonExistentId_returns404()[pri:0, instance:com.vinoth.automation.tests.posts.PostNegativeTests@5f025000] output={null}]]]>
              </value>
            </param>
          </params>
          <reporter-output>
          </reporter-output>
        </test-method> <!-- tearDown -->
        <test-method is-config="true" signature="setUp(java.lang.reflect.Method)[pri:0, instance:com.vinoth.automation.tests.posts.PostNegativeTests@5f025000]" started-at="2026-03-15T01:12:31 IST" name="setUp" finished-at="2026-03-15T01:12:31 IST" duration-ms="3" status="PASS">
          <params>
            <param index="0">
              <value>
                <![CDATA[public void com.vinoth.automation.tests.posts.PostNegativeTests.getPost_withBoundaryId_returns4xx(int,java.lang.String)]]>
              </value>
            </param>
          </params>
          <reporter-output>
          </reporter-output>
        </test-method> <!-- setUp -->
        <test-method is-config="true" signature="initService()[pri:0, instance:com.vinoth.automation.tests.posts.PostNegativeTests@5f025000]" started-at="2026-03-15T01:12:31 IST" name="initService" finished-at="2026-03-15T01:12:31 IST" duration-ms="1" status="PASS">
          <reporter-output>
          </reporter-output>
        </test-method> <!-- initService -->
        <test-method signature="getPost_withBoundaryId_returns4xx(int,java.lang.String)[pri:0, instance:com.vinoth.automation.tests.posts.PostNegativeTests@5f025000]" started-at="2026-03-15T01:12:31 IST" name="getPost_withBoundaryId_returns4xx" description="Boundary post IDs return 4xx not 5xx" data-provider="boundaryPostIds" finished-at="2026-03-15T01:12:32 IST" duration-ms="1268" status="PASS">
          <params>
            <param index="0">
              <value>
                <![CDATA[0]]>
              </value>
            </param>
            <param index="1">
              <value>
                <![CDATA[zero id]]>
              </value>
            </param>
          </params>
          <reporter-output>
          </reporter-output>
        </test-method> <!-- getPost_withBoundaryId_returns4xx -->
        <test-method is-config="true" signature="tearDown(org.testng.ITestResult)[pri:0, instance:com.vinoth.automation.tests.posts.PostNegativeTests@5f025000]" started-at="2026-03-15T01:12:32 IST" name="tearDown" finished-at="2026-03-15T01:12:32 IST" duration-ms="1" status="PASS">
          <params>
            <param index="0">
              <value>
                <![CDATA[[TestResult name=getPost_withBoundaryId_returns4xx status=SUCCESS method=PostNegativeTests.getPost_withBoundaryId_returns4xx(int,java.lang.String)[pri:0, instance:com.vinoth.automation.tests.posts.PostNegativeTests@5f025000] output={null}]]]>
              </value>
            </param>
          </params>
          <reporter-output>
          </reporter-output>
        </test-method> <!-- tearDown -->
        <test-method is-config="true" signature="setUp(java.lang.reflect.Method)[pri:0, instance:com.vinoth.automation.tests.posts.PostNegativeTests@5f025000]" started-at="2026-03-15T01:12:32 IST" name="setUp" finished-at="2026-03-15T01:12:32 IST" duration-ms="1" status="PASS">
          <params>
            <param index="0">
              <value>
                <![CDATA[public void com.vinoth.automation.tests.posts.PostNegativeTests.getPost_withBoundaryId_returns4xx(int,java.lang.String)]]>
              </value>
            </param>
          </params>
          <reporter-output>
          </reporter-output>
        </test-method> <!-- setUp -->
        <test-method is-config="true" signature="initService()[pri:0, instance:com.vinoth.automation.tests.posts.PostNegativeTests@5f025000]" started-at="2026-03-15T01:12:32 IST" name="initService" finished-at="2026-03-15T01:12:32 IST" duration-ms="1" status="PASS">
          <reporter-output>
          </reporter-output>
        </test-method> <!-- initService -->
        <test-method signature="getPost_withBoundaryId_returns4xx(int,java.lang.String)[pri:0, instance:com.vinoth.automation.tests.posts.PostNegativeTests@5f025000]" started-at="2026-03-15T01:12:32 IST" name="getPost_withBoundaryId_returns4xx" description="Boundary post IDs return 4xx not 5xx" data-provider="boundaryPostIds" finished-at="2026-03-15T01:12:32 IST" duration-ms="441" status="PASS">
          <params>
            <param index="0">
              <value>
                <![CDATA[-1]]>
              </value>
            </param>
            <param index="1">
              <value>
                <![CDATA[negative id]]>
              </value>
            </param>
          </params>
          <reporter-output>
          </reporter-output>
        </test-method> <!-- getPost_withBoundaryId_returns4xx -->
        <test-method is-config="true" signature="tearDown(org.testng.ITestResult)[pri:0, instance:com.vinoth.automation.tests.posts.PostNegativeTests@5f025000]" started-at="2026-03-15T01:12:32 IST" name="tearDown" finished-at="2026-03-15T01:12:32 IST" duration-ms="3" status="PASS">
          <params>
            <param index="0">
              <value>
                <![CDATA[[TestResult name=getPost_withBoundaryId_returns4xx status=SUCCESS method=PostNegativeTests.getPost_withBoundaryId_returns4xx(int,java.lang.String)[pri:0, instance:com.vinoth.automation.tests.posts.PostNegativeTests@5f025000] output={null}]]]>
              </value>
            </param>
          </params>
          <reporter-output>
          </reporter-output>
        </test-method> <!-- tearDown -->
        <test-method is-config="true" signature="setUp(java.lang.reflect.Method)[pri:0, instance:com.vinoth.automation.tests.posts.PostNegativeTests@5f025000]" started-at="2026-03-15T01:12:33 IST" name="setUp" finished-at="2026-03-15T01:12:33 IST" duration-ms="2" status="PASS">
          <params>
            <param index="0">
              <value>
                <![CDATA[public void com.vinoth.automation.tests.posts.PostNegativeTests.getPost_withBoundaryId_returns4xx(int,java.lang.String)]]>
              </value>
            </param>
          </params>
          <reporter-output>
          </reporter-output>
        </test-method> <!-- setUp -->
        <test-method is-config="true" signature="initService()[pri:0, instance:com.vinoth.automation.tests.posts.PostNegativeTests@5f025000]" started-at="2026-03-15T01:12:33 IST" name="initService" finished-at="2026-03-15T01:12:33 IST" duration-ms="0" status="PASS">
          <reporter-output>
          </reporter-output>
        </test-method> <!-- initService -->
        <test-method signature="getPost_withBoundaryId_returns4xx(int,java.lang.String)[pri:0, instance:com.vinoth.automation.tests.posts.PostNegativeTests@5f025000]" started-at="2026-03-15T01:12:33 IST" name="getPost_withBoundaryId_returns4xx" description="Boundary post IDs return 4xx not 5xx" data-provider="boundaryPostIds" finished-at="2026-03-15T01:12:33 IST" duration-ms="422" status="PASS">
          <params>
            <param index="0">
              <value>
                <![CDATA[2147483647]]>
              </value>
            </param>
            <param index="1">
              <value>
                <![CDATA[max integer id]]>
              </value>
            </param>
          </params>
          <reporter-output>
          </reporter-output>
        </test-method> <!-- getPost_withBoundaryId_returns4xx -->
        <test-method is-config="true" signature="tearDown(org.testng.ITestResult)[pri:0, instance:com.vinoth.automation.tests.posts.PostNegativeTests@5f025000]" started-at="2026-03-15T01:12:33 IST" name="tearDown" finished-at="2026-03-15T01:12:33 IST" duration-ms="2" status="PASS">
          <params>
            <param index="0">
              <value>
                <![CDATA[[TestResult name=getPost_withBoundaryId_returns4xx status=SUCCESS method=PostNegativeTests.getPost_withBoundaryId_returns4xx(int,java.lang.String)[pri:0, instance:com.vinoth.automation.tests.posts.PostNegativeTests@5f025000] output={null}]]]>
              </value>
            </param>
          </params>
          <reporter-output>
          </reporter-output>
        </test-method> <!-- tearDown -->
        <test-method is-config="true" signature="setUp(java.lang.reflect.Method)[pri:0, instance:com.vinoth.automation.tests.posts.PostNegativeTests@5f025000]" started-at="2026-03-15T01:12:33 IST" name="setUp" finished-at="2026-03-15T01:12:33 IST" duration-ms="3" status="PASS">
          <params>
            <param index="0">
              <value>
                <![CDATA[public void com.vinoth.automation.tests.posts.PostNegativeTests.getPost_withBoundaryId_returns4xx(int,java.lang.String)]]>
              </value>
            </param>
          </params>
          <reporter-output>
          </reporter-output>
        </test-method> <!-- setUp -->
        <test-method is-config="true" signature="initService()[pri:0, instance:com.vinoth.automation.tests.posts.PostNegativeTests@5f025000]" started-at="2026-03-15T01:12:33 IST" name="initService" finished-at="2026-03-15T01:12:33 IST" duration-ms="0" status="PASS">
          <reporter-output>
          </reporter-output>
        </test-method> <!-- initService -->
        <test-method signature="getPost_withBoundaryId_returns4xx(int,java.lang.String)[pri:0, instance:com.vinoth.automation.tests.posts.PostNegativeTests@5f025000]" started-at="2026-03-15T01:12:33 IST" name="getPost_withBoundaryId_returns4xx" description="Boundary post IDs return 4xx not 5xx" data-provider="boundaryPostIds" finished-at="2026-03-15T01:12:33 IST" duration-ms="116" status="PASS">
          <params>
            <param index="0">
              <value>
                <![CDATA[99999]]>
              </value>
            </param>
            <param index="1">
              <value>
                <![CDATA[non-existent id]]>
              </value>
            </param>
          </params>
          <reporter-output>
          </reporter-output>
        </test-method> <!-- getPost_withBoundaryId_returns4xx -->
        <test-method is-config="true" signature="tearDown(org.testng.ITestResult)[pri:0, instance:com.vinoth.automation.tests.posts.PostNegativeTests@5f025000]" started-at="2026-03-15T01:12:33 IST" name="tearDown" finished-at="2026-03-15T01:12:33 IST" duration-ms="1" status="PASS">
          <params>
            <param index="0">
              <value>
                <![CDATA[[TestResult name=getPost_withBoundaryId_returns4xx status=SUCCESS method=PostNegativeTests.getPost_withBoundaryId_returns4xx(int,java.lang.String)[pri:0, instance:com.vinoth.automation.tests.posts.PostNegativeTests@5f025000] output={null}]]]>
              </value>
            </param>
          </params>
          <reporter-output>
          </reporter-output>
        </test-method> <!-- tearDown -->
        <test-method is-config="true" signature="setUp(java.lang.reflect.Method)[pri:0, instance:com.vinoth.automation.tests.posts.PostNegativeTests@5f025000]" started-at="2026-03-15T01:12:33 IST" name="setUp" finished-at="2026-03-15T01:12:33 IST" duration-ms="3" status="PASS">
          <params>
            <param index="0">
              <value>
                <![CDATA[public void com.vinoth.automation.tests.posts.PostNegativeTests.getPostsByUserId_invalidUser_returnsEmptyOrError()]]>
              </value>
            </param>
          </params>
          <reporter-output>
          </reporter-output>
        </test-method> <!-- setUp -->
        <test-method is-config="true" signature="initService()[pri:0, instance:com.vinoth.automation.tests.posts.PostNegativeTests@5f025000]" started-at="2026-03-15T01:12:33 IST" name="initService" finished-at="2026-03-15T01:12:33 IST" duration-ms="0" status="PASS">
          <reporter-output>
          </reporter-output>
        </test-method> <!-- initService -->
        <test-method signature="getPostsByUserId_invalidUser_returnsEmptyOrError()[pri:0, instance:com.vinoth.automation.tests.posts.PostNegativeTests@5f025000]" started-at="2026-03-15T01:12:33 IST" name="getPostsByUserId_invalidUser_returnsEmptyOrError" description="GET posts with invalid userId — API responds" finished-at="2026-03-15T01:12:34 IST" duration-ms="433" status="PASS">
          <reporter-output>
          </reporter-output>
        </test-method> <!-- getPostsByUserId_invalidUser_returnsEmptyOrError -->
        <test-method is-config="true" signature="tearDown(org.testng.ITestResult)[pri:0, instance:com.vinoth.automation.tests.posts.PostNegativeTests@5f025000]" started-at="2026-03-15T01:12:34 IST" name="tearDown" finished-at="2026-03-15T01:12:34 IST" duration-ms="1" status="PASS">
          <params>
            <param index="0">
              <value>
                <![CDATA[[TestResult name=getPostsByUserId_invalidUser_returnsEmptyOrError status=SUCCESS method=PostNegativeTests.getPostsByUserId_invalidUser_returnsEmptyOrError()[pri:0, instance:com.vinoth.automation.tests.posts.PostNegativeTests@5f025000] output={null}]]]>
              </value>
            </param>
          </params>
          <reporter-output>
          </reporter-output>
        </test-method> <!-- tearDown -->
      </class> <!-- com.vinoth.automation.tests.posts.PostNegativeTests -->
    </test> <!-- Post API Tests -->
  </suite> <!-- Regression Suite -->
</testng-results>
