<?xml version="1.0" encoding="UTF-8"?>
<!-- Generated by org.testng.reporters.JUnitXMLReporter -->
<testsuite ignored="0" hostname="DESKTOP-N2F92QD" failures="0" tests="8" name="Post API Tests" time="2.446" errors="0" timestamp="2026-03-12T10:13:23 IST">
  <testcase classname="com.vinoth.api.tests.posts.PostCrudTests" name="createPost_withValidData_returns201" time="0.445"/>
  <testcase classname="com.vinoth.api.tests.posts.PostCrudTests" name="createPost_withValidData_returns201" time="0.446"/>
  <testcase classname="com.vinoth.api.tests.posts.PostCrudTests" name="createPost_withValidData_returns201" time="0.49"/>
  <testcase classname="com.vinoth.api.tests.posts.PostCrudTests" name="deletePost_returns200" time="0.313"/>
  <testcase classname="com.vinoth.api.tests.posts.PostCrudTests" name="getAllPosts_returns200" time="0.343"/>
  <testcase classname="com.vinoth.api.tests.posts.PostCrudTests" name="getPostById_returnsExpectedPost" time="0.205"/>
  <testcase classname="com.vinoth.api.tests.posts.PostCrudTests" name="getPostsByUserId_returnsOnlyUserPosts" time="0.158"/>
  <testcase classname="com.vinoth.api.tests.posts.PostCrudTests" name="updatePost_returns200WithUpdatedFields" time="0.789"/>
</testsuite> <!-- Post API Tests -->
