<?xml version="1.0" encoding="UTF-8"?>
<!-- Generated by org.testng.reporters.JUnitXMLReporter -->
<testsuite ignored="4" hostname="DESKTOP-N2F92QD" failures="0" tests="13" name="User API Tests" time="16.479" errors="0" timestamp="2026-03-12T10:13:20 IST">
  <testcase classname="com.vinoth.api.tests.users.DeleteUserTests" name="deleteUser_responseBodyIsEmpty" time="6.106"/>
  <testcase classname="com.vinoth.api.tests.users.DeleteUserTests" name="deleteUser_withValidId_returns200" time="0.347"/>
  <testcase classname="com.vinoth.api.tests.users.GetUserTests" name="createUser_withValidData_returns201" time="8.369"/>
  <testcase classname="com.vinoth.api.tests.users.CreateUserTests" name="createUser_withFullPayload_returns201AndAssignsId" time="8.39"/>
  <testcase classname="com.vinoth.api.tests.users.GetUserTests" name="createUser_withValidData_returns201" time="8.595"/>
  <testcase classname="com.vinoth.api.tests.users.GetUserTests" name="createUser_withValidData_returns201" time="8.659"/>
  <testcase classname="com.vinoth.api.tests.users.CreateUserTests" name="createUser_withMinimalPayload_returns201" time="0.43"/>
  <testcase classname="com.vinoth.api.tests.users.GetUserTests" name="getAllUsers_eachUserHasRequiredFields" time="0.836"/>
  <testcase classname="com.vinoth.api.tests.users.CreateUserTests" name="updateUser_withValidPayload_returns200" time="0.823"/>
  <testcase classname="com.vinoth.api.tests.users.GetUserTests" name="getAllUsers_returns200WithNonEmptyList" time="1.574"/>
  <testcase classname="com.vinoth.api.tests.users.GetUserTests" name="getUserById_deserialisesToPojo" time="1.507"/>
  <testcase classname="com.vinoth.api.tests.users.GetUserTests" name="getUserById_returnsExpectedUser" time="0.206"/>
  <testcase classname="com.vinoth.api.tests.users.GetUserTests" name="getUserById_withNonExistentId_returns404" time="0.102"/>
  <testcase classname="com.vinoth.api.base.BaseTest" name="@AfterSuite globalTearDown" time="0.0">
    <ignored/>
  </testcase> <!-- @AfterSuite globalTearDown -->
  <testcase classname="com.vinoth.api.base.BaseTest" name="@BeforeSuite globalSetup" time="0.0">
    <ignored/>
  </testcase> <!-- @BeforeSuite globalSetup -->
  <testcase classname="com.vinoth.api.base.BaseTest" name="@AfterSuite globalTearDown" time="0.0">
    <ignored/>
  </testcase> <!-- @AfterSuite globalTearDown -->
  <testcase classname="com.vinoth.api.base.BaseTest" name="@BeforeSuite globalSetup" time="0.0">
    <ignored/>
  </testcase> <!-- @BeforeSuite globalSetup -->
</testsuite> <!-- User API Tests -->
