<?xml version="1.0" encoding="UTF-8"?>
<!-- Generated by org.testng.reporters.JUnitReportReporter -->
<testsuite hostname="DESKTOP-N2F92QD" failures="0" tests="8" name="com.vinoth.api.tests.posts.PostCrudTests" time="3.297" errors="0" timestamp="2026-03-12T10:13:23 IST" skipped="0">
  <testcase classname="com.vinoth.api.tests.posts.PostCrudTests" name="createPost_withValidData_returns201" time="0.451"/>
  <testcase classname="com.vinoth.api.tests.posts.PostCrudTests" name="updatePost_returns200WithUpdatedFields" time="0.796"/>
  <testcase classname="com.vinoth.api.tests.posts.PostCrudTests" name="createPost_withValidData_returns201" time="0.517"/>
  <testcase classname="com.vinoth.api.tests.posts.PostCrudTests" name="deletePost_returns200" time="0.317"/>
  <testcase classname="com.vinoth.api.tests.posts.PostCrudTests" name="getAllPosts_returns200" time="0.348"/>
  <testcase classname="com.vinoth.api.tests.posts.PostCrudTests" name="createPost_withValidData_returns201" time="0.473"/>
  <testcase classname="com.vinoth.api.tests.posts.PostCrudTests" name="getPostById_returnsExpectedPost" time="0.210"/>
  <testcase classname="com.vinoth.api.tests.posts.PostCrudTests" name="getPostsByUserId_returnsOnlyUserPosts" time="0.185"/>
</testsuite> <!-- com.vinoth.api.tests.posts.PostCrudTests -->
