<?xml version="1.0" encoding="UTF-8"?>
<!-- Generated by org.testng.reporters.JUnitReportReporter -->
<testsuite hostname="DESKTOP-N2F92QD" failures="0" tests="2" name="com.vinoth.api.tests.users.DeleteUserTests" time="9.456" errors="0" timestamp="2026-03-12T10:13:23 IST" skipped="0">
  <testcase classname="com.vinoth.api.tests.users.DeleteUserTests" name="deleteUser_withValidId_returns200" time="0.356"/>
  <testcase classname="com.vinoth.api.tests.users.DeleteUserTests" name="deleteUser_responseBodyIsEmpty" time="9.100"/>
</testsuite> <!-- com.vinoth.api.tests.users.DeleteUserTests -->
