<?xml version="1.0" encoding="UTF-8"?>
<!-- Generated by org.testng.reporters.JUnitReportReporter -->
<testsuite hostname="DESKTOP-N2F92QD" failures="0" tests="3" name="com.vinoth.api.tests.users.CreateUserTests" time="12.647" errors="0" timestamp="2026-03-12T10:13:23 IST" skipped="0">
  <testcase classname="com.vinoth.api.tests.users.CreateUserTests" name="updateUser_withValidPayload_returns200" time="1.342"/>
  <testcase classname="com.vinoth.api.tests.users.CreateUserTests" name="createUser_withFullPayload_returns201AndAssignsId" time="8.396"/>
  <testcase classname="com.vinoth.api.tests.users.CreateUserTests" name="createUser_withMinimalPayload_returns201" time="2.909"/>
</testsuite> <!-- com.vinoth.api.tests.users.CreateUserTests -->
