<?xml version="1.0" encoding="UTF-8"?>
<!-- Generated by org.testng.reporters.JUnitReportReporter -->
<testsuite hostname="DESKTOP-N2F92QD" failures="0" tests="8" name="com.vinoth.api.tests.users.GetUserTests" time="34.911" errors="0" timestamp="2026-03-12T10:13:23 IST" skipped="0">
  <testcase classname="com.vinoth.api.tests.users.GetUserTests" name="getUserById_deserialisesToPojo" time="1.514"/>
  <testcase classname="com.vinoth.api.tests.users.GetUserTests" name="getAllUsers_eachUserHasRequiredFields" time="1.350"/>
  <testcase classname="com.vinoth.api.tests.users.GetUserTests" name="getAllUsers_returns200WithNonEmptyList" time="3.244"/>
  <testcase classname="com.vinoth.api.tests.users.GetUserTests" name="createUser_withValidData_returns201" time="8.621"/>
  <testcase classname="com.vinoth.api.tests.users.GetUserTests" name="createUser_withValidData_returns201" time="10.332"/>
  <testcase classname="com.vinoth.api.tests.users.GetUserTests" name="createUser_withValidData_returns201" time="8.373"/>
  <testcase classname="com.vinoth.api.tests.users.GetUserTests" name="getUserById_withNonExistentId_returns404" time="0.105"/>
  <testcase classname="com.vinoth.api.tests.users.GetUserTests" name="getUserById_returnsExpectedUser" time="1.372"/>
</testsuite> <!-- com.vinoth.api.tests.users.GetUserTests -->
